This file contains any messages produced by compilers while
running configure, to aid debugging if configure makes a mistake.

It was created by Nodebase Core configure 2.0.2, which was
generated by GNU Autoconf 2.69.  Invocation command line was

  $ ./configure 

## --------- ##
## Platform. ##
## --------- ##

hostname = alphalab-MacBookPro
uname -m = x86_64
uname -r = 4.4.0-21-generic
uname -s = Linux
uname -v = #37-Ubuntu SMP Mon Apr 18 18:33:37 UTC 2016

/usr/bin/uname -p = unknown
/bin/uname -X     = unknown

/bin/arch              = unknown
/usr/bin/arch -k       = unknown
/usr/convex/getsysinfo = unknown
/usr/bin/hostinfo      = unknown
/bin/machine           = unknown
/usr/bin/oslevel       = unknown
/bin/universe          = unknown

PATH: /opt/pentaho/server/hadoop/bin
PATH: /opt/pentaho/server/hadoop/sbin
PATH: /opt/pentaho/server/hadoop/bin
PATH: /opt/pentaho/server/hadoop/sbin
PATH: /opt/ndk/android-ndk-r14b
PATH: /opt/android
PATH: /usr/lib/jvm/java-8-openjdk-amd64
PATH: /usr/lib/jvm/java-8-openjdk-amd64/bin
PATH: /usr/local/sbin
PATH: /usr/local/bin
PATH: /usr/sbin
PATH: /usr/bin
PATH: /sbin
PATH: /bin
PATH: /usr/games
PATH: /usr/local/games
PATH: /snap/bin
PATH: /usr/lib/jvm/java-7-oracle/bin
PATH: /usr/lib/jvm/java-7-oracle/db/bin
PATH: /usr/lib/jvm/java-7-oracle/jre/bin


## ----------- ##
## Core tests. ##
## ----------- ##

configure:2998: checking build system type
configure:3012: result: x86_64-pc-linux-gnu
configure:3032: checking host system type
configure:3045: result: x86_64-pc-linux-gnu
configure:3088: checking for a BSD-compatible install
configure:3156: result: /usr/bin/install -c
configure:3167: checking whether build environment is sane
configure:3222: result: yes
configure:3373: checking for a thread-safe mkdir -p
configure:3412: result: /bin/mkdir -p
configure:3419: checking for gawk
configure:3435: found /usr/bin/gawk
configure:3446: result: gawk
configure:3457: checking whether make sets $(MAKE)
configure:3479: result: yes
configure:3508: checking whether make supports nested variables
configure:3525: result: yes
configure:3644: checking whether to enable maintainer-specific portions of Makefiles
configure:3653: result: yes
configure:3678: checking whether make supports nested variables
configure:3695: result: yes
configure:3770: checking for g++
configure:3786: found /usr/bin/g++
configure:3797: result: g++
configure:3824: checking for C++ compiler version
configure:3833: g++ --version >&5
g++ (Ubuntu 5.4.0-6ubuntu1~16.04.4) 5.4.0 20160609
Copyright (C) 2015 Free Software Foundation, Inc.
This is free software; see the source for copying conditions.  There is NO
warranty; not even for MERCHANTABILITY or FITNESS FOR A PARTICULAR PURPOSE.

configure:3844: $? = 0
configure:3833: g++ -v >&5
Using built-in specs.
COLLECT_GCC=g++
COLLECT_LTO_WRAPPER=/usr/lib/gcc/x86_64-linux-gnu/5/lto-wrapper
Target: x86_64-linux-gnu
Configured with: ../src/configure -v --with-pkgversion='Ubuntu 5.4.0-6ubuntu1~16.04.4' --with-bugurl=file:///usr/share/doc/gcc-5/README.Bugs --enable-languages=c,ada,c++,java,go,d,fortran,objc,obj-c++ --prefix=/usr --program-suffix=-5 --enable-shared --enable-linker-build-id --libexecdir=/usr/lib --without-included-gettext --enable-threads=posix --libdir=/usr/lib --enable-nls --with-sysroot=/ --enable-clocale=gnu --enable-libstdcxx-debug --enable-libstdcxx-time=yes --with-default-libstdcxx-abi=new --enable-gnu-unique-object --disable-vtable-verify --enable-libmpx --enable-plugin --with-system-zlib --disable-browser-plugin --enable-java-awt=gtk --enable-gtk-cairo --with-java-home=/usr/lib/jvm/java-1.5.0-gcj-5-amd64/jre --enable-java-home --with-jvm-root-dir=/usr/lib/jvm/java-1.5.0-gcj-5-amd64 --with-jvm-jar-dir=/usr/lib/jvm-exports/java-1.5.0-gcj-5-amd64 --with-arch-directory=amd64 --with-ecj-jar=/usr/share/java/eclipse-ecj.jar --enable-objc-gc --enable-multiarch --disable-werror --with-arch-32=i686 --with-abi=m64 --with-multilib-list=m32,m64,mx32 --enable-multilib --with-tune=generic --enable-checking=release --build=x86_64-linux-gnu --host=x86_64-linux-gnu --target=x86_64-linux-gnu
Thread model: posix
gcc version 5.4.0 20160609 (Ubuntu 5.4.0-6ubuntu1~16.04.4) 
configure:3844: $? = 0
configure:3833: g++ -V >&5
g++: error: unrecognized command line option '-V'
g++: fatal error: no input files
compilation terminated.
configure:3844: $? = 1
configure:3833: g++ -qversion >&5
g++: error: unrecognized command line option '-qversion'
g++: fatal error: no input files
compilation terminated.
configure:3844: $? = 1
configure:3864: checking whether the C++ compiler works
configure:3886: g++    conftest.cpp  >&5
configure:3890: $? = 0
configure:3938: result: yes
configure:3941: checking for C++ compiler default output file name
configure:3943: result: a.out
configure:3949: checking for suffix of executables
configure:3956: g++ -o conftest    conftest.cpp  >&5
configure:3960: $? = 0
configure:3982: result: 
configure:4004: checking whether we are cross compiling
configure:4012: g++ -o conftest    conftest.cpp  >&5
configure:4016: $? = 0
configure:4023: ./conftest
configure:4027: $? = 0
configure:4042: result: no
configure:4047: checking for suffix of object files
configure:4069: g++ -c   conftest.cpp >&5
configure:4073: $? = 0
configure:4094: result: o
configure:4098: checking whether we are using the GNU C++ compiler
configure:4117: g++ -c   conftest.cpp >&5
configure:4117: $? = 0
configure:4126: result: yes
configure:4135: checking whether g++ accepts -g
configure:4155: g++ -c -g  conftest.cpp >&5
configure:4155: $? = 0
configure:4196: result: yes
configure:4230: checking for style of include used by make
configure:4258: result: GNU
configure:4284: checking dependency style of g++
configure:4395: result: gcc3
configure:4432: checking whether g++ supports C++11 features with -std=c++11
configure:4728: g++ -std=c++11 -c -g -O2  conftest.cpp >&5
configure:4728: $? = 0
configure:4737: result: yes
configure:4781: checking whether std::atomic can be used without link library
configure:4799: g++ -std=c++11 -o conftest -g -O2   conftest.cpp  >&5
configure:4799: $? = 0
configure:4801: result: yes
configure:4966: checking for Objective C++ compiler version
configure:4975: g++ -std=c++11 --version >&5
g++ (Ubuntu 5.4.0-6ubuntu1~16.04.4) 5.4.0 20160609
Copyright (C) 2015 Free Software Foundation, Inc.
This is free software; see the source for copying conditions.  There is NO
warranty; not even for MERCHANTABILITY or FITNESS FOR A PARTICULAR PURPOSE.

configure:4986: $? = 0
configure:4975: g++ -std=c++11 -v >&5
Using built-in specs.
COLLECT_GCC=g++
COLLECT_LTO_WRAPPER=/usr/lib/gcc/x86_64-linux-gnu/5/lto-wrapper
Target: x86_64-linux-gnu
Configured with: ../src/configure -v --with-pkgversion='Ubuntu 5.4.0-6ubuntu1~16.04.4' --with-bugurl=file:///usr/share/doc/gcc-5/README.Bugs --enable-languages=c,ada,c++,java,go,d,fortran,objc,obj-c++ --prefix=/usr --program-suffix=-5 --enable-shared --enable-linker-build-id --libexecdir=/usr/lib --without-included-gettext --enable-threads=posix --libdir=/usr/lib --enable-nls --with-sysroot=/ --enable-clocale=gnu --enable-libstdcxx-debug --enable-libstdcxx-time=yes --with-default-libstdcxx-abi=new --enable-gnu-unique-object --disable-vtable-verify --enable-libmpx --enable-plugin --with-system-zlib --disable-browser-plugin --enable-java-awt=gtk --enable-gtk-cairo --with-java-home=/usr/lib/jvm/java-1.5.0-gcj-5-amd64/jre --enable-java-home --with-jvm-root-dir=/usr/lib/jvm/java-1.5.0-gcj-5-amd64 --with-jvm-jar-dir=/usr/lib/jvm-exports/java-1.5.0-gcj-5-amd64 --with-arch-directory=amd64 --with-ecj-jar=/usr/share/java/eclipse-ecj.jar --enable-objc-gc --enable-multiarch --disable-werror --with-arch-32=i686 --with-abi=m64 --with-multilib-list=m32,m64,mx32 --enable-multilib --with-tune=generic --enable-checking=release --build=x86_64-linux-gnu --host=x86_64-linux-gnu --target=x86_64-linux-gnu
Thread model: posix
gcc version 5.4.0 20160609 (Ubuntu 5.4.0-6ubuntu1~16.04.4) 
configure:4986: $? = 0
configure:4975: g++ -std=c++11 -V >&5
g++: error: unrecognized command line option '-V'
g++: fatal error: no input files
compilation terminated.
configure:4986: $? = 1
configure:4975: g++ -std=c++11 -qversion >&5
g++: error: unrecognized command line option '-qversion'
g++: fatal error: no input files
compilation terminated.
configure:4986: $? = 1
configure:4990: checking whether we are using the GNU Objective C++ compiler
configure:5009: g++ -std=c++11 -c   conftest.mm >&5
g++: error trying to exec 'cc1objplus': execvp: No such file or directory
configure:5009: $? = 1
configure: failed program was:
| /* confdefs.h */
| #define PACKAGE_NAME "Nodebase Core"
| #define PACKAGE_TARNAME "nodebase"
| #define PACKAGE_VERSION "2.0.2"
| #define PACKAGE_STRING "Nodebase Core 2.0.2"
| #define PACKAGE_BUGREPORT "nodebase.tech"
| #define PACKAGE_URL ""
| #define HAVE_CXX11 1
| /* end confdefs.h.  */
| 
| int
| main ()
| {
| #ifndef __GNUC__
|        choke me
| #endif
| 
|   ;
|   return 0;
| }
configure:5018: result: no
configure:5027: checking whether g++ -std=c++11 accepts -g
configure:5047: g++ -std=c++11 -c -g  conftest.mm >&5
g++: error trying to exec 'cc1objplus': execvp: No such file or directory
configure:5047: $? = 1
configure: failed program was:
| /* confdefs.h */
| #define PACKAGE_NAME "Nodebase Core"
| #define PACKAGE_TARNAME "nodebase"
| #define PACKAGE_VERSION "2.0.2"
| #define PACKAGE_STRING "Nodebase Core 2.0.2"
| #define PACKAGE_BUGREPORT "nodebase.tech"
| #define PACKAGE_URL ""
| #define HAVE_CXX11 1
| /* end confdefs.h.  */
| 
| int
| main ()
| {
| 
|   ;
|   return 0;
| }
configure:5062: g++ -std=c++11 -c   conftest.mm >&5
g++: error trying to exec 'cc1objplus': execvp: No such file or directory
configure:5062: $? = 1
configure: failed program was:
| /* confdefs.h */
| #define PACKAGE_NAME "Nodebase Core"
| #define PACKAGE_TARNAME "nodebase"
| #define PACKAGE_VERSION "2.0.2"
| #define PACKAGE_STRING "Nodebase Core 2.0.2"
| #define PACKAGE_BUGREPORT "nodebase.tech"
| #define PACKAGE_URL ""
| #define HAVE_CXX11 1
| /* end confdefs.h.  */
| 
| int
| main ()
| {
| 
|   ;
|   return 0;
| }
configure:5078: g++ -std=c++11 -c -g  conftest.mm >&5
g++: error trying to exec 'cc1objplus': execvp: No such file or directory
configure:5078: $? = 1
configure: failed program was:
| /* confdefs.h */
| #define PACKAGE_NAME "Nodebase Core"
| #define PACKAGE_TARNAME "nodebase"
| #define PACKAGE_VERSION "2.0.2"
| #define PACKAGE_STRING "Nodebase Core 2.0.2"
| #define PACKAGE_BUGREPORT "nodebase.tech"
| #define PACKAGE_URL ""
| #define HAVE_CXX11 1
| /* end confdefs.h.  */
| 
| int
| main ()
| {
| 
|   ;
|   return 0;
| }
configure:5088: result: no
configure:5113: checking dependency style of g++ -std=c++11
configure:5222: result: gcc3
configure:5285: checking how to print strings
configure:5312: result: printf
configure:5381: checking for gcc
configure:5397: found /usr/bin/gcc
configure:5408: result: gcc
configure:5637: checking for C compiler version
configure:5646: gcc --version >&5
gcc (Ubuntu 5.4.0-6ubuntu1~16.04.4) 5.4.0 20160609
Copyright (C) 2015 Free Software Foundation, Inc.
This is free software; see the source for copying conditions.  There is NO
warranty; not even for MERCHANTABILITY or FITNESS FOR A PARTICULAR PURPOSE.

configure:5657: $? = 0
configure:5646: gcc -v >&5
Using built-in specs.
COLLECT_GCC=gcc
COLLECT_LTO_WRAPPER=/usr/lib/gcc/x86_64-linux-gnu/5/lto-wrapper
Target: x86_64-linux-gnu
Configured with: ../src/configure -v --with-pkgversion='Ubuntu 5.4.0-6ubuntu1~16.04.4' --with-bugurl=file:///usr/share/doc/gcc-5/README.Bugs --enable-languages=c,ada,c++,java,go,d,fortran,objc,obj-c++ --prefix=/usr --program-suffix=-5 --enable-shared --enable-linker-build-id --libexecdir=/usr/lib --without-included-gettext --enable-threads=posix --libdir=/usr/lib --enable-nls --with-sysroot=/ --enable-clocale=gnu --enable-libstdcxx-debug --enable-libstdcxx-time=yes --with-default-libstdcxx-abi=new --enable-gnu-unique-object --disable-vtable-verify --enable-libmpx --enable-plugin --with-system-zlib --disable-browser-plugin --enable-java-awt=gtk --enable-gtk-cairo --with-java-home=/usr/lib/jvm/java-1.5.0-gcj-5-amd64/jre --enable-java-home --with-jvm-root-dir=/usr/lib/jvm/java-1.5.0-gcj-5-amd64 --with-jvm-jar-dir=/usr/lib/jvm-exports/java-1.5.0-gcj-5-amd64 --with-arch-directory=amd64 --with-ecj-jar=/usr/share/java/eclipse-ecj.jar --enable-objc-gc --enable-multiarch --disable-werror --with-arch-32=i686 --with-abi=m64 --with-multilib-list=m32,m64,mx32 --enable-multilib --with-tune=generic --enable-checking=release --build=x86_64-linux-gnu --host=x86_64-linux-gnu --target=x86_64-linux-gnu
Thread model: posix
gcc version 5.4.0 20160609 (Ubuntu 5.4.0-6ubuntu1~16.04.4) 
configure:5657: $? = 0
configure:5646: gcc -V >&5
gcc: error: unrecognized command line option '-V'
gcc: fatal error: no input files
compilation terminated.
configure:5657: $? = 1
configure:5646: gcc -qversion >&5
gcc: error: unrecognized command line option '-qversion'
gcc: fatal error: no input files
compilation terminated.
configure:5657: $? = 1
configure:5661: checking whether we are using the GNU C compiler
configure:5680: gcc -c   conftest.c >&5
configure:5680: $? = 0
configure:5689: result: yes
configure:5698: checking whether gcc accepts -g
configure:5718: gcc -c -g  conftest.c >&5
configure:5718: $? = 0
configure:5759: result: yes
configure:5776: checking for gcc option to accept ISO C89
configure:5839: gcc  -c -g -O2  conftest.c >&5
configure:5839: $? = 0
configure:5852: result: none needed
configure:5877: checking whether gcc understands -c and -o together
configure:5899: gcc -c conftest.c -o conftest2.o
configure:5902: $? = 0
configure:5899: gcc -c conftest.c -o conftest2.o
configure:5902: $? = 0
configure:5914: result: yes
configure:5933: checking dependency style of gcc
configure:6044: result: gcc3
configure:6059: checking for a sed that does not truncate output
configure:6123: result: /bin/sed
configure:6141: checking for grep that handles long lines and -e
configure:6199: result: /bin/grep
configure:6204: checking for egrep
configure:6266: result: /bin/grep -E
configure:6271: checking for fgrep
configure:6333: result: /bin/grep -F
configure:6368: checking for ld used by gcc
configure:6435: result: /usr/bin/ld
configure:6442: checking if the linker (/usr/bin/ld) is GNU ld
configure:6457: result: yes
configure:6469: checking for BSD- or MS-compatible name lister (nm)
configure:6523: result: /usr/bin/nm -B
configure:6653: checking the name lister (/usr/bin/nm -B) interface
configure:6660: gcc -c -g -O2  conftest.c >&5
configure:6663: /usr/bin/nm -B "conftest.o"
configure:6666: output
0000000000000000 B some_variable
configure:6673: result: BSD nm
configure:6676: checking whether ln -s works
configure:6680: result: yes
configure:6688: checking the maximum length of command line arguments
configure:6819: result: 1572864
configure:6867: checking how to convert x86_64-pc-linux-gnu file names to x86_64-pc-linux-gnu format
configure:6907: result: func_convert_file_noop
configure:6914: checking how to convert x86_64-pc-linux-gnu file names to toolchain format
configure:6934: result: func_convert_file_noop
configure:6941: checking for /usr/bin/ld option to reload object files
configure:6948: result: -r
configure:7022: checking for objdump
configure:7038: found /usr/bin/objdump
configure:7049: result: objdump
configure:7081: checking how to recognize dependent libraries
configure:7281: result: pass_all
configure:7366: checking for dlltool
configure:7396: result: no
configure:7426: checking how to associate runtime and link libraries
configure:7453: result: printf %s\n
configure:7514: checking for ar
configure:7530: found /usr/bin/ar
configure:7541: result: ar
configure:7578: checking for archiver @FILE support
configure:7595: gcc -c -g -O2  conftest.c >&5
configure:7595: $? = 0
configure:7598: ar cru libconftest.a @conftest.lst >&5
ar: `u' modifier ignored since `D' is the default (see `U')
configure:7601: $? = 0
configure:7606: ar cru libconftest.a @conftest.lst >&5
ar: `u' modifier ignored since `D' is the default (see `U')
ar: conftest.o: No such file or directory
configure:7609: $? = 1
configure:7621: result: @
configure:7679: checking for strip
configure:7695: found /usr/bin/strip
configure:7706: result: strip
configure:7778: checking for ranlib
configure:7794: found /usr/bin/ranlib
configure:7805: result: ranlib
configure:7907: checking command to parse /usr/bin/nm -B output from gcc object
configure:8060: gcc -c -g -O2  conftest.c >&5
configure:8063: $? = 0
configure:8067: /usr/bin/nm -B conftest.o \| sed -n -e 's/^.*[ ]\([ABCDGIRSTW][ABCDGIRSTW]*\)[ ][ ]*\([_A-Za-z][_A-Za-z0-9]*\)$/\1 \2 \2/p' | sed '/ __gnu_lto/d' \> conftest.nm
configure:8070: $? = 0
configure:8136: gcc -o conftest -g -O2   conftest.c conftstm.o >&5
configure:8139: $? = 0
configure:8177: result: ok
configure:8224: checking for sysroot
configure:8254: result: no
configure:8261: checking for a working dd
configure:8299: result: /bin/dd
configure:8303: checking how to truncate binary pipes
configure:8318: result: /bin/dd bs=4096 count=1
configure:8454: gcc -c -g -O2  conftest.c >&5
configure:8457: $? = 0
configure:8647: checking for mt
configure:8663: found /bin/mt
configure:8674: result: mt
configure:8697: checking if mt is a manifest tool
configure:8703: mt '-?'
configure:8711: result: no
configure:9388: checking how to run the C preprocessor
configure:9419: gcc -E  conftest.c
configure:9419: $? = 0
configure:9433: gcc -E  conftest.c
conftest.c:10:28: fatal error: ac_nonexistent.h: No such file or directory
compilation terminated.
configure:9433: $? = 1
configure: failed program was:
| /* confdefs.h */
| #define PACKAGE_NAME "Nodebase Core"
| #define PACKAGE_TARNAME "nodebase"
| #define PACKAGE_VERSION "2.0.2"
| #define PACKAGE_STRING "Nodebase Core 2.0.2"
| #define PACKAGE_BUGREPORT "nodebase.tech"
| #define PACKAGE_URL ""
| #define HAVE_CXX11 1
| /* end confdefs.h.  */
| #include <ac_nonexistent.h>
configure:9458: result: gcc -E
configure:9478: gcc -E  conftest.c
configure:9478: $? = 0
configure:9492: gcc -E  conftest.c
conftest.c:10:28: fatal error: ac_nonexistent.h: No such file or directory
compilation terminated.
configure:9492: $? = 1
configure: failed program was:
| /* confdefs.h */
| #define PACKAGE_NAME "Nodebase Core"
| #define PACKAGE_TARNAME "nodebase"
| #define PACKAGE_VERSION "2.0.2"
| #define PACKAGE_STRING "Nodebase Core 2.0.2"
| #define PACKAGE_BUGREPORT "nodebase.tech"
| #define PACKAGE_URL ""
| #define HAVE_CXX11 1
| /* end confdefs.h.  */
| #include <ac_nonexistent.h>
configure:9521: checking for ANSI C header files
configure:9541: gcc -c -g -O2  conftest.c >&5
configure:9541: $? = 0
configure:9614: gcc -o conftest -g -O2   conftest.c  >&5
configure:9614: $? = 0
configure:9614: ./conftest
configure:9614: $? = 0
configure:9625: result: yes
configure:9638: checking for sys/types.h
configure:9638: gcc -c -g -O2  conftest.c >&5
configure:9638: $? = 0
configure:9638: result: yes
configure:9638: checking for sys/stat.h
configure:9638: gcc -c -g -O2  conftest.c >&5
configure:9638: $? = 0
configure:9638: result: yes
configure:9638: checking for stdlib.h
configure:9638: gcc -c -g -O2  conftest.c >&5
configure:9638: $? = 0
configure:9638: result: yes
configure:9638: checking for string.h
configure:9638: gcc -c -g -O2  conftest.c >&5
configure:9638: $? = 0
configure:9638: result: yes
configure:9638: checking for memory.h
configure:9638: gcc -c -g -O2  conftest.c >&5
configure:9638: $? = 0
configure:9638: result: yes
configure:9638: checking for strings.h
configure:9638: gcc -c -g -O2  conftest.c >&5
configure:9638: $? = 0
configure:9638: result: yes
configure:9638: checking for inttypes.h
configure:9638: gcc -c -g -O2  conftest.c >&5
configure:9638: $? = 0
configure:9638: result: yes
configure:9638: checking for stdint.h
configure:9638: gcc -c -g -O2  conftest.c >&5
configure:9638: $? = 0
configure:9638: result: yes
configure:9638: checking for unistd.h
configure:9638: gcc -c -g -O2  conftest.c >&5
configure:9638: $? = 0
configure:9638: result: yes
configure:9652: checking for dlfcn.h
configure:9652: gcc -c -g -O2  conftest.c >&5
configure:9652: $? = 0
configure:9652: result: yes
configure:9917: checking for objdir
configure:9932: result: .libs
configure:10196: checking if gcc supports -fno-rtti -fno-exceptions
configure:10214: gcc -c -g -O2  -fno-rtti -fno-exceptions conftest.c >&5
cc1: warning: command line option '-fno-rtti' is valid for C++/ObjC++ but not for C
configure:10218: $? = 0
configure:10231: result: no
configure:10589: checking for gcc option to produce PIC
configure:10596: result: -fPIC -DPIC
configure:10604: checking if gcc PIC flag -fPIC -DPIC works
configure:10622: gcc -c -g -O2  -fPIC -DPIC -DPIC conftest.c >&5
configure:10626: $? = 0
configure:10639: result: yes
configure:10668: checking if gcc static flag -static works
configure:10696: result: yes
configure:10711: checking if gcc supports -c -o file.o
configure:10732: gcc -c -g -O2  -o out/conftest2.o conftest.c >&5
configure:10736: $? = 0
configure:10758: result: yes
configure:10766: checking if gcc supports -c -o file.o
configure:10813: result: yes
configure:10846: checking whether the gcc linker (/usr/bin/ld -m elf_x86_64) supports shared libraries
configure:12109: result: yes
configure:12146: checking whether -lc should be explicitly linked in
configure:12154: gcc -c -g -O2  conftest.c >&5
configure:12157: $? = 0
configure:12172: gcc -shared  -fPIC -DPIC conftest.o  -v -Wl,-soname -Wl,conftest -o conftest 2\>\&1 \| /bin/grep  -lc  \>/dev/null 2\>\&1
configure:12175: $? = 0
configure:12189: result: no
configure:12349: checking dynamic linker characteristics
configure:12930: gcc -o conftest -g -O2   -Wl,-rpath -Wl,/foo conftest.c  >&5
configure:12930: $? = 0
configure:13179: result: GNU/Linux ld.so
configure:13301: checking how to hardcode library paths into programs
configure:13326: result: immediate
configure:13874: checking whether stripping libraries is possible
configure:13879: result: yes
configure:13914: checking if libtool supports shared libraries
configure:13916: result: yes
configure:13919: checking whether to build shared libraries
configure:13944: result: yes
configure:13947: checking whether to build static libraries
configure:13951: result: yes
configure:13974: checking how to run the C++ preprocessor
configure:14001: g++ -std=c++11 -E  conftest.cpp
configure:14001: $? = 0
configure:14015: g++ -std=c++11 -E  conftest.cpp
conftest.cpp:22:28: fatal error: ac_nonexistent.h: No such file or directory
compilation terminated.
configure:14015: $? = 1
configure: failed program was:
| /* confdefs.h */
| #define PACKAGE_NAME "Nodebase Core"
| #define PACKAGE_TARNAME "nodebase"
| #define PACKAGE_VERSION "2.0.2"
| #define PACKAGE_STRING "Nodebase Core 2.0.2"
| #define PACKAGE_BUGREPORT "nodebase.tech"
| #define PACKAGE_URL ""
| #define HAVE_CXX11 1
| #define STDC_HEADERS 1
| #define HAVE_SYS_TYPES_H 1
| #define HAVE_SYS_STAT_H 1
| #define HAVE_STDLIB_H 1
| #define HAVE_STRING_H 1
| #define HAVE_MEMORY_H 1
| #define HAVE_STRINGS_H 1
| #define HAVE_INTTYPES_H 1
| #define HAVE_STDINT_H 1
| #define HAVE_UNISTD_H 1
| #define HAVE_DLFCN_H 1
| #define LT_OBJDIR ".libs/"
| /* end confdefs.h.  */
| #include <ac_nonexistent.h>
configure:14040: result: g++ -std=c++11 -E
configure:14060: g++ -std=c++11 -E  conftest.cpp
configure:14060: $? = 0
configure:14074: g++ -std=c++11 -E  conftest.cpp
conftest.cpp:22:28: fatal error: ac_nonexistent.h: No such file or directory
compilation terminated.
configure:14074: $? = 1
configure: failed program was:
| /* confdefs.h */
| #define PACKAGE_NAME "Nodebase Core"
| #define PACKAGE_TARNAME "nodebase"
| #define PACKAGE_VERSION "2.0.2"
| #define PACKAGE_STRING "Nodebase Core 2.0.2"
| #define PACKAGE_BUGREPORT "nodebase.tech"
| #define PACKAGE_URL ""
| #define HAVE_CXX11 1
| #define STDC_HEADERS 1
| #define HAVE_SYS_TYPES_H 1
| #define HAVE_SYS_STAT_H 1
| #define HAVE_STDLIB_H 1
| #define HAVE_STRING_H 1
| #define HAVE_MEMORY_H 1
| #define HAVE_STRINGS_H 1
| #define HAVE_INTTYPES_H 1
| #define HAVE_STDINT_H 1
| #define HAVE_UNISTD_H 1
| #define HAVE_DLFCN_H 1
| #define LT_OBJDIR ".libs/"
| /* end confdefs.h.  */
| #include <ac_nonexistent.h>
configure:14236: checking for ld used by g++ -std=c++11
configure:14303: result: /usr/bin/ld -m elf_x86_64
configure:14310: checking if the linker (/usr/bin/ld -m elf_x86_64) is GNU ld
configure:14325: result: yes
configure:14380: checking whether the g++ -std=c++11 linker (/usr/bin/ld -m elf_x86_64) supports shared libraries
configure:15453: result: yes
configure:15489: g++ -std=c++11 -c -g -O2  conftest.cpp >&5
configure:15492: $? = 0
configure:15973: checking for g++ -std=c++11 option to produce PIC
configure:15980: result: -fPIC -DPIC
configure:15988: checking if g++ -std=c++11 PIC flag -fPIC -DPIC works
configure:16006: g++ -std=c++11 -c -g -O2  -fPIC -DPIC -DPIC conftest.cpp >&5
configure:16010: $? = 0
configure:16023: result: yes
configure:16046: checking if g++ -std=c++11 static flag -static works
configure:16074: result: yes
configure:16086: checking if g++ -std=c++11 supports -c -o file.o
configure:16107: g++ -std=c++11 -c -g -O2  -o out/conftest2.o conftest.cpp >&5
configure:16111: $? = 0
configure:16133: result: yes
configure:16138: checking if g++ -std=c++11 supports -c -o file.o
configure:16185: result: yes
configure:16215: checking whether the g++ -std=c++11 linker (/usr/bin/ld -m elf_x86_64) supports shared libraries
configure:16258: result: yes
configure:16399: checking dynamic linker characteristics
configure:17156: result: GNU/Linux ld.so
configure:17221: checking how to hardcode library paths into programs
configure:17246: result: immediate
configure:17354: checking for ar
configure:17372: found /usr/bin/ar
configure:17384: result: /usr/bin/ar
configure:17452: checking for ranlib
configure:17470: found /usr/bin/ranlib
configure:17482: result: /usr/bin/ranlib
configure:17550: checking for strip
configure:17568: found /usr/bin/strip
configure:17580: result: /usr/bin/strip
configure:17648: checking for gcov
configure:17666: found /usr/bin/gcov
configure:17678: result: /usr/bin/gcov
configure:17702: checking for lcov
configure:17735: result: no
configure:17744: checking for python3.6
configure:17777: result: no
configure:17744: checking for python3.5
configure:17762: found /usr/bin/python3.5
configure:17774: result: /usr/bin/python3.5
configure:17787: checking for genhtml
configure:17820: result: no
configure:17827: checking for git
configure:17845: found /usr/bin/git
configure:17857: result: /usr/bin/git
configure:17867: checking for ccache
configure:17900: result: no
configure:17907: checking for xgettext
configure:17925: found /usr/bin/xgettext
configure:17937: result: /usr/bin/xgettext
configure:17947: checking for hexdump
configure:17965: found /usr/bin/hexdump
configure:17977: result: /usr/bin/hexdump
configure:18031: checking for readelf
configure:18049: found /usr/bin/readelf
configure:18061: result: /usr/bin/readelf
configure:18129: checking for c++filt
configure:18147: found /usr/bin/c++filt
configure:18159: result: /usr/bin/c++filt
configure:18227: checking for objcopy
configure:18245: found /usr/bin/objcopy
configure:18257: result: /usr/bin/objcopy
configure:18439: checking whether C++ compiler accepts -Werror
configure:18458: g++ -std=c++11 -c -g -O2  -Werror  conftest.cpp >&5
configure:18458: $? = 0
configure:18466: result: yes
configure:18569: checking whether C++ compiler accepts -Wall
configure:18588: g++ -std=c++11 -c -g -O2 -Werror -Wall  conftest.cpp >&5
configure:18588: $? = 0
configure:18597: result: yes
configure:18606: checking whether C++ compiler accepts -Wextra
configure:18625: g++ -std=c++11 -c -g -O2 -Wall -Werror -Wextra  conftest.cpp >&5
configure:18625: $? = 0
configure:18634: result: yes
configure:18643: checking whether C++ compiler accepts -Wformat
configure:18662: g++ -std=c++11 -c -g -O2 -Wall -Wextra -Werror -Wformat  conftest.cpp >&5
configure:18662: $? = 0
configure:18671: result: yes
configure:18680: checking whether C++ compiler accepts -Wvla
configure:18699: g++ -std=c++11 -c -g -O2 -Wall -Wextra -Wformat -Werror -Wvla  conftest.cpp >&5
configure:18699: $? = 0
configure:18708: result: yes
configure:18717: checking whether C++ compiler accepts -Wformat-security
configure:18736: g++ -std=c++11 -c -g -O2 -Wall -Wextra -Wformat -Wvla -Werror -Wformat-security  conftest.cpp >&5
configure:18736: $? = 0
configure:18745: result: yes
configure:18754: checking whether C++ compiler accepts -Wthread-safety-analysis
configure:18773: g++ -std=c++11 -c -g -O2 -Wall -Wextra -Wformat -Wvla -Wformat-security -Werror -Wthread-safety-analysis  conftest.cpp >&5
g++: error: unrecognized command line option '-Wthread-safety-analysis'
configure:18773: $? = 1
configure: failed program was:
| /* confdefs.h */
| #define PACKAGE_NAME "Nodebase Core"
| #define PACKAGE_TARNAME "nodebase"
| #define PACKAGE_VERSION "2.0.2"
| #define PACKAGE_STRING "Nodebase Core 2.0.2"
| #define PACKAGE_BUGREPORT "nodebase.tech"
| #define PACKAGE_URL ""
| #define HAVE_CXX11 1
| #define STDC_HEADERS 1
| #define HAVE_SYS_TYPES_H 1
| #define HAVE_SYS_STAT_H 1
| #define HAVE_STDLIB_H 1
| #define HAVE_STRING_H 1
| #define HAVE_MEMORY_H 1
| #define HAVE_STRINGS_H 1
| #define HAVE_INTTYPES_H 1
| #define HAVE_STDINT_H 1
| #define HAVE_UNISTD_H 1
| #define HAVE_DLFCN_H 1
| #define LT_OBJDIR ".libs/"
| /* end confdefs.h.  */
| 
| int
| main ()
| {
| 
|   ;
|   return 0;
| }
configure:18782: result: no
configure:18795: checking whether C++ compiler accepts -Wunused-parameter
configure:18814: g++ -std=c++11 -c -g -O2 -Wall -Wextra -Wformat -Wvla -Wformat-security -Werror -Wunused-parameter  conftest.cpp >&5
configure:18814: $? = 0
configure:18823: result: yes
configure:18832: checking whether C++ compiler accepts -Wself-assign
configure:18851: g++ -std=c++11 -c -g -O2 -Wall -Wextra -Wformat -Wvla -Wformat-security -Wno-unused-parameter -Werror -Wself-assign  conftest.cpp >&5
g++: error: unrecognized command line option '-Wself-assign'
configure:18851: $? = 1
configure: failed program was:
| /* confdefs.h */
| #define PACKAGE_NAME "Nodebase Core"
| #define PACKAGE_TARNAME "nodebase"
| #define PACKAGE_VERSION "2.0.2"
| #define PACKAGE_STRING "Nodebase Core 2.0.2"
| #define PACKAGE_BUGREPORT "nodebase.tech"
| #define PACKAGE_URL ""
| #define HAVE_CXX11 1
| #define STDC_HEADERS 1
| #define HAVE_SYS_TYPES_H 1
| #define HAVE_SYS_STAT_H 1
| #define HAVE_STDLIB_H 1
| #define HAVE_STRING_H 1
| #define HAVE_MEMORY_H 1
| #define HAVE_STRINGS_H 1
| #define HAVE_INTTYPES_H 1
| #define HAVE_STDINT_H 1
| #define HAVE_UNISTD_H 1
| #define HAVE_DLFCN_H 1
| #define LT_OBJDIR ".libs/"
| /* end confdefs.h.  */
| 
| int
| main ()
| {
| 
|   ;
|   return 0;
| }
configure:18860: result: no
configure:18869: checking whether C++ compiler accepts -Wunused-local-typedef
configure:18888: g++ -std=c++11 -c -g -O2 -Wall -Wextra -Wformat -Wvla -Wformat-security -Wno-unused-parameter -Werror -Wunused-local-typedef  conftest.cpp >&5
g++: error: unrecognized command line option '-Wunused-local-typedef'
configure:18888: $? = 1
configure: failed program was:
| /* confdefs.h */
| #define PACKAGE_NAME "Nodebase Core"
| #define PACKAGE_TARNAME "nodebase"
| #define PACKAGE_VERSION "2.0.2"
| #define PACKAGE_STRING "Nodebase Core 2.0.2"
| #define PACKAGE_BUGREPORT "nodebase.tech"
| #define PACKAGE_URL ""
| #define HAVE_CXX11 1
| #define STDC_HEADERS 1
| #define HAVE_SYS_TYPES_H 1
| #define HAVE_SYS_STAT_H 1
| #define HAVE_STDLIB_H 1
| #define HAVE_STRING_H 1
| #define HAVE_MEMORY_H 1
| #define HAVE_STRINGS_H 1
| #define HAVE_INTTYPES_H 1
| #define HAVE_STDINT_H 1
| #define HAVE_UNISTD_H 1
| #define HAVE_DLFCN_H 1
| #define LT_OBJDIR ".libs/"
| /* end confdefs.h.  */
| 
| int
| main ()
| {
| 
|   ;
|   return 0;
| }
configure:18897: result: no
configure:18906: checking whether C++ compiler accepts -Wdeprecated-register
configure:18925: g++ -std=c++11 -c -g -O2 -Wall -Wextra -Wformat -Wvla -Wformat-security -Wno-unused-parameter -Werror -Wdeprecated-register  conftest.cpp >&5
g++: error: unrecognized command line option '-Wdeprecated-register'
configure:18925: $? = 1
configure: failed program was:
| /* confdefs.h */
| #define PACKAGE_NAME "Nodebase Core"
| #define PACKAGE_TARNAME "nodebase"
| #define PACKAGE_VERSION "2.0.2"
| #define PACKAGE_STRING "Nodebase Core 2.0.2"
| #define PACKAGE_BUGREPORT "nodebase.tech"
| #define PACKAGE_URL ""
| #define HAVE_CXX11 1
| #define STDC_HEADERS 1
| #define HAVE_SYS_TYPES_H 1
| #define HAVE_SYS_STAT_H 1
| #define HAVE_STDLIB_H 1
| #define HAVE_STRING_H 1
| #define HAVE_MEMORY_H 1
| #define HAVE_STRINGS_H 1
| #define HAVE_INTTYPES_H 1
| #define HAVE_STDINT_H 1
| #define HAVE_UNISTD_H 1
| #define HAVE_DLFCN_H 1
| #define LT_OBJDIR ".libs/"
| /* end confdefs.h.  */
| 
| int
| main ()
| {
| 
|   ;
|   return 0;
| }
configure:18934: result: no
configure:18943: checking whether C++ compiler accepts -Wimplicit-fallthrough
configure:18962: g++ -std=c++11 -c -g -O2 -Wall -Wextra -Wformat -Wvla -Wformat-security -Wno-unused-parameter -Werror -Wimplicit-fallthrough  conftest.cpp >&5
g++: error: unrecognized command line option '-Wimplicit-fallthrough'
configure:18962: $? = 1
configure: failed program was:
| /* confdefs.h */
| #define PACKAGE_NAME "Nodebase Core"
| #define PACKAGE_TARNAME "nodebase"
| #define PACKAGE_VERSION "2.0.2"
| #define PACKAGE_STRING "Nodebase Core 2.0.2"
| #define PACKAGE_BUGREPORT "nodebase.tech"
| #define PACKAGE_URL ""
| #define HAVE_CXX11 1
| #define STDC_HEADERS 1
| #define HAVE_SYS_TYPES_H 1
| #define HAVE_SYS_STAT_H 1
| #define HAVE_STDLIB_H 1
| #define HAVE_STRING_H 1
| #define HAVE_MEMORY_H 1
| #define HAVE_STRINGS_H 1
| #define HAVE_INTTYPES_H 1
| #define HAVE_STDINT_H 1
| #define HAVE_UNISTD_H 1
| #define HAVE_DLFCN_H 1
| #define LT_OBJDIR ".libs/"
| /* end confdefs.h.  */
| 
| int
| main ()
| {
| 
|   ;
|   return 0;
| }
configure:18971: result: no
configure:20649: checking for pkg-config
configure:20667: found /usr/bin/pkg-config
configure:20679: result: /usr/bin/pkg-config
configure:20704: checking pkg-config is at least version 0.9.0
configure:20707: result: yes
configure:20828: checking whether byte ordering is bigendian
configure:20843: g++ -std=c++11 -c -g -O2 -Wall -Wextra -Wformat -Wvla -Wformat-security -Wno-unused-parameter  -DHAVE_BUILD_INFO -D__STDC_FORMAT_MACROS conftest.cpp >&5
conftest.cpp:23:9: error: expected unqualified-id before 'not' token
         not a universal capable compiler
         ^
configure:20843: $? = 1
configure: failed program was:
| /* confdefs.h */
| #define PACKAGE_NAME "Nodebase Core"
| #define PACKAGE_TARNAME "nodebase"
| #define PACKAGE_VERSION "2.0.2"
| #define PACKAGE_STRING "Nodebase Core 2.0.2"
| #define PACKAGE_BUGREPORT "nodebase.tech"
| #define PACKAGE_URL ""
| #define HAVE_CXX11 1
| #define STDC_HEADERS 1
| #define HAVE_SYS_TYPES_H 1
| #define HAVE_SYS_STAT_H 1
| #define HAVE_STDLIB_H 1
| #define HAVE_STRING_H 1
| #define HAVE_MEMORY_H 1
| #define HAVE_STRINGS_H 1
| #define HAVE_INTTYPES_H 1
| #define HAVE_STDINT_H 1
| #define HAVE_UNISTD_H 1
| #define HAVE_DLFCN_H 1
| #define LT_OBJDIR ".libs/"
| /* end confdefs.h.  */
| #ifndef __APPLE_CC__
| 	       not a universal capable compiler
| 	     #endif
| 	     typedef int dummy;
| 
configure:20888: g++ -std=c++11 -c -g -O2 -Wall -Wextra -Wformat -Wvla -Wformat-security -Wno-unused-parameter  -DHAVE_BUILD_INFO -D__STDC_FORMAT_MACROS conftest.cpp >&5
configure:20888: $? = 0
configure:20906: g++ -std=c++11 -c -g -O2 -Wall -Wextra -Wformat -Wvla -Wformat-security -Wno-unused-parameter  -DHAVE_BUILD_INFO -D__STDC_FORMAT_MACROS conftest.cpp >&5
conftest.cpp: In function 'int main()':
conftest.cpp:29:8: error: 'big' was not declared in this scope
    not big endian
        ^
configure:20906: $? = 1
configure: failed program was:
| /* confdefs.h */
| #define PACKAGE_NAME "Nodebase Core"
| #define PACKAGE_TARNAME "nodebase"
| #define PACKAGE_VERSION "2.0.2"
| #define PACKAGE_STRING "Nodebase Core 2.0.2"
| #define PACKAGE_BUGREPORT "nodebase.tech"
| #define PACKAGE_URL ""
| #define HAVE_CXX11 1
| #define STDC_HEADERS 1
| #define HAVE_SYS_TYPES_H 1
| #define HAVE_SYS_STAT_H 1
| #define HAVE_STDLIB_H 1
| #define HAVE_STRING_H 1
| #define HAVE_MEMORY_H 1
| #define HAVE_STRINGS_H 1
| #define HAVE_INTTYPES_H 1
| #define HAVE_STDINT_H 1
| #define HAVE_UNISTD_H 1
| #define HAVE_DLFCN_H 1
| #define LT_OBJDIR ".libs/"
| /* end confdefs.h.  */
| #include <sys/types.h>
| 		#include <sys/param.h>
| 
| int
| main ()
| {
| #if BYTE_ORDER != BIG_ENDIAN
| 		 not big endian
| 		#endif
| 
|   ;
|   return 0;
| }
configure:21034: result: no
configure:21235: checking whether gcc is Clang
configure:21260: result: no
configure:21383: checking whether pthreads work with -pthread
configure:21477: gcc -o conftest -g -O2 -pthread  -DHAVE_BUILD_INFO -D__STDC_FORMAT_MACROS  conftest.c   >&5
configure:21477: $? = 0
configure:21486: result: yes
configure:21505: checking for joinable pthread attribute
configure:21523: gcc -o conftest -g -O2 -pthread  -DHAVE_BUILD_INFO -D__STDC_FORMAT_MACROS  conftest.c   >&5
configure:21523: $? = 0
configure:21531: result: PTHREAD_CREATE_JOINABLE
configure:21545: checking whether more special flags are required for pthreads
configure:21558: result: no
configure:21566: checking for PTHREAD_PRIO_INHERIT
configure:21582: gcc -o conftest -g -O2 -pthread  -DHAVE_BUILD_INFO -D__STDC_FORMAT_MACROS  conftest.c   >&5
configure:21582: $? = 0
configure:21591: result: yes
configure:21704: checking for special C compiler options needed for large files
configure:21749: result: no
configure:21755: checking for _FILE_OFFSET_BITS value needed for large files
configure:21780: g++ -std=c++11 -c -g -O2 -Wall -Wextra -Wformat -Wvla -Wformat-security -Wno-unused-parameter  -DHAVE_BUILD_INFO -D__STDC_FORMAT_MACROS conftest.cpp >&5
configure:21780: $? = 0
configure:21812: result: no
configure:21898: checking whether strerror_r is declared
configure:21898: g++ -std=c++11 -c -g -O2 -Wall -Wextra -Wformat -Wvla -Wformat-security -Wno-unused-parameter  -DHAVE_BUILD_INFO -D__STDC_FORMAT_MACROS conftest.cpp >&5
configure:21898: $? = 0
configure:21898: result: yes
configure:21911: checking for strerror_r
configure:21911: g++ -std=c++11 -o conftest -g -O2 -Wall -Wextra -Wformat -Wvla -Wformat-security -Wno-unused-parameter  -DHAVE_BUILD_INFO -D__STDC_FORMAT_MACROS  conftest.cpp  >&5
configure:21911: $? = 0
configure:21911: result: yes
configure:21920: checking whether strerror_r returns char *
configure:21944: g++ -std=c++11 -c -g -O2 -Wall -Wextra -Wformat -Wvla -Wformat-security -Wno-unused-parameter  -DHAVE_BUILD_INFO -D__STDC_FORMAT_MACROS conftest.cpp >&5
configure:21944: $? = 0
configure:21982: result: yes
configure:22003: checking whether the linker accepts -Wl,--large-address-aware
configure:22022: g++ -std=c++11 -o conftest -g -O2 -Wall -Wextra -Wformat -Wvla -Wformat-security -Wno-unused-parameter  -DHAVE_BUILD_INFO -D__STDC_FORMAT_MACROS   -Wl,--large-address-aware conftest.cpp  >&5
/usr/bin/ld: unrecognized option '--large-address-aware'
/usr/bin/ld: use the --help option for usage information
collect2: error: ld returned 1 exit status
configure:22022: $? = 1
configure: failed program was:
| /* confdefs.h */
| #define PACKAGE_NAME "Nodebase Core"
| #define PACKAGE_TARNAME "nodebase"
| #define PACKAGE_VERSION "2.0.2"
| #define PACKAGE_STRING "Nodebase Core 2.0.2"
| #define PACKAGE_BUGREPORT "nodebase.tech"
| #define PACKAGE_URL ""
| #define HAVE_CXX11 1
| #define STDC_HEADERS 1
| #define HAVE_SYS_TYPES_H 1
| #define HAVE_SYS_STAT_H 1
| #define HAVE_STDLIB_H 1
| #define HAVE_STRING_H 1
| #define HAVE_MEMORY_H 1
| #define HAVE_STRINGS_H 1
| #define HAVE_INTTYPES_H 1
| #define HAVE_STDINT_H 1
| #define HAVE_UNISTD_H 1
| #define HAVE_DLFCN_H 1
| #define LT_OBJDIR ".libs/"
| #define HAVE_PTHREAD_PRIO_INHERIT 1
| #define HAVE_PTHREAD 1
| #define HAVE_DECL_STRERROR_R 1
| #define HAVE_STRERROR_R 1
| #define STRERROR_R_CHAR_P 1
| /* end confdefs.h.  */
| 
| int
| main ()
| {
| 
|   ;
|   return 0;
| }
configure:22031: result: no
configure:22043: checking for __attribute__((visibility))
configure:22067: g++ -std=c++11 -o conftest -g -O2 -Wall -Wextra -Wformat -Wvla -Wformat-security -Wno-unused-parameter  -DHAVE_BUILD_INFO -D__STDC_FORMAT_MACROS  conftest.cpp  >&5
configure:22067: $? = 0
configure:22080: result: yes
configure:22096: checking for __attribute__((dllexport))
configure:22117: g++ -std=c++11 -o conftest -g -O2 -Wall -Wextra -Wformat -Wvla -Wformat-security -Wno-unused-parameter  -DHAVE_BUILD_INFO -D__STDC_FORMAT_MACROS  conftest.cpp  >&5
conftest.cpp:30:62: warning: 'dllexport' attribute directive ignored [-Wattributes]
                     __attribute__((dllexport)) int foo( void ) { return 0; }
                                                              ^
configure:22117: $? = 0
configure:22130: result: no
configure:22146: checking for __attribute__((dllimport))
configure:22167: g++ -std=c++11 -o conftest -g -O2 -Wall -Wextra -Wformat -Wvla -Wformat-security -Wno-unused-parameter  -DHAVE_BUILD_INFO -D__STDC_FORMAT_MACROS  conftest.cpp  >&5
conftest.cpp:30:62: warning: 'dllimport' attribute directive ignored [-Wattributes]
                     int foo( void ) __attribute__((dllimport));
                                                              ^
configure:22167: $? = 0
configure:22180: result: no
configure:22280: checking for library containing clock_gettime
configure:22311: g++ -std=c++11 -o conftest -g -O2 -Wall -Wextra -Wformat -Wvla -Wformat-security -Wno-unused-parameter  -DHAVE_BUILD_INFO -D__STDC_FORMAT_MACROS  conftest.cpp  >&5
configure:22311: $? = 0
configure:22328: result: none required
configure:22340: checking whether C++ compiler accepts -fPIC
configure:22359: g++ -std=c++11 -c -g -O2 -Wall -Wextra -Wformat -Wvla -Wformat-security -Wno-unused-parameter  -fPIC  -DHAVE_BUILD_INFO -D__STDC_FORMAT_MACROS conftest.cpp >&5
configure:22359: $? = 0
configure:22367: result: yes
configure:22378: checking whether C++ compiler accepts -Wstack-protector
configure:22397: g++ -std=c++11 -c -g -O2 -Wall -Wextra -Wformat -Wvla -Wformat-security -Wno-unused-parameter  -Wstack-protector  -DHAVE_BUILD_INFO -D__STDC_FORMAT_MACROS conftest.cpp >&5
configure:22397: $? = 0
configure:22405: result: yes
configure:22413: checking whether C++ compiler accepts -fstack-protector-all
configure:22432: g++ -std=c++11 -c -g -O2 -Wall -Wextra -Wformat -Wvla -Wformat-security -Wno-unused-parameter  -fstack-protector-all  -DHAVE_BUILD_INFO -D__STDC_FORMAT_MACROS conftest.cpp >&5
configure:22432: $? = 0
configure:22440: result: yes
configure:22450: checking whether C++ preprocessor accepts -D_FORTIFY_SOURCE=2
configure:22469: g++ -std=c++11 -E  -DHAVE_BUILD_INFO -D__STDC_FORMAT_MACROS  -D_FORTIFY_SOURCE=2 conftest.cpp
configure:22469: $? = 0
configure:22477: result: yes
configure:22481: checking whether C++ preprocessor accepts -U_FORTIFY_SOURCE
configure:22500: g++ -std=c++11 -E  -DHAVE_BUILD_INFO -D__STDC_FORMAT_MACROS  -U_FORTIFY_SOURCE conftest.cpp
configure:22500: $? = 0
configure:22508: result: yes
configure:22525: checking whether the linker accepts -Wl,--dynamicbase
configure:22544: g++ -std=c++11 -o conftest -g -O2 -Wall -Wextra -Wformat -Wvla -Wformat-security -Wno-unused-parameter  -DHAVE_BUILD_INFO -D__STDC_FORMAT_MACROS   -Wl,--dynamicbase conftest.cpp  >&5
/usr/bin/ld: unrecognized option '--dynamicbase'
/usr/bin/ld: use the --help option for usage information
collect2: error: ld returned 1 exit status
configure:22544: $? = 1
configure: failed program was:
| /* confdefs.h */
| #define PACKAGE_NAME "Nodebase Core"
| #define PACKAGE_TARNAME "nodebase"
| #define PACKAGE_VERSION "2.0.2"
| #define PACKAGE_STRING "Nodebase Core 2.0.2"
| #define PACKAGE_BUGREPORT "nodebase.tech"
| #define PACKAGE_URL ""
| #define HAVE_CXX11 1
| #define STDC_HEADERS 1
| #define HAVE_SYS_TYPES_H 1
| #define HAVE_SYS_STAT_H 1
| #define HAVE_STDLIB_H 1
| #define HAVE_STRING_H 1
| #define HAVE_MEMORY_H 1
| #define HAVE_STRINGS_H 1
| #define HAVE_INTTYPES_H 1
| #define HAVE_STDINT_H 1
| #define HAVE_UNISTD_H 1
| #define HAVE_DLFCN_H 1
| #define LT_OBJDIR ".libs/"
| #define HAVE_PTHREAD_PRIO_INHERIT 1
| #define HAVE_PTHREAD 1
| #define HAVE_DECL_STRERROR_R 1
| #define HAVE_STRERROR_R 1
| #define STRERROR_R_CHAR_P 1
| #define HAVE_FUNC_ATTRIBUTE_VISIBILITY 1
| /* end confdefs.h.  */
| 
| int
| main ()
| {
| 
|   ;
|   return 0;
| }
configure:22553: result: no
configure:22561: checking whether the linker accepts -Wl,--nxcompat
configure:22580: g++ -std=c++11 -o conftest -g -O2 -Wall -Wextra -Wformat -Wvla -Wformat-security -Wno-unused-parameter  -DHAVE_BUILD_INFO -D__STDC_FORMAT_MACROS   -Wl,--nxcompat conftest.cpp  >&5
/usr/bin/ld: unrecognized option '--nxcompat'
/usr/bin/ld: use the --help option for usage information
collect2: error: ld returned 1 exit status
configure:22580: $? = 1
configure: failed program was:
| /* confdefs.h */
| #define PACKAGE_NAME "Nodebase Core"
| #define PACKAGE_TARNAME "nodebase"
| #define PACKAGE_VERSION "2.0.2"
| #define PACKAGE_STRING "Nodebase Core 2.0.2"
| #define PACKAGE_BUGREPORT "nodebase.tech"
| #define PACKAGE_URL ""
| #define HAVE_CXX11 1
| #define STDC_HEADERS 1
| #define HAVE_SYS_TYPES_H 1
| #define HAVE_SYS_STAT_H 1
| #define HAVE_STDLIB_H 1
| #define HAVE_STRING_H 1
| #define HAVE_MEMORY_H 1
| #define HAVE_STRINGS_H 1
| #define HAVE_INTTYPES_H 1
| #define HAVE_STDINT_H 1
| #define HAVE_UNISTD_H 1
| #define HAVE_DLFCN_H 1
| #define LT_OBJDIR ".libs/"
| #define HAVE_PTHREAD_PRIO_INHERIT 1
| #define HAVE_PTHREAD 1
| #define HAVE_DECL_STRERROR_R 1
| #define HAVE_STRERROR_R 1
| #define STRERROR_R_CHAR_P 1
| #define HAVE_FUNC_ATTRIBUTE_VISIBILITY 1
| /* end confdefs.h.  */
| 
| int
| main ()
| {
| 
|   ;
|   return 0;
| }
configure:22589: result: no
configure:22597: checking whether the linker accepts -Wl,--high-entropy-va
configure:22616: g++ -std=c++11 -o conftest -g -O2 -Wall -Wextra -Wformat -Wvla -Wformat-security -Wno-unused-parameter  -DHAVE_BUILD_INFO -D__STDC_FORMAT_MACROS   -Wl,--high-entropy-va conftest.cpp  >&5
/usr/bin/ld: unrecognized option '--high-entropy-va'
/usr/bin/ld: use the --help option for usage information
collect2: error: ld returned 1 exit status
configure:22616: $? = 1
configure: failed program was:
| /* confdefs.h */
| #define PACKAGE_NAME "Nodebase Core"
| #define PACKAGE_TARNAME "nodebase"
| #define PACKAGE_VERSION "2.0.2"
| #define PACKAGE_STRING "Nodebase Core 2.0.2"
| #define PACKAGE_BUGREPORT "nodebase.tech"
| #define PACKAGE_URL ""
| #define HAVE_CXX11 1
| #define STDC_HEADERS 1
| #define HAVE_SYS_TYPES_H 1
| #define HAVE_SYS_STAT_H 1
| #define HAVE_STDLIB_H 1
| #define HAVE_STRING_H 1
| #define HAVE_MEMORY_H 1
| #define HAVE_STRINGS_H 1
| #define HAVE_INTTYPES_H 1
| #define HAVE_STDINT_H 1
| #define HAVE_UNISTD_H 1
| #define HAVE_DLFCN_H 1
| #define LT_OBJDIR ".libs/"
| #define HAVE_PTHREAD_PRIO_INHERIT 1
| #define HAVE_PTHREAD 1
| #define HAVE_DECL_STRERROR_R 1
| #define HAVE_STRERROR_R 1
| #define STRERROR_R_CHAR_P 1
| #define HAVE_FUNC_ATTRIBUTE_VISIBILITY 1
| /* end confdefs.h.  */
| 
| int
| main ()
| {
| 
|   ;
|   return 0;
| }
configure:22625: result: no
configure:22633: checking whether the linker accepts -Wl,-z,relro
configure:22652: g++ -std=c++11 -o conftest -g -O2 -Wall -Wextra -Wformat -Wvla -Wformat-security -Wno-unused-parameter  -DHAVE_BUILD_INFO -D__STDC_FORMAT_MACROS   -Wl,-z,relro conftest.cpp  >&5
configure:22652: $? = 0
configure:22661: result: yes
configure:22669: checking whether the linker accepts -Wl,-z,now
configure:22688: g++ -std=c++11 -o conftest -g -O2 -Wall -Wextra -Wformat -Wvla -Wformat-security -Wno-unused-parameter  -DHAVE_BUILD_INFO -D__STDC_FORMAT_MACROS   -Wl,-z,now conftest.cpp  >&5
configure:22688: $? = 0
configure:22697: result: yes
configure:22707: checking whether C++ compiler accepts -fPIC
configure:22734: result: yes
configure:22742: checking whether the linker accepts -pic
configure:22761: g++ -std=c++11 -o conftest -g -O2 -Wall -Wextra -Wformat -Wvla -Wformat-security -Wno-unused-parameter  -DHAVE_BUILD_INFO -D__STDC_FORMAT_MACROS   -pic conftest.cpp  >&5
g++: error: unrecognized command line option '-pic'
configure:22761: $? = 1
configure: failed program was:
| /* confdefs.h */
| #define PACKAGE_NAME "Nodebase Core"
| #define PACKAGE_TARNAME "nodebase"
| #define PACKAGE_VERSION "2.0.2"
| #define PACKAGE_STRING "Nodebase Core 2.0.2"
| #define PACKAGE_BUGREPORT "nodebase.tech"
| #define PACKAGE_URL ""
| #define HAVE_CXX11 1
| #define STDC_HEADERS 1
| #define HAVE_SYS_TYPES_H 1
| #define HAVE_SYS_STAT_H 1
| #define HAVE_STDLIB_H 1
| #define HAVE_STRING_H 1
| #define HAVE_MEMORY_H 1
| #define HAVE_STRINGS_H 1
| #define HAVE_INTTYPES_H 1
| #define HAVE_STDINT_H 1
| #define HAVE_UNISTD_H 1
| #define HAVE_DLFCN_H 1
| #define LT_OBJDIR ".libs/"
| #define HAVE_PTHREAD_PRIO_INHERIT 1
| #define HAVE_PTHREAD 1
| #define HAVE_DECL_STRERROR_R 1
| #define HAVE_STRERROR_R 1
| #define STRERROR_R_CHAR_P 1
| #define HAVE_FUNC_ATTRIBUTE_VISIBILITY 1
| /* end confdefs.h.  */
| 
| int
| main ()
| {
| 
|   ;
|   return 0;
| }
configure:22770: result: no
configure:22869: checking endian.h usability
configure:22869: g++ -std=c++11 -c -g -O2 -Wall -Wextra -Wformat -Wvla -Wformat-security -Wno-unused-parameter  -DHAVE_BUILD_INFO -D__STDC_FORMAT_MACROS conftest.cpp >&5
configure:22869: $? = 0
configure:22869: result: yes
configure:22869: checking endian.h presence
configure:22869: g++ -std=c++11 -E  -DHAVE_BUILD_INFO -D__STDC_FORMAT_MACROS conftest.cpp
configure:22869: $? = 0
configure:22869: result: yes
configure:22869: checking for endian.h
configure:22869: result: yes
configure:22869: checking stdio.h usability
configure:22869: g++ -std=c++11 -c -g -O2 -Wall -Wextra -Wformat -Wvla -Wformat-security -Wno-unused-parameter  -DHAVE_BUILD_INFO -D__STDC_FORMAT_MACROS conftest.cpp >&5
configure:22869: $? = 0
configure:22869: result: yes
configure:22869: checking stdio.h presence
configure:22869: g++ -std=c++11 -E  -DHAVE_BUILD_INFO -D__STDC_FORMAT_MACROS conftest.cpp
configure:22869: $? = 0
configure:22869: result: yes
configure:22869: checking for stdio.h
configure:22869: result: yes
configure:22869: checking for stdlib.h
configure:22869: result: yes
configure:22869: checking for unistd.h
configure:22869: result: yes
configure:22869: checking for strings.h
configure:22869: result: yes
configure:22869: checking for sys/types.h
configure:22869: result: yes
configure:22869: checking for sys/stat.h
configure:22869: result: yes
configure:22869: checking sys/select.h usability
configure:22869: g++ -std=c++11 -c -g -O2 -Wall -Wextra -Wformat -Wvla -Wformat-security -Wno-unused-parameter  -DHAVE_BUILD_INFO -D__STDC_FORMAT_MACROS conftest.cpp >&5
configure:22869: $? = 0
configure:22869: result: yes
configure:22869: checking sys/select.h presence
configure:22869: g++ -std=c++11 -E  -DHAVE_BUILD_INFO -D__STDC_FORMAT_MACROS conftest.cpp
configure:22869: $? = 0
configure:22869: result: yes
configure:22869: checking for sys/select.h
configure:22869: result: yes
configure:22869: checking sys/prctl.h usability
configure:22869: g++ -std=c++11 -c -g -O2 -Wall -Wextra -Wformat -Wvla -Wformat-security -Wno-unused-parameter  -DHAVE_BUILD_INFO -D__STDC_FORMAT_MACROS conftest.cpp >&5
configure:22869: $? = 0
configure:22869: result: yes
configure:22869: checking sys/prctl.h presence
configure:22869: g++ -std=c++11 -E  -DHAVE_BUILD_INFO -D__STDC_FORMAT_MACROS conftest.cpp
configure:22869: $? = 0
configure:22869: result: yes
configure:22869: checking for sys/prctl.h
configure:22869: result: yes
configure:22879: checking for library containing getaddrinfo_a
configure:22910: g++ -std=c++11 -o conftest -g -O2 -Wall -Wextra -Wformat -Wvla -Wformat-security -Wno-unused-parameter  -DHAVE_BUILD_INFO -D__STDC_FORMAT_MACROS  conftest.cpp  >&5
/tmp/ccCHNeqX.o: In function `main':
/workspaces/eclipse/nodebase/nodebase-build/NodeBaseCoin/conftest.cpp:48: undefined reference to `getaddrinfo_a'
collect2: error: ld returned 1 exit status
configure:22910: $? = 1
configure: failed program was:
| /* confdefs.h */
| #define PACKAGE_NAME "Nodebase Core"
| #define PACKAGE_TARNAME "nodebase"
| #define PACKAGE_VERSION "2.0.2"
| #define PACKAGE_STRING "Nodebase Core 2.0.2"
| #define PACKAGE_BUGREPORT "nodebase.tech"
| #define PACKAGE_URL ""
| #define HAVE_CXX11 1
| #define STDC_HEADERS 1
| #define HAVE_SYS_TYPES_H 1
| #define HAVE_SYS_STAT_H 1
| #define HAVE_STDLIB_H 1
| #define HAVE_STRING_H 1
| #define HAVE_MEMORY_H 1
| #define HAVE_STRINGS_H 1
| #define HAVE_INTTYPES_H 1
| #define HAVE_STDINT_H 1
| #define HAVE_UNISTD_H 1
| #define HAVE_DLFCN_H 1
| #define LT_OBJDIR ".libs/"
| #define HAVE_PTHREAD_PRIO_INHERIT 1
| #define HAVE_PTHREAD 1
| #define HAVE_DECL_STRERROR_R 1
| #define HAVE_STRERROR_R 1
| #define STRERROR_R_CHAR_P 1
| #define HAVE_FUNC_ATTRIBUTE_VISIBILITY 1
| #define HAVE_ENDIAN_H 1
| #define HAVE_STDIO_H 1
| #define HAVE_STDLIB_H 1
| #define HAVE_UNISTD_H 1
| #define HAVE_STRINGS_H 1
| #define HAVE_SYS_TYPES_H 1
| #define HAVE_SYS_STAT_H 1
| #define HAVE_SYS_SELECT_H 1
| #define HAVE_SYS_PRCTL_H 1
| /* end confdefs.h.  */
| 
| /* Override any GCC internal prototype to avoid an error.
|    Use char because int might match the return type of a GCC
|    builtin and then its argument prototype would still apply.  */
| #ifdef __cplusplus
| extern "C"
| #endif
| char getaddrinfo_a ();
| int
| main ()
| {
| return getaddrinfo_a ();
|   ;
|   return 0;
| }
configure:22910: g++ -std=c++11 -o conftest -g -O2 -Wall -Wextra -Wformat -Wvla -Wformat-security -Wno-unused-parameter  -DHAVE_BUILD_INFO -D__STDC_FORMAT_MACROS  conftest.cpp -lanl   >&5
configure:22910: $? = 0
configure:22927: result: -lanl
configure:22937: checking for library containing inet_pton
configure:22968: g++ -std=c++11 -o conftest -g -O2 -Wall -Wextra -Wformat -Wvla -Wformat-security -Wno-unused-parameter  -DHAVE_BUILD_INFO -D__STDC_FORMAT_MACROS  conftest.cpp -lanl  >&5
configure:22968: $? = 0
configure:22985: result: none required
configure:22996: checking whether strnlen is declared
configure:22996: g++ -std=c++11 -c -g -O2 -Wall -Wextra -Wformat -Wvla -Wformat-security -Wno-unused-parameter  -DHAVE_BUILD_INFO -D__STDC_FORMAT_MACROS conftest.cpp >&5
configure:22996: $? = 0
configure:22996: result: yes
configure:23009: checking whether daemon is declared
configure:23009: g++ -std=c++11 -c -g -O2 -Wall -Wextra -Wformat -Wvla -Wformat-security -Wno-unused-parameter  -DHAVE_BUILD_INFO -D__STDC_FORMAT_MACROS conftest.cpp >&5
configure:23009: $? = 0
configure:23009: result: yes
configure:23021: checking whether le32toh is declared
configure:23021: g++ -std=c++11 -c -g -O2 -Wall -Wextra -Wformat -Wvla -Wformat-security -Wno-unused-parameter  -DHAVE_BUILD_INFO -D__STDC_FORMAT_MACROS conftest.cpp >&5
configure:23021: $? = 0
configure:23021: result: yes
configure:23034: checking whether le64toh is declared
configure:23034: g++ -std=c++11 -c -g -O2 -Wall -Wextra -Wformat -Wvla -Wformat-security -Wno-unused-parameter  -DHAVE_BUILD_INFO -D__STDC_FORMAT_MACROS conftest.cpp >&5
configure:23034: $? = 0
configure:23034: result: yes
configure:23047: checking whether htole32 is declared
configure:23047: g++ -std=c++11 -c -g -O2 -Wall -Wextra -Wformat -Wvla -Wformat-security -Wno-unused-parameter  -DHAVE_BUILD_INFO -D__STDC_FORMAT_MACROS conftest.cpp >&5
configure:23047: $? = 0
configure:23047: result: yes
configure:23060: checking whether htole64 is declared
configure:23060: g++ -std=c++11 -c -g -O2 -Wall -Wextra -Wformat -Wvla -Wformat-security -Wno-unused-parameter  -DHAVE_BUILD_INFO -D__STDC_FORMAT_MACROS conftest.cpp >&5
configure:23060: $? = 0
configure:23060: result: yes
configure:23073: checking whether be32toh is declared
configure:23073: g++ -std=c++11 -c -g -O2 -Wall -Wextra -Wformat -Wvla -Wformat-security -Wno-unused-parameter  -DHAVE_BUILD_INFO -D__STDC_FORMAT_MACROS conftest.cpp >&5
configure:23073: $? = 0
configure:23073: result: yes
configure:23086: checking whether be64toh is declared
configure:23086: g++ -std=c++11 -c -g -O2 -Wall -Wextra -Wformat -Wvla -Wformat-security -Wno-unused-parameter  -DHAVE_BUILD_INFO -D__STDC_FORMAT_MACROS conftest.cpp >&5
configure:23086: $? = 0
configure:23086: result: yes
configure:23099: checking whether htobe32 is declared
configure:23099: g++ -std=c++11 -c -g -O2 -Wall -Wextra -Wformat -Wvla -Wformat-security -Wno-unused-parameter  -DHAVE_BUILD_INFO -D__STDC_FORMAT_MACROS conftest.cpp >&5
configure:23099: $? = 0
configure:23099: result: yes
configure:23112: checking whether htobe64 is declared
configure:23112: g++ -std=c++11 -c -g -O2 -Wall -Wextra -Wformat -Wvla -Wformat-security -Wno-unused-parameter  -DHAVE_BUILD_INFO -D__STDC_FORMAT_MACROS conftest.cpp >&5
configure:23112: $? = 0
configure:23112: result: yes
configure:23127: checking for MSG_NOSIGNAL
configure:23140: g++ -std=c++11 -c -g -O2 -Wall -Wextra -Wformat -Wvla -Wformat-security -Wno-unused-parameter  -DHAVE_BUILD_INFO -D__STDC_FORMAT_MACROS conftest.cpp >&5
conftest.cpp: In function 'int main()':
conftest.cpp:53:6: warning: unused variable 'f' [-Wunused-variable]
  int f = MSG_NOSIGNAL;
      ^
configure:23140: $? = 0
configure:23141: result: yes
configure:23152: checking for MSG_DONTWAIT
configure:23165: g++ -std=c++11 -c -g -O2 -Wall -Wextra -Wformat -Wvla -Wformat-security -Wno-unused-parameter  -DHAVE_BUILD_INFO -D__STDC_FORMAT_MACROS conftest.cpp >&5
conftest.cpp: In function 'int main()':
conftest.cpp:54:6: warning: unused variable 'f' [-Wunused-variable]
  int f = MSG_DONTWAIT;
      ^
configure:23165: $? = 0
configure:23166: result: yes
configure:23177: checking for getmemoryinfo
configure:23190: g++ -std=c++11 -c -g -O2 -Wall -Wextra -Wformat -Wvla -Wformat-security -Wno-unused-parameter  -DHAVE_BUILD_INFO -D__STDC_FORMAT_MACROS conftest.cpp >&5
conftest.cpp: In function 'int main()':
conftest.cpp:55:6: warning: unused variable 'f' [-Wunused-variable]
  int f = malloc_info(0, NULL);
      ^
configure:23190: $? = 0
configure:23191: result: yes
configure:23202: checking for mallopt M_ARENA_MAX
configure:23215: g++ -std=c++11 -c -g -O2 -Wall -Wextra -Wformat -Wvla -Wformat-security -Wno-unused-parameter  -DHAVE_BUILD_INFO -D__STDC_FORMAT_MACROS conftest.cpp >&5
configure:23215: $? = 0
configure:23216: result: yes
configure:23227: checking for visibility attribute
configure:23236: g++ -std=c++11 -o conftest -g -O2 -Wall -Wextra -Wformat -Wvla -Wformat-security -Wno-unused-parameter  -DHAVE_BUILD_INFO -D__STDC_FORMAT_MACROS  conftest.cpp -lanl  >&5
configure:23236: $? = 0
configure:23241: result: yes
configure:23259: checking for thread_local support
configure:23273: g++ -std=c++11 -o conftest -g -O2 -Wall -Wextra -Wformat -Wvla -Wformat-security -Wno-unused-parameter  -DHAVE_BUILD_INFO -D__STDC_FORMAT_MACROS  -pthread conftest.cpp -lanl  >&5
configure:23273: $? = 0
configure:23278: result: yes
configure:23352: checking for Berkeley DB C++ headers
configure:23382: g++ -std=c++11 -c -g -O2 -Wall -Wextra -Wformat -Wvla -Wformat-security -Wno-unused-parameter  -DHAVE_BUILD_INFO -D__STDC_FORMAT_MACROS conftest.cpp >&5
conftest.cpp:56:35: fatal error: bdb4.8/db_cxx.h: No such file or directory
compilation terminated.
configure:23382: $? = 1
configure: failed program was:
| /* confdefs.h */
| #define PACKAGE_NAME "Nodebase Core"
| #define PACKAGE_TARNAME "nodebase"
| #define PACKAGE_VERSION "2.0.2"
| #define PACKAGE_STRING "Nodebase Core 2.0.2"
| #define PACKAGE_BUGREPORT "nodebase.tech"
| #define PACKAGE_URL ""
| #define HAVE_CXX11 1
| #define STDC_HEADERS 1
| #define HAVE_SYS_TYPES_H 1
| #define HAVE_SYS_STAT_H 1
| #define HAVE_STDLIB_H 1
| #define HAVE_STRING_H 1
| #define HAVE_MEMORY_H 1
| #define HAVE_STRINGS_H 1
| #define HAVE_INTTYPES_H 1
| #define HAVE_STDINT_H 1
| #define HAVE_UNISTD_H 1
| #define HAVE_DLFCN_H 1
| #define LT_OBJDIR ".libs/"
| #define HAVE_PTHREAD_PRIO_INHERIT 1
| #define HAVE_PTHREAD 1
| #define HAVE_DECL_STRERROR_R 1
| #define HAVE_STRERROR_R 1
| #define STRERROR_R_CHAR_P 1
| #define HAVE_FUNC_ATTRIBUTE_VISIBILITY 1
| #define HAVE_ENDIAN_H 1
| #define HAVE_STDIO_H 1
| #define HAVE_STDLIB_H 1
| #define HAVE_UNISTD_H 1
| #define HAVE_STRINGS_H 1
| #define HAVE_SYS_TYPES_H 1
| #define HAVE_SYS_STAT_H 1
| #define HAVE_SYS_SELECT_H 1
| #define HAVE_SYS_PRCTL_H 1
| #define HAVE_GETADDRINFO_A 1
| #define HAVE_INET_PTON 1
| #define HAVE_DECL_STRNLEN 1
| #define HAVE_DECL_DAEMON 1
| #define HAVE_DECL_LE32TOH 1
| #define HAVE_DECL_LE64TOH 1
| #define HAVE_DECL_HTOLE32 1
| #define HAVE_DECL_HTOLE64 1
| #define HAVE_DECL_BE32TOH 1
| #define HAVE_DECL_BE64TOH 1
| #define HAVE_DECL_HTOBE32 1
| #define HAVE_DECL_HTOBE64 1
| #define HAVE_MSG_NOSIGNAL 1
| #define HAVE_MSG_DONTWAIT 1
| #define HAVE_MALLOC_INFO 1
| #define HAVE_MALLOPT_ARENA_MAX 1
| #define HAVE_VISIBILITY_ATTRIBUTE 1
| #define HAVE_THREAD_LOCAL 1
| /* end confdefs.h.  */
| 
|         #include <bdb4.8/db_cxx.h>
| 
| int
| main ()
| {
| 
|         #if !((DB_VERSION_MAJOR == 4 && DB_VERSION_MINOR >= 8) || DB_VERSION_MAJOR > 4)
|           #error "failed to find bdb 4.8+"
|         #endif
| 
|   ;
|   return 0;
| }
configure:23382: g++ -std=c++11 -c -g -O2 -Wall -Wextra -Wformat -Wvla -Wformat-security -Wno-unused-parameter  -DHAVE_BUILD_INFO -D__STDC_FORMAT_MACROS conftest.cpp >&5
conftest.cpp:56:37: fatal error: libdb4.8/db_cxx.h: No such file or directory
compilation terminated.
configure:23382: $? = 1
configure: failed program was:
| /* confdefs.h */
| #define PACKAGE_NAME "Nodebase Core"
| #define PACKAGE_TARNAME "nodebase"
| #define PACKAGE_VERSION "2.0.2"
| #define PACKAGE_STRING "Nodebase Core 2.0.2"
| #define PACKAGE_BUGREPORT "nodebase.tech"
| #define PACKAGE_URL ""
| #define HAVE_CXX11 1
| #define STDC_HEADERS 1
| #define HAVE_SYS_TYPES_H 1
| #define HAVE_SYS_STAT_H 1
| #define HAVE_STDLIB_H 1
| #define HAVE_STRING_H 1
| #define HAVE_MEMORY_H 1
| #define HAVE_STRINGS_H 1
| #define HAVE_INTTYPES_H 1
| #define HAVE_STDINT_H 1
| #define HAVE_UNISTD_H 1
| #define HAVE_DLFCN_H 1
| #define LT_OBJDIR ".libs/"
| #define HAVE_PTHREAD_PRIO_INHERIT 1
| #define HAVE_PTHREAD 1
| #define HAVE_DECL_STRERROR_R 1
| #define HAVE_STRERROR_R 1
| #define STRERROR_R_CHAR_P 1
| #define HAVE_FUNC_ATTRIBUTE_VISIBILITY 1
| #define HAVE_ENDIAN_H 1
| #define HAVE_STDIO_H 1
| #define HAVE_STDLIB_H 1
| #define HAVE_UNISTD_H 1
| #define HAVE_STRINGS_H 1
| #define HAVE_SYS_TYPES_H 1
| #define HAVE_SYS_STAT_H 1
| #define HAVE_SYS_SELECT_H 1
| #define HAVE_SYS_PRCTL_H 1
| #define HAVE_GETADDRINFO_A 1
| #define HAVE_INET_PTON 1
| #define HAVE_DECL_STRNLEN 1
| #define HAVE_DECL_DAEMON 1
| #define HAVE_DECL_LE32TOH 1
| #define HAVE_DECL_LE64TOH 1
| #define HAVE_DECL_HTOLE32 1
| #define HAVE_DECL_HTOLE64 1
| #define HAVE_DECL_BE32TOH 1
| #define HAVE_DECL_BE64TOH 1
| #define HAVE_DECL_HTOBE32 1
| #define HAVE_DECL_HTOBE64 1
| #define HAVE_MSG_NOSIGNAL 1
| #define HAVE_MSG_DONTWAIT 1
| #define HAVE_MALLOC_INFO 1
| #define HAVE_MALLOPT_ARENA_MAX 1
| #define HAVE_VISIBILITY_ATTRIBUTE 1
| #define HAVE_THREAD_LOCAL 1
| /* end confdefs.h.  */
| 
|         #include <libdb4.8/db_cxx.h>
| 
| int
| main ()
| {
| 
|         #if !((DB_VERSION_MAJOR == 4 && DB_VERSION_MINOR >= 8) || DB_VERSION_MAJOR > 4)
|           #error "failed to find bdb 4.8+"
|         #endif
| 
|   ;
|   return 0;
| }
configure:23382: g++ -std=c++11 -c -g -O2 -Wall -Wextra -Wformat -Wvla -Wformat-security -Wno-unused-parameter  -DHAVE_BUILD_INFO -D__STDC_FORMAT_MACROS conftest.cpp >&5
conftest.cpp:56:34: fatal error: db4.8/db_cxx.h: No such file or directory
compilation terminated.
configure:23382: $? = 1
configure: failed program was:
| /* confdefs.h */
| #define PACKAGE_NAME "Nodebase Core"
| #define PACKAGE_TARNAME "nodebase"
| #define PACKAGE_VERSION "2.0.2"
| #define PACKAGE_STRING "Nodebase Core 2.0.2"
| #define PACKAGE_BUGREPORT "nodebase.tech"
| #define PACKAGE_URL ""
| #define HAVE_CXX11 1
| #define STDC_HEADERS 1
| #define HAVE_SYS_TYPES_H 1
| #define HAVE_SYS_STAT_H 1
| #define HAVE_STDLIB_H 1
| #define HAVE_STRING_H 1
| #define HAVE_MEMORY_H 1
| #define HAVE_STRINGS_H 1
| #define HAVE_INTTYPES_H 1
| #define HAVE_STDINT_H 1
| #define HAVE_UNISTD_H 1
| #define HAVE_DLFCN_H 1
| #define LT_OBJDIR ".libs/"
| #define HAVE_PTHREAD_PRIO_INHERIT 1
| #define HAVE_PTHREAD 1
| #define HAVE_DECL_STRERROR_R 1
| #define HAVE_STRERROR_R 1
| #define STRERROR_R_CHAR_P 1
| #define HAVE_FUNC_ATTRIBUTE_VISIBILITY 1
| #define HAVE_ENDIAN_H 1
| #define HAVE_STDIO_H 1
| #define HAVE_STDLIB_H 1
| #define HAVE_UNISTD_H 1
| #define HAVE_STRINGS_H 1
| #define HAVE_SYS_TYPES_H 1
| #define HAVE_SYS_STAT_H 1
| #define HAVE_SYS_SELECT_H 1
| #define HAVE_SYS_PRCTL_H 1
| #define HAVE_GETADDRINFO_A 1
| #define HAVE_INET_PTON 1
| #define HAVE_DECL_STRNLEN 1
| #define HAVE_DECL_DAEMON 1
| #define HAVE_DECL_LE32TOH 1
| #define HAVE_DECL_LE64TOH 1
| #define HAVE_DECL_HTOLE32 1
| #define HAVE_DECL_HTOLE64 1
| #define HAVE_DECL_BE32TOH 1
| #define HAVE_DECL_BE64TOH 1
| #define HAVE_DECL_HTOBE32 1
| #define HAVE_DECL_HTOBE64 1
| #define HAVE_MSG_NOSIGNAL 1
| #define HAVE_MSG_DONTWAIT 1
| #define HAVE_MALLOC_INFO 1
| #define HAVE_MALLOPT_ARENA_MAX 1
| #define HAVE_VISIBILITY_ATTRIBUTE 1
| #define HAVE_THREAD_LOCAL 1
| /* end confdefs.h.  */
| 
|         #include <db4.8/db_cxx.h>
| 
| int
| main ()
| {
| 
|         #if !((DB_VERSION_MAJOR == 4 && DB_VERSION_MINOR >= 8) || DB_VERSION_MAJOR > 4)
|           #error "failed to find bdb 4.8+"
|         #endif
| 
|   ;
|   return 0;
| }
configure:23382: g++ -std=c++11 -c -g -O2 -Wall -Wextra -Wformat -Wvla -Wformat-security -Wno-unused-parameter  -DHAVE_BUILD_INFO -D__STDC_FORMAT_MACROS conftest.cpp >&5
conftest.cpp:56:34: fatal error: bdb48/db_cxx.h: No such file or directory
compilation terminated.
configure:23382: $? = 1
configure: failed program was:
| /* confdefs.h */
| #define PACKAGE_NAME "Nodebase Core"
| #define PACKAGE_TARNAME "nodebase"
| #define PACKAGE_VERSION "2.0.2"
| #define PACKAGE_STRING "Nodebase Core 2.0.2"
| #define PACKAGE_BUGREPORT "nodebase.tech"
| #define PACKAGE_URL ""
| #define HAVE_CXX11 1
| #define STDC_HEADERS 1
| #define HAVE_SYS_TYPES_H 1
| #define HAVE_SYS_STAT_H 1
| #define HAVE_STDLIB_H 1
| #define HAVE_STRING_H 1
| #define HAVE_MEMORY_H 1
| #define HAVE_STRINGS_H 1
| #define HAVE_INTTYPES_H 1
| #define HAVE_STDINT_H 1
| #define HAVE_UNISTD_H 1
| #define HAVE_DLFCN_H 1
| #define LT_OBJDIR ".libs/"
| #define HAVE_PTHREAD_PRIO_INHERIT 1
| #define HAVE_PTHREAD 1
| #define HAVE_DECL_STRERROR_R 1
| #define HAVE_STRERROR_R 1
| #define STRERROR_R_CHAR_P 1
| #define HAVE_FUNC_ATTRIBUTE_VISIBILITY 1
| #define HAVE_ENDIAN_H 1
| #define HAVE_STDIO_H 1
| #define HAVE_STDLIB_H 1
| #define HAVE_UNISTD_H 1
| #define HAVE_STRINGS_H 1
| #define HAVE_SYS_TYPES_H 1
| #define HAVE_SYS_STAT_H 1
| #define HAVE_SYS_SELECT_H 1
| #define HAVE_SYS_PRCTL_H 1
| #define HAVE_GETADDRINFO_A 1
| #define HAVE_INET_PTON 1
| #define HAVE_DECL_STRNLEN 1
| #define HAVE_DECL_DAEMON 1
| #define HAVE_DECL_LE32TOH 1
| #define HAVE_DECL_LE64TOH 1
| #define HAVE_DECL_HTOLE32 1
| #define HAVE_DECL_HTOLE64 1
| #define HAVE_DECL_BE32TOH 1
| #define HAVE_DECL_BE64TOH 1
| #define HAVE_DECL_HTOBE32 1
| #define HAVE_DECL_HTOBE64 1
| #define HAVE_MSG_NOSIGNAL 1
| #define HAVE_MSG_DONTWAIT 1
| #define HAVE_MALLOC_INFO 1
| #define HAVE_MALLOPT_ARENA_MAX 1
| #define HAVE_VISIBILITY_ATTRIBUTE 1
| #define HAVE_THREAD_LOCAL 1
| /* end confdefs.h.  */
| 
|         #include <bdb48/db_cxx.h>
| 
| int
| main ()
| {
| 
|         #if !((DB_VERSION_MAJOR == 4 && DB_VERSION_MINOR >= 8) || DB_VERSION_MAJOR > 4)
|           #error "failed to find bdb 4.8+"
|         #endif
| 
|   ;
|   return 0;
| }
configure:23382: g++ -std=c++11 -c -g -O2 -Wall -Wextra -Wformat -Wvla -Wformat-security -Wno-unused-parameter  -DHAVE_BUILD_INFO -D__STDC_FORMAT_MACROS conftest.cpp >&5
conftest.cpp:56:36: fatal error: libdb48/db_cxx.h: No such file or directory
compilation terminated.
configure:23382: $? = 1
configure: failed program was:
| /* confdefs.h */
| #define PACKAGE_NAME "Nodebase Core"
| #define PACKAGE_TARNAME "nodebase"
| #define PACKAGE_VERSION "2.0.2"
| #define PACKAGE_STRING "Nodebase Core 2.0.2"
| #define PACKAGE_BUGREPORT "nodebase.tech"
| #define PACKAGE_URL ""
| #define HAVE_CXX11 1
| #define STDC_HEADERS 1
| #define HAVE_SYS_TYPES_H 1
| #define HAVE_SYS_STAT_H 1
| #define HAVE_STDLIB_H 1
| #define HAVE_STRING_H 1
| #define HAVE_MEMORY_H 1
| #define HAVE_STRINGS_H 1
| #define HAVE_INTTYPES_H 1
| #define HAVE_STDINT_H 1
| #define HAVE_UNISTD_H 1
| #define HAVE_DLFCN_H 1
| #define LT_OBJDIR ".libs/"
| #define HAVE_PTHREAD_PRIO_INHERIT 1
| #define HAVE_PTHREAD 1
| #define HAVE_DECL_STRERROR_R 1
| #define HAVE_STRERROR_R 1
| #define STRERROR_R_CHAR_P 1
| #define HAVE_FUNC_ATTRIBUTE_VISIBILITY 1
| #define HAVE_ENDIAN_H 1
| #define HAVE_STDIO_H 1
| #define HAVE_STDLIB_H 1
| #define HAVE_UNISTD_H 1
| #define HAVE_STRINGS_H 1
| #define HAVE_SYS_TYPES_H 1
| #define HAVE_SYS_STAT_H 1
| #define HAVE_SYS_SELECT_H 1
| #define HAVE_SYS_PRCTL_H 1
| #define HAVE_GETADDRINFO_A 1
| #define HAVE_INET_PTON 1
| #define HAVE_DECL_STRNLEN 1
| #define HAVE_DECL_DAEMON 1
| #define HAVE_DECL_LE32TOH 1
| #define HAVE_DECL_LE64TOH 1
| #define HAVE_DECL_HTOLE32 1
| #define HAVE_DECL_HTOLE64 1
| #define HAVE_DECL_BE32TOH 1
| #define HAVE_DECL_BE64TOH 1
| #define HAVE_DECL_HTOBE32 1
| #define HAVE_DECL_HTOBE64 1
| #define HAVE_MSG_NOSIGNAL 1
| #define HAVE_MSG_DONTWAIT 1
| #define HAVE_MALLOC_INFO 1
| #define HAVE_MALLOPT_ARENA_MAX 1
| #define HAVE_VISIBILITY_ATTRIBUTE 1
| #define HAVE_THREAD_LOCAL 1
| /* end confdefs.h.  */
| 
|         #include <libdb48/db_cxx.h>
| 
| int
| main ()
| {
| 
|         #if !((DB_VERSION_MAJOR == 4 && DB_VERSION_MINOR >= 8) || DB_VERSION_MAJOR > 4)
|           #error "failed to find bdb 4.8+"
|         #endif
| 
|   ;
|   return 0;
| }
configure:23382: g++ -std=c++11 -c -g -O2 -Wall -Wextra -Wformat -Wvla -Wformat-security -Wno-unused-parameter  -DHAVE_BUILD_INFO -D__STDC_FORMAT_MACROS conftest.cpp >&5
conftest.cpp:56:33: fatal error: db48/db_cxx.h: No such file or directory
compilation terminated.
configure:23382: $? = 1
configure: failed program was:
| /* confdefs.h */
| #define PACKAGE_NAME "Nodebase Core"
| #define PACKAGE_TARNAME "nodebase"
| #define PACKAGE_VERSION "2.0.2"
| #define PACKAGE_STRING "Nodebase Core 2.0.2"
| #define PACKAGE_BUGREPORT "nodebase.tech"
| #define PACKAGE_URL ""
| #define HAVE_CXX11 1
| #define STDC_HEADERS 1
| #define HAVE_SYS_TYPES_H 1
| #define HAVE_SYS_STAT_H 1
| #define HAVE_STDLIB_H 1
| #define HAVE_STRING_H 1
| #define HAVE_MEMORY_H 1
| #define HAVE_STRINGS_H 1
| #define HAVE_INTTYPES_H 1
| #define HAVE_STDINT_H 1
| #define HAVE_UNISTD_H 1
| #define HAVE_DLFCN_H 1
| #define LT_OBJDIR ".libs/"
| #define HAVE_PTHREAD_PRIO_INHERIT 1
| #define HAVE_PTHREAD 1
| #define HAVE_DECL_STRERROR_R 1
| #define HAVE_STRERROR_R 1
| #define STRERROR_R_CHAR_P 1
| #define HAVE_FUNC_ATTRIBUTE_VISIBILITY 1
| #define HAVE_ENDIAN_H 1
| #define HAVE_STDIO_H 1
| #define HAVE_STDLIB_H 1
| #define HAVE_UNISTD_H 1
| #define HAVE_STRINGS_H 1
| #define HAVE_SYS_TYPES_H 1
| #define HAVE_SYS_STAT_H 1
| #define HAVE_SYS_SELECT_H 1
| #define HAVE_SYS_PRCTL_H 1
| #define HAVE_GETADDRINFO_A 1
| #define HAVE_INET_PTON 1
| #define HAVE_DECL_STRNLEN 1
| #define HAVE_DECL_DAEMON 1
| #define HAVE_DECL_LE32TOH 1
| #define HAVE_DECL_LE64TOH 1
| #define HAVE_DECL_HTOLE32 1
| #define HAVE_DECL_HTOLE64 1
| #define HAVE_DECL_BE32TOH 1
| #define HAVE_DECL_BE64TOH 1
| #define HAVE_DECL_HTOBE32 1
| #define HAVE_DECL_HTOBE64 1
| #define HAVE_MSG_NOSIGNAL 1
| #define HAVE_MSG_DONTWAIT 1
| #define HAVE_MALLOC_INFO 1
| #define HAVE_MALLOPT_ARENA_MAX 1
| #define HAVE_VISIBILITY_ATTRIBUTE 1
| #define HAVE_THREAD_LOCAL 1
| /* end confdefs.h.  */
| 
|         #include <db48/db_cxx.h>
| 
| int
| main ()
| {
| 
|         #if !((DB_VERSION_MAJOR == 4 && DB_VERSION_MINOR >= 8) || DB_VERSION_MAJOR > 4)
|           #error "failed to find bdb 4.8+"
|         #endif
| 
|   ;
|   return 0;
| }
configure:23382: g++ -std=c++11 -c -g -O2 -Wall -Wextra -Wformat -Wvla -Wformat-security -Wno-unused-parameter  -DHAVE_BUILD_INFO -D__STDC_FORMAT_MACROS conftest.cpp >&5
conftest.cpp:56:33: fatal error: bdb4/db_cxx.h: No such file or directory
compilation terminated.
configure:23382: $? = 1
configure: failed program was:
| /* confdefs.h */
| #define PACKAGE_NAME "Nodebase Core"
| #define PACKAGE_TARNAME "nodebase"
| #define PACKAGE_VERSION "2.0.2"
| #define PACKAGE_STRING "Nodebase Core 2.0.2"
| #define PACKAGE_BUGREPORT "nodebase.tech"
| #define PACKAGE_URL ""
| #define HAVE_CXX11 1
| #define STDC_HEADERS 1
| #define HAVE_SYS_TYPES_H 1
| #define HAVE_SYS_STAT_H 1
| #define HAVE_STDLIB_H 1
| #define HAVE_STRING_H 1
| #define HAVE_MEMORY_H 1
| #define HAVE_STRINGS_H 1
| #define HAVE_INTTYPES_H 1
| #define HAVE_STDINT_H 1
| #define HAVE_UNISTD_H 1
| #define HAVE_DLFCN_H 1
| #define LT_OBJDIR ".libs/"
| #define HAVE_PTHREAD_PRIO_INHERIT 1
| #define HAVE_PTHREAD 1
| #define HAVE_DECL_STRERROR_R 1
| #define HAVE_STRERROR_R 1
| #define STRERROR_R_CHAR_P 1
| #define HAVE_FUNC_ATTRIBUTE_VISIBILITY 1
| #define HAVE_ENDIAN_H 1
| #define HAVE_STDIO_H 1
| #define HAVE_STDLIB_H 1
| #define HAVE_UNISTD_H 1
| #define HAVE_STRINGS_H 1
| #define HAVE_SYS_TYPES_H 1
| #define HAVE_SYS_STAT_H 1
| #define HAVE_SYS_SELECT_H 1
| #define HAVE_SYS_PRCTL_H 1
| #define HAVE_GETADDRINFO_A 1
| #define HAVE_INET_PTON 1
| #define HAVE_DECL_STRNLEN 1
| #define HAVE_DECL_DAEMON 1
| #define HAVE_DECL_LE32TOH 1
| #define HAVE_DECL_LE64TOH 1
| #define HAVE_DECL_HTOLE32 1
| #define HAVE_DECL_HTOLE64 1
| #define HAVE_DECL_BE32TOH 1
| #define HAVE_DECL_BE64TOH 1
| #define HAVE_DECL_HTOBE32 1
| #define HAVE_DECL_HTOBE64 1
| #define HAVE_MSG_NOSIGNAL 1
| #define HAVE_MSG_DONTWAIT 1
| #define HAVE_MALLOC_INFO 1
| #define HAVE_MALLOPT_ARENA_MAX 1
| #define HAVE_VISIBILITY_ATTRIBUTE 1
| #define HAVE_THREAD_LOCAL 1
| /* end confdefs.h.  */
| 
|         #include <bdb4/db_cxx.h>
| 
| int
| main ()
| {
| 
|         #if !((DB_VERSION_MAJOR == 4 && DB_VERSION_MINOR >= 8) || DB_VERSION_MAJOR > 4)
|           #error "failed to find bdb 4.8+"
|         #endif
| 
|   ;
|   return 0;
| }
configure:23382: g++ -std=c++11 -c -g -O2 -Wall -Wextra -Wformat -Wvla -Wformat-security -Wno-unused-parameter  -DHAVE_BUILD_INFO -D__STDC_FORMAT_MACROS conftest.cpp >&5
conftest.cpp:56:35: fatal error: libdb4/db_cxx.h: No such file or directory
compilation terminated.
configure:23382: $? = 1
configure: failed program was:
| /* confdefs.h */
| #define PACKAGE_NAME "Nodebase Core"
| #define PACKAGE_TARNAME "nodebase"
| #define PACKAGE_VERSION "2.0.2"
| #define PACKAGE_STRING "Nodebase Core 2.0.2"
| #define PACKAGE_BUGREPORT "nodebase.tech"
| #define PACKAGE_URL ""
| #define HAVE_CXX11 1
| #define STDC_HEADERS 1
| #define HAVE_SYS_TYPES_H 1
| #define HAVE_SYS_STAT_H 1
| #define HAVE_STDLIB_H 1
| #define HAVE_STRING_H 1
| #define HAVE_MEMORY_H 1
| #define HAVE_STRINGS_H 1
| #define HAVE_INTTYPES_H 1
| #define HAVE_STDINT_H 1
| #define HAVE_UNISTD_H 1
| #define HAVE_DLFCN_H 1
| #define LT_OBJDIR ".libs/"
| #define HAVE_PTHREAD_PRIO_INHERIT 1
| #define HAVE_PTHREAD 1
| #define HAVE_DECL_STRERROR_R 1
| #define HAVE_STRERROR_R 1
| #define STRERROR_R_CHAR_P 1
| #define HAVE_FUNC_ATTRIBUTE_VISIBILITY 1
| #define HAVE_ENDIAN_H 1
| #define HAVE_STDIO_H 1
| #define HAVE_STDLIB_H 1
| #define HAVE_UNISTD_H 1
| #define HAVE_STRINGS_H 1
| #define HAVE_SYS_TYPES_H 1
| #define HAVE_SYS_STAT_H 1
| #define HAVE_SYS_SELECT_H 1
| #define HAVE_SYS_PRCTL_H 1
| #define HAVE_GETADDRINFO_A 1
| #define HAVE_INET_PTON 1
| #define HAVE_DECL_STRNLEN 1
| #define HAVE_DECL_DAEMON 1
| #define HAVE_DECL_LE32TOH 1
| #define HAVE_DECL_LE64TOH 1
| #define HAVE_DECL_HTOLE32 1
| #define HAVE_DECL_HTOLE64 1
| #define HAVE_DECL_BE32TOH 1
| #define HAVE_DECL_BE64TOH 1
| #define HAVE_DECL_HTOBE32 1
| #define HAVE_DECL_HTOBE64 1
| #define HAVE_MSG_NOSIGNAL 1
| #define HAVE_MSG_DONTWAIT 1
| #define HAVE_MALLOC_INFO 1
| #define HAVE_MALLOPT_ARENA_MAX 1
| #define HAVE_VISIBILITY_ATTRIBUTE 1
| #define HAVE_THREAD_LOCAL 1
| /* end confdefs.h.  */
| 
|         #include <libdb4/db_cxx.h>
| 
| int
| main ()
| {
| 
|         #if !((DB_VERSION_MAJOR == 4 && DB_VERSION_MINOR >= 8) || DB_VERSION_MAJOR > 4)
|           #error "failed to find bdb 4.8+"
|         #endif
| 
|   ;
|   return 0;
| }
configure:23382: g++ -std=c++11 -c -g -O2 -Wall -Wextra -Wformat -Wvla -Wformat-security -Wno-unused-parameter  -DHAVE_BUILD_INFO -D__STDC_FORMAT_MACROS conftest.cpp >&5
conftest.cpp:56:32: fatal error: db4/db_cxx.h: No such file or directory
compilation terminated.
configure:23382: $? = 1
configure: failed program was:
| /* confdefs.h */
| #define PACKAGE_NAME "Nodebase Core"
| #define PACKAGE_TARNAME "nodebase"
| #define PACKAGE_VERSION "2.0.2"
| #define PACKAGE_STRING "Nodebase Core 2.0.2"
| #define PACKAGE_BUGREPORT "nodebase.tech"
| #define PACKAGE_URL ""
| #define HAVE_CXX11 1
| #define STDC_HEADERS 1
| #define HAVE_SYS_TYPES_H 1
| #define HAVE_SYS_STAT_H 1
| #define HAVE_STDLIB_H 1
| #define HAVE_STRING_H 1
| #define HAVE_MEMORY_H 1
| #define HAVE_STRINGS_H 1
| #define HAVE_INTTYPES_H 1
| #define HAVE_STDINT_H 1
| #define HAVE_UNISTD_H 1
| #define HAVE_DLFCN_H 1
| #define LT_OBJDIR ".libs/"
| #define HAVE_PTHREAD_PRIO_INHERIT 1
| #define HAVE_PTHREAD 1
| #define HAVE_DECL_STRERROR_R 1
| #define HAVE_STRERROR_R 1
| #define STRERROR_R_CHAR_P 1
| #define HAVE_FUNC_ATTRIBUTE_VISIBILITY 1
| #define HAVE_ENDIAN_H 1
| #define HAVE_STDIO_H 1
| #define HAVE_STDLIB_H 1
| #define HAVE_UNISTD_H 1
| #define HAVE_STRINGS_H 1
| #define HAVE_SYS_TYPES_H 1
| #define HAVE_SYS_STAT_H 1
| #define HAVE_SYS_SELECT_H 1
| #define HAVE_SYS_PRCTL_H 1
| #define HAVE_GETADDRINFO_A 1
| #define HAVE_INET_PTON 1
| #define HAVE_DECL_STRNLEN 1
| #define HAVE_DECL_DAEMON 1
| #define HAVE_DECL_LE32TOH 1
| #define HAVE_DECL_LE64TOH 1
| #define HAVE_DECL_HTOLE32 1
| #define HAVE_DECL_HTOLE64 1
| #define HAVE_DECL_BE32TOH 1
| #define HAVE_DECL_BE64TOH 1
| #define HAVE_DECL_HTOBE32 1
| #define HAVE_DECL_HTOBE64 1
| #define HAVE_MSG_NOSIGNAL 1
| #define HAVE_MSG_DONTWAIT 1
| #define HAVE_MALLOC_INFO 1
| #define HAVE_MALLOPT_ARENA_MAX 1
| #define HAVE_VISIBILITY_ATTRIBUTE 1
| #define HAVE_THREAD_LOCAL 1
| /* end confdefs.h.  */
| 
|         #include <db4/db_cxx.h>
| 
| int
| main ()
| {
| 
|         #if !((DB_VERSION_MAJOR == 4 && DB_VERSION_MINOR >= 8) || DB_VERSION_MAJOR > 4)
|           #error "failed to find bdb 4.8+"
|         #endif
| 
|   ;
|   return 0;
| }
configure:23382: g++ -std=c++11 -c -g -O2 -Wall -Wextra -Wformat -Wvla -Wformat-security -Wno-unused-parameter  -DHAVE_BUILD_INFO -D__STDC_FORMAT_MACROS conftest.cpp >&5
conftest.cpp:56:33: fatal error: bdb5/db_cxx.h: No such file or directory
compilation terminated.
configure:23382: $? = 1
configure: failed program was:
| /* confdefs.h */
| #define PACKAGE_NAME "Nodebase Core"
| #define PACKAGE_TARNAME "nodebase"
| #define PACKAGE_VERSION "2.0.2"
| #define PACKAGE_STRING "Nodebase Core 2.0.2"
| #define PACKAGE_BUGREPORT "nodebase.tech"
| #define PACKAGE_URL ""
| #define HAVE_CXX11 1
| #define STDC_HEADERS 1
| #define HAVE_SYS_TYPES_H 1
| #define HAVE_SYS_STAT_H 1
| #define HAVE_STDLIB_H 1
| #define HAVE_STRING_H 1
| #define HAVE_MEMORY_H 1
| #define HAVE_STRINGS_H 1
| #define HAVE_INTTYPES_H 1
| #define HAVE_STDINT_H 1
| #define HAVE_UNISTD_H 1
| #define HAVE_DLFCN_H 1
| #define LT_OBJDIR ".libs/"
| #define HAVE_PTHREAD_PRIO_INHERIT 1
| #define HAVE_PTHREAD 1
| #define HAVE_DECL_STRERROR_R 1
| #define HAVE_STRERROR_R 1
| #define STRERROR_R_CHAR_P 1
| #define HAVE_FUNC_ATTRIBUTE_VISIBILITY 1
| #define HAVE_ENDIAN_H 1
| #define HAVE_STDIO_H 1
| #define HAVE_STDLIB_H 1
| #define HAVE_UNISTD_H 1
| #define HAVE_STRINGS_H 1
| #define HAVE_SYS_TYPES_H 1
| #define HAVE_SYS_STAT_H 1
| #define HAVE_SYS_SELECT_H 1
| #define HAVE_SYS_PRCTL_H 1
| #define HAVE_GETADDRINFO_A 1
| #define HAVE_INET_PTON 1
| #define HAVE_DECL_STRNLEN 1
| #define HAVE_DECL_DAEMON 1
| #define HAVE_DECL_LE32TOH 1
| #define HAVE_DECL_LE64TOH 1
| #define HAVE_DECL_HTOLE32 1
| #define HAVE_DECL_HTOLE64 1
| #define HAVE_DECL_BE32TOH 1
| #define HAVE_DECL_BE64TOH 1
| #define HAVE_DECL_HTOBE32 1
| #define HAVE_DECL_HTOBE64 1
| #define HAVE_MSG_NOSIGNAL 1
| #define HAVE_MSG_DONTWAIT 1
| #define HAVE_MALLOC_INFO 1
| #define HAVE_MALLOPT_ARENA_MAX 1
| #define HAVE_VISIBILITY_ATTRIBUTE 1
| #define HAVE_THREAD_LOCAL 1
| /* end confdefs.h.  */
| 
|         #include <bdb5/db_cxx.h>
| 
| int
| main ()
| {
| 
|         #if !((DB_VERSION_MAJOR == 4 && DB_VERSION_MINOR >= 8) || DB_VERSION_MAJOR > 4)
|           #error "failed to find bdb 4.8+"
|         #endif
| 
|   ;
|   return 0;
| }
configure:23382: g++ -std=c++11 -c -g -O2 -Wall -Wextra -Wformat -Wvla -Wformat-security -Wno-unused-parameter  -DHAVE_BUILD_INFO -D__STDC_FORMAT_MACROS conftest.cpp >&5
conftest.cpp:56:35: fatal error: libdb5/db_cxx.h: No such file or directory
compilation terminated.
configure:23382: $? = 1
configure: failed program was:
| /* confdefs.h */
| #define PACKAGE_NAME "Nodebase Core"
| #define PACKAGE_TARNAME "nodebase"
| #define PACKAGE_VERSION "2.0.2"
| #define PACKAGE_STRING "Nodebase Core 2.0.2"
| #define PACKAGE_BUGREPORT "nodebase.tech"
| #define PACKAGE_URL ""
| #define HAVE_CXX11 1
| #define STDC_HEADERS 1
| #define HAVE_SYS_TYPES_H 1
| #define HAVE_SYS_STAT_H 1
| #define HAVE_STDLIB_H 1
| #define HAVE_STRING_H 1
| #define HAVE_MEMORY_H 1
| #define HAVE_STRINGS_H 1
| #define HAVE_INTTYPES_H 1
| #define HAVE_STDINT_H 1
| #define HAVE_UNISTD_H 1
| #define HAVE_DLFCN_H 1
| #define LT_OBJDIR ".libs/"
| #define HAVE_PTHREAD_PRIO_INHERIT 1
| #define HAVE_PTHREAD 1
| #define HAVE_DECL_STRERROR_R 1
| #define HAVE_STRERROR_R 1
| #define STRERROR_R_CHAR_P 1
| #define HAVE_FUNC_ATTRIBUTE_VISIBILITY 1
| #define HAVE_ENDIAN_H 1
| #define HAVE_STDIO_H 1
| #define HAVE_STDLIB_H 1
| #define HAVE_UNISTD_H 1
| #define HAVE_STRINGS_H 1
| #define HAVE_SYS_TYPES_H 1
| #define HAVE_SYS_STAT_H 1
| #define HAVE_SYS_SELECT_H 1
| #define HAVE_SYS_PRCTL_H 1
| #define HAVE_GETADDRINFO_A 1
| #define HAVE_INET_PTON 1
| #define HAVE_DECL_STRNLEN 1
| #define HAVE_DECL_DAEMON 1
| #define HAVE_DECL_LE32TOH 1
| #define HAVE_DECL_LE64TOH 1
| #define HAVE_DECL_HTOLE32 1
| #define HAVE_DECL_HTOLE64 1
| #define HAVE_DECL_BE32TOH 1
| #define HAVE_DECL_BE64TOH 1
| #define HAVE_DECL_HTOBE32 1
| #define HAVE_DECL_HTOBE64 1
| #define HAVE_MSG_NOSIGNAL 1
| #define HAVE_MSG_DONTWAIT 1
| #define HAVE_MALLOC_INFO 1
| #define HAVE_MALLOPT_ARENA_MAX 1
| #define HAVE_VISIBILITY_ATTRIBUTE 1
| #define HAVE_THREAD_LOCAL 1
| /* end confdefs.h.  */
| 
|         #include <libdb5/db_cxx.h>
| 
| int
| main ()
| {
| 
|         #if !((DB_VERSION_MAJOR == 4 && DB_VERSION_MINOR >= 8) || DB_VERSION_MAJOR > 4)
|           #error "failed to find bdb 4.8+"
|         #endif
| 
|   ;
|   return 0;
| }
configure:23382: g++ -std=c++11 -c -g -O2 -Wall -Wextra -Wformat -Wvla -Wformat-security -Wno-unused-parameter  -DHAVE_BUILD_INFO -D__STDC_FORMAT_MACROS conftest.cpp >&5
conftest.cpp:56:32: fatal error: db5/db_cxx.h: No such file or directory
compilation terminated.
configure:23382: $? = 1
configure: failed program was:
| /* confdefs.h */
| #define PACKAGE_NAME "Nodebase Core"
| #define PACKAGE_TARNAME "nodebase"
| #define PACKAGE_VERSION "2.0.2"
| #define PACKAGE_STRING "Nodebase Core 2.0.2"
| #define PACKAGE_BUGREPORT "nodebase.tech"
| #define PACKAGE_URL ""
| #define HAVE_CXX11 1
| #define STDC_HEADERS 1
| #define HAVE_SYS_TYPES_H 1
| #define HAVE_SYS_STAT_H 1
| #define HAVE_STDLIB_H 1
| #define HAVE_STRING_H 1
| #define HAVE_MEMORY_H 1
| #define HAVE_STRINGS_H 1
| #define HAVE_INTTYPES_H 1
| #define HAVE_STDINT_H 1
| #define HAVE_UNISTD_H 1
| #define HAVE_DLFCN_H 1
| #define LT_OBJDIR ".libs/"
| #define HAVE_PTHREAD_PRIO_INHERIT 1
| #define HAVE_PTHREAD 1
| #define HAVE_DECL_STRERROR_R 1
| #define HAVE_STRERROR_R 1
| #define STRERROR_R_CHAR_P 1
| #define HAVE_FUNC_ATTRIBUTE_VISIBILITY 1
| #define HAVE_ENDIAN_H 1
| #define HAVE_STDIO_H 1
| #define HAVE_STDLIB_H 1
| #define HAVE_UNISTD_H 1
| #define HAVE_STRINGS_H 1
| #define HAVE_SYS_TYPES_H 1
| #define HAVE_SYS_STAT_H 1
| #define HAVE_SYS_SELECT_H 1
| #define HAVE_SYS_PRCTL_H 1
| #define HAVE_GETADDRINFO_A 1
| #define HAVE_INET_PTON 1
| #define HAVE_DECL_STRNLEN 1
| #define HAVE_DECL_DAEMON 1
| #define HAVE_DECL_LE32TOH 1
| #define HAVE_DECL_LE64TOH 1
| #define HAVE_DECL_HTOLE32 1
| #define HAVE_DECL_HTOLE64 1
| #define HAVE_DECL_BE32TOH 1
| #define HAVE_DECL_BE64TOH 1
| #define HAVE_DECL_HTOBE32 1
| #define HAVE_DECL_HTOBE64 1
| #define HAVE_MSG_NOSIGNAL 1
| #define HAVE_MSG_DONTWAIT 1
| #define HAVE_MALLOC_INFO 1
| #define HAVE_MALLOPT_ARENA_MAX 1
| #define HAVE_VISIBILITY_ATTRIBUTE 1
| #define HAVE_THREAD_LOCAL 1
| /* end confdefs.h.  */
| 
|         #include <db5/db_cxx.h>
| 
| int
| main ()
| {
| 
|         #if !((DB_VERSION_MAJOR == 4 && DB_VERSION_MINOR >= 8) || DB_VERSION_MAJOR > 4)
|           #error "failed to find bdb 4.8+"
|         #endif
| 
|   ;
|   return 0;
| }
configure:23382: g++ -std=c++11 -c -g -O2 -Wall -Wextra -Wformat -Wvla -Wformat-security -Wno-unused-parameter  -DHAVE_BUILD_INFO -D__STDC_FORMAT_MACROS conftest.cpp >&5
conftest.cpp:56:35: fatal error: bdb5.3/db_cxx.h: No such file or directory
compilation terminated.
configure:23382: $? = 1
configure: failed program was:
| /* confdefs.h */
| #define PACKAGE_NAME "Nodebase Core"
| #define PACKAGE_TARNAME "nodebase"
| #define PACKAGE_VERSION "2.0.2"
| #define PACKAGE_STRING "Nodebase Core 2.0.2"
| #define PACKAGE_BUGREPORT "nodebase.tech"
| #define PACKAGE_URL ""
| #define HAVE_CXX11 1
| #define STDC_HEADERS 1
| #define HAVE_SYS_TYPES_H 1
| #define HAVE_SYS_STAT_H 1
| #define HAVE_STDLIB_H 1
| #define HAVE_STRING_H 1
| #define HAVE_MEMORY_H 1
| #define HAVE_STRINGS_H 1
| #define HAVE_INTTYPES_H 1
| #define HAVE_STDINT_H 1
| #define HAVE_UNISTD_H 1
| #define HAVE_DLFCN_H 1
| #define LT_OBJDIR ".libs/"
| #define HAVE_PTHREAD_PRIO_INHERIT 1
| #define HAVE_PTHREAD 1
| #define HAVE_DECL_STRERROR_R 1
| #define HAVE_STRERROR_R 1
| #define STRERROR_R_CHAR_P 1
| #define HAVE_FUNC_ATTRIBUTE_VISIBILITY 1
| #define HAVE_ENDIAN_H 1
| #define HAVE_STDIO_H 1
| #define HAVE_STDLIB_H 1
| #define HAVE_UNISTD_H 1
| #define HAVE_STRINGS_H 1
| #define HAVE_SYS_TYPES_H 1
| #define HAVE_SYS_STAT_H 1
| #define HAVE_SYS_SELECT_H 1
| #define HAVE_SYS_PRCTL_H 1
| #define HAVE_GETADDRINFO_A 1
| #define HAVE_INET_PTON 1
| #define HAVE_DECL_STRNLEN 1
| #define HAVE_DECL_DAEMON 1
| #define HAVE_DECL_LE32TOH 1
| #define HAVE_DECL_LE64TOH 1
| #define HAVE_DECL_HTOLE32 1
| #define HAVE_DECL_HTOLE64 1
| #define HAVE_DECL_BE32TOH 1
| #define HAVE_DECL_BE64TOH 1
| #define HAVE_DECL_HTOBE32 1
| #define HAVE_DECL_HTOBE64 1
| #define HAVE_MSG_NOSIGNAL 1
| #define HAVE_MSG_DONTWAIT 1
| #define HAVE_MALLOC_INFO 1
| #define HAVE_MALLOPT_ARENA_MAX 1
| #define HAVE_VISIBILITY_ATTRIBUTE 1
| #define HAVE_THREAD_LOCAL 1
| /* end confdefs.h.  */
| 
|         #include <bdb5.3/db_cxx.h>
| 
| int
| main ()
| {
| 
|         #if !((DB_VERSION_MAJOR == 4 && DB_VERSION_MINOR >= 8) || DB_VERSION_MAJOR > 4)
|           #error "failed to find bdb 4.8+"
|         #endif
| 
|   ;
|   return 0;
| }
configure:23382: g++ -std=c++11 -c -g -O2 -Wall -Wextra -Wformat -Wvla -Wformat-security -Wno-unused-parameter  -DHAVE_BUILD_INFO -D__STDC_FORMAT_MACROS conftest.cpp >&5
conftest.cpp:56:37: fatal error: libdb5.3/db_cxx.h: No such file or directory
compilation terminated.
configure:23382: $? = 1
configure: failed program was:
| /* confdefs.h */
| #define PACKAGE_NAME "Nodebase Core"
| #define PACKAGE_TARNAME "nodebase"
| #define PACKAGE_VERSION "2.0.2"
| #define PACKAGE_STRING "Nodebase Core 2.0.2"
| #define PACKAGE_BUGREPORT "nodebase.tech"
| #define PACKAGE_URL ""
| #define HAVE_CXX11 1
| #define STDC_HEADERS 1
| #define HAVE_SYS_TYPES_H 1
| #define HAVE_SYS_STAT_H 1
| #define HAVE_STDLIB_H 1
| #define HAVE_STRING_H 1
| #define HAVE_MEMORY_H 1
| #define HAVE_STRINGS_H 1
| #define HAVE_INTTYPES_H 1
| #define HAVE_STDINT_H 1
| #define HAVE_UNISTD_H 1
| #define HAVE_DLFCN_H 1
| #define LT_OBJDIR ".libs/"
| #define HAVE_PTHREAD_PRIO_INHERIT 1
| #define HAVE_PTHREAD 1
| #define HAVE_DECL_STRERROR_R 1
| #define HAVE_STRERROR_R 1
| #define STRERROR_R_CHAR_P 1
| #define HAVE_FUNC_ATTRIBUTE_VISIBILITY 1
| #define HAVE_ENDIAN_H 1
| #define HAVE_STDIO_H 1
| #define HAVE_STDLIB_H 1
| #define HAVE_UNISTD_H 1
| #define HAVE_STRINGS_H 1
| #define HAVE_SYS_TYPES_H 1
| #define HAVE_SYS_STAT_H 1
| #define HAVE_SYS_SELECT_H 1
| #define HAVE_SYS_PRCTL_H 1
| #define HAVE_GETADDRINFO_A 1
| #define HAVE_INET_PTON 1
| #define HAVE_DECL_STRNLEN 1
| #define HAVE_DECL_DAEMON 1
| #define HAVE_DECL_LE32TOH 1
| #define HAVE_DECL_LE64TOH 1
| #define HAVE_DECL_HTOLE32 1
| #define HAVE_DECL_HTOLE64 1
| #define HAVE_DECL_BE32TOH 1
| #define HAVE_DECL_BE64TOH 1
| #define HAVE_DECL_HTOBE32 1
| #define HAVE_DECL_HTOBE64 1
| #define HAVE_MSG_NOSIGNAL 1
| #define HAVE_MSG_DONTWAIT 1
| #define HAVE_MALLOC_INFO 1
| #define HAVE_MALLOPT_ARENA_MAX 1
| #define HAVE_VISIBILITY_ATTRIBUTE 1
| #define HAVE_THREAD_LOCAL 1
| /* end confdefs.h.  */
| 
|         #include <libdb5.3/db_cxx.h>
| 
| int
| main ()
| {
| 
|         #if !((DB_VERSION_MAJOR == 4 && DB_VERSION_MINOR >= 8) || DB_VERSION_MAJOR > 4)
|           #error "failed to find bdb 4.8+"
|         #endif
| 
|   ;
|   return 0;
| }
configure:23382: g++ -std=c++11 -c -g -O2 -Wall -Wextra -Wformat -Wvla -Wformat-security -Wno-unused-parameter  -DHAVE_BUILD_INFO -D__STDC_FORMAT_MACROS conftest.cpp >&5
conftest.cpp:56:34: fatal error: db5.3/db_cxx.h: No such file or directory
compilation terminated.
configure:23382: $? = 1
configure: failed program was:
| /* confdefs.h */
| #define PACKAGE_NAME "Nodebase Core"
| #define PACKAGE_TARNAME "nodebase"
| #define PACKAGE_VERSION "2.0.2"
| #define PACKAGE_STRING "Nodebase Core 2.0.2"
| #define PACKAGE_BUGREPORT "nodebase.tech"
| #define PACKAGE_URL ""
| #define HAVE_CXX11 1
| #define STDC_HEADERS 1
| #define HAVE_SYS_TYPES_H 1
| #define HAVE_SYS_STAT_H 1
| #define HAVE_STDLIB_H 1
| #define HAVE_STRING_H 1
| #define HAVE_MEMORY_H 1
| #define HAVE_STRINGS_H 1
| #define HAVE_INTTYPES_H 1
| #define HAVE_STDINT_H 1
| #define HAVE_UNISTD_H 1
| #define HAVE_DLFCN_H 1
| #define LT_OBJDIR ".libs/"
| #define HAVE_PTHREAD_PRIO_INHERIT 1
| #define HAVE_PTHREAD 1
| #define HAVE_DECL_STRERROR_R 1
| #define HAVE_STRERROR_R 1
| #define STRERROR_R_CHAR_P 1
| #define HAVE_FUNC_ATTRIBUTE_VISIBILITY 1
| #define HAVE_ENDIAN_H 1
| #define HAVE_STDIO_H 1
| #define HAVE_STDLIB_H 1
| #define HAVE_UNISTD_H 1
| #define HAVE_STRINGS_H 1
| #define HAVE_SYS_TYPES_H 1
| #define HAVE_SYS_STAT_H 1
| #define HAVE_SYS_SELECT_H 1
| #define HAVE_SYS_PRCTL_H 1
| #define HAVE_GETADDRINFO_A 1
| #define HAVE_INET_PTON 1
| #define HAVE_DECL_STRNLEN 1
| #define HAVE_DECL_DAEMON 1
| #define HAVE_DECL_LE32TOH 1
| #define HAVE_DECL_LE64TOH 1
| #define HAVE_DECL_HTOLE32 1
| #define HAVE_DECL_HTOLE64 1
| #define HAVE_DECL_BE32TOH 1
| #define HAVE_DECL_BE64TOH 1
| #define HAVE_DECL_HTOBE32 1
| #define HAVE_DECL_HTOBE64 1
| #define HAVE_MSG_NOSIGNAL 1
| #define HAVE_MSG_DONTWAIT 1
| #define HAVE_MALLOC_INFO 1
| #define HAVE_MALLOPT_ARENA_MAX 1
| #define HAVE_VISIBILITY_ATTRIBUTE 1
| #define HAVE_THREAD_LOCAL 1
| /* end confdefs.h.  */
| 
|         #include <db5.3/db_cxx.h>
| 
| int
| main ()
| {
| 
|         #if !((DB_VERSION_MAJOR == 4 && DB_VERSION_MINOR >= 8) || DB_VERSION_MAJOR > 4)
|           #error "failed to find bdb 4.8+"
|         #endif
| 
|   ;
|   return 0;
| }
configure:23382: g++ -std=c++11 -c -g -O2 -Wall -Wextra -Wformat -Wvla -Wformat-security -Wno-unused-parameter  -DHAVE_BUILD_INFO -D__STDC_FORMAT_MACROS conftest.cpp >&5
conftest.cpp:56:32: fatal error: bdb/db_cxx.h: No such file or directory
compilation terminated.
configure:23382: $? = 1
configure: failed program was:
| /* confdefs.h */
| #define PACKAGE_NAME "Nodebase Core"
| #define PACKAGE_TARNAME "nodebase"
| #define PACKAGE_VERSION "2.0.2"
| #define PACKAGE_STRING "Nodebase Core 2.0.2"
| #define PACKAGE_BUGREPORT "nodebase.tech"
| #define PACKAGE_URL ""
| #define HAVE_CXX11 1
| #define STDC_HEADERS 1
| #define HAVE_SYS_TYPES_H 1
| #define HAVE_SYS_STAT_H 1
| #define HAVE_STDLIB_H 1
| #define HAVE_STRING_H 1
| #define HAVE_MEMORY_H 1
| #define HAVE_STRINGS_H 1
| #define HAVE_INTTYPES_H 1
| #define HAVE_STDINT_H 1
| #define HAVE_UNISTD_H 1
| #define HAVE_DLFCN_H 1
| #define LT_OBJDIR ".libs/"
| #define HAVE_PTHREAD_PRIO_INHERIT 1
| #define HAVE_PTHREAD 1
| #define HAVE_DECL_STRERROR_R 1
| #define HAVE_STRERROR_R 1
| #define STRERROR_R_CHAR_P 1
| #define HAVE_FUNC_ATTRIBUTE_VISIBILITY 1
| #define HAVE_ENDIAN_H 1
| #define HAVE_STDIO_H 1
| #define HAVE_STDLIB_H 1
| #define HAVE_UNISTD_H 1
| #define HAVE_STRINGS_H 1
| #define HAVE_SYS_TYPES_H 1
| #define HAVE_SYS_STAT_H 1
| #define HAVE_SYS_SELECT_H 1
| #define HAVE_SYS_PRCTL_H 1
| #define HAVE_GETADDRINFO_A 1
| #define HAVE_INET_PTON 1
| #define HAVE_DECL_STRNLEN 1
| #define HAVE_DECL_DAEMON 1
| #define HAVE_DECL_LE32TOH 1
| #define HAVE_DECL_LE64TOH 1
| #define HAVE_DECL_HTOLE32 1
| #define HAVE_DECL_HTOLE64 1
| #define HAVE_DECL_BE32TOH 1
| #define HAVE_DECL_BE64TOH 1
| #define HAVE_DECL_HTOBE32 1
| #define HAVE_DECL_HTOBE64 1
| #define HAVE_MSG_NOSIGNAL 1
| #define HAVE_MSG_DONTWAIT 1
| #define HAVE_MALLOC_INFO 1
| #define HAVE_MALLOPT_ARENA_MAX 1
| #define HAVE_VISIBILITY_ATTRIBUTE 1
| #define HAVE_THREAD_LOCAL 1
| /* end confdefs.h.  */
| 
|         #include <bdb/db_cxx.h>
| 
| int
| main ()
| {
| 
|         #if !((DB_VERSION_MAJOR == 4 && DB_VERSION_MINOR >= 8) || DB_VERSION_MAJOR > 4)
|           #error "failed to find bdb 4.8+"
|         #endif
| 
|   ;
|   return 0;
| }
configure:23382: g++ -std=c++11 -c -g -O2 -Wall -Wextra -Wformat -Wvla -Wformat-security -Wno-unused-parameter  -DHAVE_BUILD_INFO -D__STDC_FORMAT_MACROS conftest.cpp >&5
conftest.cpp:56:34: fatal error: libdb/db_cxx.h: No such file or directory
compilation terminated.
configure:23382: $? = 1
configure: failed program was:
| /* confdefs.h */
| #define PACKAGE_NAME "Nodebase Core"
| #define PACKAGE_TARNAME "nodebase"
| #define PACKAGE_VERSION "2.0.2"
| #define PACKAGE_STRING "Nodebase Core 2.0.2"
| #define PACKAGE_BUGREPORT "nodebase.tech"
| #define PACKAGE_URL ""
| #define HAVE_CXX11 1
| #define STDC_HEADERS 1
| #define HAVE_SYS_TYPES_H 1
| #define HAVE_SYS_STAT_H 1
| #define HAVE_STDLIB_H 1
| #define HAVE_STRING_H 1
| #define HAVE_MEMORY_H 1
| #define HAVE_STRINGS_H 1
| #define HAVE_INTTYPES_H 1
| #define HAVE_STDINT_H 1
| #define HAVE_UNISTD_H 1
| #define HAVE_DLFCN_H 1
| #define LT_OBJDIR ".libs/"
| #define HAVE_PTHREAD_PRIO_INHERIT 1
| #define HAVE_PTHREAD 1
| #define HAVE_DECL_STRERROR_R 1
| #define HAVE_STRERROR_R 1
| #define STRERROR_R_CHAR_P 1
| #define HAVE_FUNC_ATTRIBUTE_VISIBILITY 1
| #define HAVE_ENDIAN_H 1
| #define HAVE_STDIO_H 1
| #define HAVE_STDLIB_H 1
| #define HAVE_UNISTD_H 1
| #define HAVE_STRINGS_H 1
| #define HAVE_SYS_TYPES_H 1
| #define HAVE_SYS_STAT_H 1
| #define HAVE_SYS_SELECT_H 1
| #define HAVE_SYS_PRCTL_H 1
| #define HAVE_GETADDRINFO_A 1
| #define HAVE_INET_PTON 1
| #define HAVE_DECL_STRNLEN 1
| #define HAVE_DECL_DAEMON 1
| #define HAVE_DECL_LE32TOH 1
| #define HAVE_DECL_LE64TOH 1
| #define HAVE_DECL_HTOLE32 1
| #define HAVE_DECL_HTOLE64 1
| #define HAVE_DECL_BE32TOH 1
| #define HAVE_DECL_BE64TOH 1
| #define HAVE_DECL_HTOBE32 1
| #define HAVE_DECL_HTOBE64 1
| #define HAVE_MSG_NOSIGNAL 1
| #define HAVE_MSG_DONTWAIT 1
| #define HAVE_MALLOC_INFO 1
| #define HAVE_MALLOPT_ARENA_MAX 1
| #define HAVE_VISIBILITY_ATTRIBUTE 1
| #define HAVE_THREAD_LOCAL 1
| /* end confdefs.h.  */
| 
|         #include <libdb/db_cxx.h>
| 
| int
| main ()
| {
| 
|         #if !((DB_VERSION_MAJOR == 4 && DB_VERSION_MINOR >= 8) || DB_VERSION_MAJOR > 4)
|           #error "failed to find bdb 4.8+"
|         #endif
| 
|   ;
|   return 0;
| }
configure:23382: g++ -std=c++11 -c -g -O2 -Wall -Wextra -Wformat -Wvla -Wformat-security -Wno-unused-parameter  -DHAVE_BUILD_INFO -D__STDC_FORMAT_MACROS conftest.cpp >&5
conftest.cpp:56:31: fatal error: db/db_cxx.h: No such file or directory
compilation terminated.
configure:23382: $? = 1
configure: failed program was:
| /* confdefs.h */
| #define PACKAGE_NAME "Nodebase Core"
| #define PACKAGE_TARNAME "nodebase"
| #define PACKAGE_VERSION "2.0.2"
| #define PACKAGE_STRING "Nodebase Core 2.0.2"
| #define PACKAGE_BUGREPORT "nodebase.tech"
| #define PACKAGE_URL ""
| #define HAVE_CXX11 1
| #define STDC_HEADERS 1
| #define HAVE_SYS_TYPES_H 1
| #define HAVE_SYS_STAT_H 1
| #define HAVE_STDLIB_H 1
| #define HAVE_STRING_H 1
| #define HAVE_MEMORY_H 1
| #define HAVE_STRINGS_H 1
| #define HAVE_INTTYPES_H 1
| #define HAVE_STDINT_H 1
| #define HAVE_UNISTD_H 1
| #define HAVE_DLFCN_H 1
| #define LT_OBJDIR ".libs/"
| #define HAVE_PTHREAD_PRIO_INHERIT 1
| #define HAVE_PTHREAD 1
| #define HAVE_DECL_STRERROR_R 1
| #define HAVE_STRERROR_R 1
| #define STRERROR_R_CHAR_P 1
| #define HAVE_FUNC_ATTRIBUTE_VISIBILITY 1
| #define HAVE_ENDIAN_H 1
| #define HAVE_STDIO_H 1
| #define HAVE_STDLIB_H 1
| #define HAVE_UNISTD_H 1
| #define HAVE_STRINGS_H 1
| #define HAVE_SYS_TYPES_H 1
| #define HAVE_SYS_STAT_H 1
| #define HAVE_SYS_SELECT_H 1
| #define HAVE_SYS_PRCTL_H 1
| #define HAVE_GETADDRINFO_A 1
| #define HAVE_INET_PTON 1
| #define HAVE_DECL_STRNLEN 1
| #define HAVE_DECL_DAEMON 1
| #define HAVE_DECL_LE32TOH 1
| #define HAVE_DECL_LE64TOH 1
| #define HAVE_DECL_HTOLE32 1
| #define HAVE_DECL_HTOLE64 1
| #define HAVE_DECL_BE32TOH 1
| #define HAVE_DECL_BE64TOH 1
| #define HAVE_DECL_HTOBE32 1
| #define HAVE_DECL_HTOBE64 1
| #define HAVE_MSG_NOSIGNAL 1
| #define HAVE_MSG_DONTWAIT 1
| #define HAVE_MALLOC_INFO 1
| #define HAVE_MALLOPT_ARENA_MAX 1
| #define HAVE_VISIBILITY_ATTRIBUTE 1
| #define HAVE_THREAD_LOCAL 1
| /* end confdefs.h.  */
| 
|         #include <db/db_cxx.h>
| 
| int
| main ()
| {
| 
|         #if !((DB_VERSION_MAJOR == 4 && DB_VERSION_MINOR >= 8) || DB_VERSION_MAJOR > 4)
|           #error "failed to find bdb 4.8+"
|         #endif
| 
|   ;
|   return 0;
| }
configure:23382: g++ -std=c++11 -c -g -O2 -Wall -Wextra -Wformat -Wvla -Wformat-security -Wno-unused-parameter  -DHAVE_BUILD_INFO -D__STDC_FORMAT_MACROS conftest.cpp >&5
configure:23382: $? = 0
configure:23411: g++ -std=c++11 -c -g -O2 -Wall -Wextra -Wformat -Wvla -Wformat-security -Wno-unused-parameter  -DHAVE_BUILD_INFO -D__STDC_FORMAT_MACROS conftest.cpp >&5
configure:23411: $? = 0
configure:23454: result: default
configure:23477: checking for main in -ldb_cxx-4.8
configure:23496: g++ -std=c++11 -o conftest -g -O2 -Wall -Wextra -Wformat -Wvla -Wformat-security -Wno-unused-parameter  -DHAVE_BUILD_INFO -D__STDC_FORMAT_MACROS  conftest.cpp -ldb_cxx-4.8  -lanl  >&5
configure:23496: $? = 0
configure:23506: result: yes
configure:23528: checking miniupnpc/miniwget.h usability
configure:23528: g++ -std=c++11 -c -g -O2 -Wall -Wextra -Wformat -Wvla -Wformat-security -Wno-unused-parameter  -DHAVE_BUILD_INFO -D__STDC_FORMAT_MACROS conftest.cpp >&5
configure:23528: $? = 0
configure:23528: result: yes
configure:23528: checking miniupnpc/miniwget.h presence
configure:23528: g++ -std=c++11 -E  -DHAVE_BUILD_INFO -D__STDC_FORMAT_MACROS conftest.cpp
configure:23528: $? = 0
configure:23528: result: yes
configure:23528: checking for miniupnpc/miniwget.h
configure:23528: result: yes
configure:23533: checking for main in -lminiupnpc
configure:23552: g++ -std=c++11 -o conftest -g -O2 -Wall -Wextra -Wformat -Wvla -Wformat-security -Wno-unused-parameter  -DHAVE_BUILD_INFO -D__STDC_FORMAT_MACROS  conftest.cpp -lminiupnpc  -lanl  >&5
configure:23552: $? = 0
configure:23561: result: yes
configure:23528: checking miniupnpc/miniupnpc.h usability
configure:23528: g++ -std=c++11 -c -g -O2 -Wall -Wextra -Wformat -Wvla -Wformat-security -Wno-unused-parameter  -DHAVE_BUILD_INFO -D__STDC_FORMAT_MACROS conftest.cpp >&5
configure:23528: $? = 0
configure:23528: result: yes
configure:23528: checking miniupnpc/miniupnpc.h presence
configure:23528: g++ -std=c++11 -E  -DHAVE_BUILD_INFO -D__STDC_FORMAT_MACROS conftest.cpp
configure:23528: $? = 0
configure:23528: result: yes
configure:23528: checking for miniupnpc/miniupnpc.h
configure:23528: result: yes
configure:23533: checking for main in -lminiupnpc
configure:23561: result: yes
configure:23528: checking miniupnpc/upnpcommands.h usability
configure:23528: g++ -std=c++11 -c -g -O2 -Wall -Wextra -Wformat -Wvla -Wformat-security -Wno-unused-parameter  -DHAVE_BUILD_INFO -D__STDC_FORMAT_MACROS conftest.cpp >&5
configure:23528: $? = 0
configure:23528: result: yes
configure:23528: checking miniupnpc/upnpcommands.h presence
configure:23528: g++ -std=c++11 -E  -DHAVE_BUILD_INFO -D__STDC_FORMAT_MACROS conftest.cpp
configure:23528: $? = 0
configure:23528: result: yes
configure:23528: checking for miniupnpc/upnpcommands.h
configure:23528: result: yes
configure:23533: checking for main in -lminiupnpc
configure:23561: result: yes
configure:23528: checking miniupnpc/upnperrors.h usability
configure:23528: g++ -std=c++11 -c -g -O2 -Wall -Wextra -Wformat -Wvla -Wformat-security -Wno-unused-parameter  -DHAVE_BUILD_INFO -D__STDC_FORMAT_MACROS conftest.cpp >&5
configure:23528: $? = 0
configure:23528: result: yes
configure:23528: checking miniupnpc/upnperrors.h presence
configure:23528: g++ -std=c++11 -E  -DHAVE_BUILD_INFO -D__STDC_FORMAT_MACROS conftest.cpp
configure:23528: $? = 0
configure:23528: result: yes
configure:23528: checking for miniupnpc/upnperrors.h
configure:23528: result: yes
configure:23533: checking for main in -lminiupnpc
configure:23561: result: yes
configure:23671: checking for QT5
configure:23678: $PKG_CONFIG --exists --print-errors "$qt5_modules"
configure:23681: $? = 0
configure:23695: $PKG_CONFIG --exists --print-errors "$qt5_modules"
configure:23698: $? = 0
configure:23736: result: yes
configure:23988: checking for QT_TEST
configure:23995: $PKG_CONFIG --exists --print-errors "${QT_LIB_PREFIX}Test"
configure:23998: $? = 0
configure:24012: $PKG_CONFIG --exists --print-errors "${QT_LIB_PREFIX}Test"
configure:24015: $? = 0
configure:24053: result: yes
configure:24060: checking for QT_DBUS
configure:24067: $PKG_CONFIG --exists --print-errors "${QT_LIB_PREFIX}DBus"
configure:24070: $? = 0
configure:24084: $PKG_CONFIG --exists --print-errors "${QT_LIB_PREFIX}DBus"
configure:24087: $? = 0
configure:24125: result: yes
configure:25095: checking for static Qt
configure:25121: g++ -std=c++11 -c -fPIC -g -O2 -Wall -Wextra -Wformat -Wvla -Wformat-security -Wno-unused-parameter -I/usr/include/x86_64-linux-gnu/qt5/QtNetwork -I/usr/include/x86_64-linux-gnu/qt5 -I/usr/include/x86_64-linux-gnu/qt5/QtWidgets -I/usr/include/x86_64-linux-gnu/qt5 -I/usr/include/x86_64-linux-gnu/qt5/QtGui -I/usr/include/x86_64-linux-gnu/qt5 -I/usr/include/x86_64-linux-gnu/qt5/QtCore -I/usr/include/x86_64-linux-gnu/qt5  -DHAVE_BUILD_INFO -D__STDC_FORMAT_MACROS conftest.cpp >&5
conftest.cpp: In function 'int main()':
conftest.cpp:70:7: error: 'choke' was not declared in this scope
       choke
       ^
configure:25121: $? = 1
configure: failed program was:
| /* confdefs.h */
| #define PACKAGE_NAME "Nodebase Core"
| #define PACKAGE_TARNAME "nodebase"
| #define PACKAGE_VERSION "2.0.2"
| #define PACKAGE_STRING "Nodebase Core 2.0.2"
| #define PACKAGE_BUGREPORT "nodebase.tech"
| #define PACKAGE_URL ""
| #define HAVE_CXX11 1
| #define STDC_HEADERS 1
| #define HAVE_SYS_TYPES_H 1
| #define HAVE_SYS_STAT_H 1
| #define HAVE_STDLIB_H 1
| #define HAVE_STRING_H 1
| #define HAVE_MEMORY_H 1
| #define HAVE_STRINGS_H 1
| #define HAVE_INTTYPES_H 1
| #define HAVE_STDINT_H 1
| #define HAVE_UNISTD_H 1
| #define HAVE_DLFCN_H 1
| #define LT_OBJDIR ".libs/"
| #define HAVE_PTHREAD_PRIO_INHERIT 1
| #define HAVE_PTHREAD 1
| #define HAVE_DECL_STRERROR_R 1
| #define HAVE_STRERROR_R 1
| #define STRERROR_R_CHAR_P 1
| #define HAVE_FUNC_ATTRIBUTE_VISIBILITY 1
| #define HAVE_ENDIAN_H 1
| #define HAVE_STDIO_H 1
| #define HAVE_STDLIB_H 1
| #define HAVE_UNISTD_H 1
| #define HAVE_STRINGS_H 1
| #define HAVE_SYS_TYPES_H 1
| #define HAVE_SYS_STAT_H 1
| #define HAVE_SYS_SELECT_H 1
| #define HAVE_SYS_PRCTL_H 1
| #define HAVE_GETADDRINFO_A 1
| #define HAVE_INET_PTON 1
| #define HAVE_DECL_STRNLEN 1
| #define HAVE_DECL_DAEMON 1
| #define HAVE_DECL_LE32TOH 1
| #define HAVE_DECL_LE64TOH 1
| #define HAVE_DECL_HTOLE32 1
| #define HAVE_DECL_HTOLE64 1
| #define HAVE_DECL_BE32TOH 1
| #define HAVE_DECL_BE64TOH 1
| #define HAVE_DECL_HTOBE32 1
| #define HAVE_DECL_HTOBE64 1
| #define HAVE_MSG_NOSIGNAL 1
| #define HAVE_MSG_DONTWAIT 1
| #define HAVE_MALLOC_INFO 1
| #define HAVE_MALLOPT_ARENA_MAX 1
| #define HAVE_VISIBILITY_ATTRIBUTE 1
| #define HAVE_THREAD_LOCAL 1
| #define HAVE_MINIUPNPC_MINIWGET_H 1
| #define HAVE_MINIUPNPC_MINIUPNPC_H 1
| #define HAVE_MINIUPNPC_UPNPCOMMANDS_H 1
| #define HAVE_MINIUPNPC_UPNPERRORS_H 1
| /* end confdefs.h.  */
| 
|       #include <QtCore/qconfig.h>
|       #ifndef QT_VERSION
|       #  include <QtCore/qglobal.h>
|       #endif
| 
| int
| main ()
| {
| 
|       #if !defined(QT_STATIC)
|       choke
|       #endif
| 
|   ;
|   return 0;
| }
configure:25129: result: no
configure:25858: checking whether -fPIE can be used with this Qt config
configure:25884: g++ -std=c++11 -c -fPIC -g -O2 -Wall -Wextra -Wformat -Wvla -Wformat-security -Wno-unused-parameter -I/usr/include/x86_64-linux-gnu/qt5/QtNetwork -I/usr/include/x86_64-linux-gnu/qt5 -I/usr/include/x86_64-linux-gnu/qt5/QtWidgets -I/usr/include/x86_64-linux-gnu/qt5 -I/usr/include/x86_64-linux-gnu/qt5/QtGui -I/usr/include/x86_64-linux-gnu/qt5 -I/usr/include/x86_64-linux-gnu/qt5/QtCore -I/usr/include/x86_64-linux-gnu/qt5  -DHAVE_BUILD_INFO -D__STDC_FORMAT_MACROS -DHAVE_QT5 conftest.cpp >&5
conftest.cpp: In function 'int main()':
conftest.cpp:70:9: error: 'choke' was not declared in this scope
         choke
         ^
configure:25884: $? = 1
configure: failed program was:
| /* confdefs.h */
| #define PACKAGE_NAME "Nodebase Core"
| #define PACKAGE_TARNAME "nodebase"
| #define PACKAGE_VERSION "2.0.2"
| #define PACKAGE_STRING "Nodebase Core 2.0.2"
| #define PACKAGE_BUGREPORT "nodebase.tech"
| #define PACKAGE_URL ""
| #define HAVE_CXX11 1
| #define STDC_HEADERS 1
| #define HAVE_SYS_TYPES_H 1
| #define HAVE_SYS_STAT_H 1
| #define HAVE_STDLIB_H 1
| #define HAVE_STRING_H 1
| #define HAVE_MEMORY_H 1
| #define HAVE_STRINGS_H 1
| #define HAVE_INTTYPES_H 1
| #define HAVE_STDINT_H 1
| #define HAVE_UNISTD_H 1
| #define HAVE_DLFCN_H 1
| #define LT_OBJDIR ".libs/"
| #define HAVE_PTHREAD_PRIO_INHERIT 1
| #define HAVE_PTHREAD 1
| #define HAVE_DECL_STRERROR_R 1
| #define HAVE_STRERROR_R 1
| #define STRERROR_R_CHAR_P 1
| #define HAVE_FUNC_ATTRIBUTE_VISIBILITY 1
| #define HAVE_ENDIAN_H 1
| #define HAVE_STDIO_H 1
| #define HAVE_STDLIB_H 1
| #define HAVE_UNISTD_H 1
| #define HAVE_STRINGS_H 1
| #define HAVE_SYS_TYPES_H 1
| #define HAVE_SYS_STAT_H 1
| #define HAVE_SYS_SELECT_H 1
| #define HAVE_SYS_PRCTL_H 1
| #define HAVE_GETADDRINFO_A 1
| #define HAVE_INET_PTON 1
| #define HAVE_DECL_STRNLEN 1
| #define HAVE_DECL_DAEMON 1
| #define HAVE_DECL_LE32TOH 1
| #define HAVE_DECL_LE64TOH 1
| #define HAVE_DECL_HTOLE32 1
| #define HAVE_DECL_HTOLE64 1
| #define HAVE_DECL_BE32TOH 1
| #define HAVE_DECL_BE64TOH 1
| #define HAVE_DECL_HTOBE32 1
| #define HAVE_DECL_HTOBE64 1
| #define HAVE_MSG_NOSIGNAL 1
| #define HAVE_MSG_DONTWAIT 1
| #define HAVE_MALLOC_INFO 1
| #define HAVE_MALLOPT_ARENA_MAX 1
| #define HAVE_VISIBILITY_ATTRIBUTE 1
| #define HAVE_THREAD_LOCAL 1
| #define HAVE_MINIUPNPC_MINIWGET_H 1
| #define HAVE_MINIUPNPC_MINIUPNPC_H 1
| #define HAVE_MINIUPNPC_UPNPCOMMANDS_H 1
| #define HAVE_MINIUPNPC_UPNPERRORS_H 1
| /* end confdefs.h.  */
| 
|         #include <QtCore/qconfig.h>
|         #ifndef QT_VERSION
|         #  include <QtCore/qglobal.h>
|         #endif
| 
| int
| main ()
| {
| 
|         #if defined(QT_REDUCE_RELOCATIONS)
|         choke
|         #endif
| 
|   ;
|   return 0;
| }
configure:25888: result: no
configure:25958: checking for moc-qt5
configure:25991: result: no
configure:25958: checking for moc5
configure:25991: result: no
configure:25958: checking for moc
configure:25976: found /usr/lib/x86_64-linux-gnu/qt5/bin/moc
configure:25988: result: /usr/lib/x86_64-linux-gnu/qt5/bin/moc
configure:26077: checking for uic-qt5
configure:26110: result: no
configure:26077: checking for uic5
configure:26110: result: no
configure:26077: checking for uic
configure:26095: found /usr/lib/x86_64-linux-gnu/qt5/bin/uic
configure:26107: result: /usr/lib/x86_64-linux-gnu/qt5/bin/uic
configure:26196: checking for rcc-qt5
configure:26229: result: no
configure:26196: checking for rcc5
configure:26229: result: no
configure:26196: checking for rcc
configure:26214: found /usr/lib/x86_64-linux-gnu/qt5/bin/rcc
configure:26226: result: /usr/lib/x86_64-linux-gnu/qt5/bin/rcc
configure:26315: checking for lrelease-qt5
configure:26348: result: no
configure:26315: checking for lrelease5
configure:26348: result: no
configure:26315: checking for lrelease
configure:26333: found /usr/lib/x86_64-linux-gnu/qt5/bin/lrelease
configure:26345: result: /usr/lib/x86_64-linux-gnu/qt5/bin/lrelease
configure:26434: checking for lupdate-qt5
configure:26467: result: no
configure:26434: checking for lupdate5
configure:26467: result: no
configure:26434: checking for lupdate
configure:26452: found /usr/lib/x86_64-linux-gnu/qt5/bin/lupdate
configure:26464: result: /usr/lib/x86_64-linux-gnu/qt5/bin/lupdate
configure:26649: checking whether to build Nodebase Core GUI
configure:26679: result: yes (Qt5)
configure:26753: checking for boostlib >= 1.47.0
configure:26838: g++ -std=c++11 -c -g -O2 -Wall -Wextra -Wformat -Wvla -Wformat-security -Wno-unused-parameter  -DHAVE_BUILD_INFO -D__STDC_FORMAT_MACROS -DHAVE_QT5 -I/usr/include conftest.cpp >&5
configure:26838: $? = 0
configure:26840: result: yes
configure:27027: checking whether the Boost::System library is available
configure:27052: g++ -std=c++11 -c   -DHAVE_BUILD_INFO -D__STDC_FORMAT_MACROS -DHAVE_QT5 -I/usr/include conftest.cpp >&5
configure:27052: $? = 0
configure:27067: result: yes
configure:27083: checking for exit in -lboost_system
configure:27108: g++ -std=c++11 -o conftest -g -O2 -Wall -Wextra -Wformat -Wvla -Wformat-security -Wno-unused-parameter  -DHAVE_BUILD_INFO -D__STDC_FORMAT_MACROS -DHAVE_QT5 -I/usr/include  -L/usr/lib/x86_64-linux-gnu conftest.cpp -lboost_system  -lanl  >&5
configure:27108: $? = 0
configure:27118: result: yes
configure:27273: checking whether the Boost::Filesystem library is available
configure:27297: g++ -std=c++11 -c -g -O2 -Wall -Wextra -Wformat -Wvla -Wformat-security -Wno-unused-parameter  -DHAVE_BUILD_INFO -D__STDC_FORMAT_MACROS -DHAVE_QT5 -I/usr/include conftest.cpp >&5
configure:27297: $? = 0
configure:27311: result: yes
configure:27323: checking for exit in -lboost_filesystem
configure:27348: g++ -std=c++11 -o conftest -g -O2 -Wall -Wextra -Wformat -Wvla -Wformat-security -Wno-unused-parameter  -DHAVE_BUILD_INFO -D__STDC_FORMAT_MACROS -DHAVE_QT5 -I/usr/include  -L/usr/lib/x86_64-linux-gnu conftest.cpp -lboost_filesystem  -lanl  -lboost_system >&5
configure:27348: $? = 0
configure:27358: result: yes
configure:27508: checking whether the Boost::Program_Options library is available
configure:27532: g++ -std=c++11 -c -g -O2 -Wall -Wextra -Wformat -Wvla -Wformat-security -Wno-unused-parameter  -DHAVE_BUILD_INFO -D__STDC_FORMAT_MACROS -DHAVE_QT5 -I/usr/include conftest.cpp >&5
configure:27532: $? = 0
configure:27546: result: yes
configure:27557: checking for exit in -lboost_program_options
configure:27582: g++ -std=c++11 -o conftest -g -O2 -Wall -Wextra -Wformat -Wvla -Wformat-security -Wno-unused-parameter  -DHAVE_BUILD_INFO -D__STDC_FORMAT_MACROS -DHAVE_QT5 -I/usr/include  -L/usr/lib/x86_64-linux-gnu conftest.cpp -lboost_program_options  -lanl  >&5
configure:27582: $? = 0
configure:27592: result: yes
configure:27735: checking whether the Boost::Thread library is available
configure:27767: g++ -std=c++11 -c -pthread -g -O2 -Wall -Wextra -Wformat -Wvla -Wformat-security -Wno-unused-parameter  -DHAVE_BUILD_INFO -D__STDC_FORMAT_MACROS -DHAVE_QT5 -I/usr/include conftest.cpp >&5
configure:27767: $? = 0
configure:27782: result: yes
configure:27812: checking for exit in -lboost_thread
configure:27837: g++ -std=c++11 -o conftest -g -O2 -Wall -Wextra -Wformat -Wvla -Wformat-security -Wno-unused-parameter  -DHAVE_BUILD_INFO -D__STDC_FORMAT_MACROS -DHAVE_QT5 -I/usr/include  -L/usr/lib/x86_64-linux-gnu conftest.cpp -lboost_thread  -lanl  >&5
configure:27837: $? = 0
configure:27847: result: yes
configure:28007: checking whether the Boost::Chrono library is available
configure:28031: g++ -std=c++11 -c -g -O2 -Wall -Wextra -Wformat -Wvla -Wformat-security -Wno-unused-parameter  -DHAVE_BUILD_INFO -D__STDC_FORMAT_MACROS -DHAVE_QT5 -pthread -I/usr/include conftest.cpp >&5
configure:28031: $? = 0
configure:28046: result: yes
configure:28062: checking for exit in -lboost_chrono
configure:28087: g++ -std=c++11 -o conftest -g -O2 -Wall -Wextra -Wformat -Wvla -Wformat-security -Wno-unused-parameter  -DHAVE_BUILD_INFO -D__STDC_FORMAT_MACROS -DHAVE_QT5 -pthread -I/usr/include  -L/usr/lib/x86_64-linux-gnu conftest.cpp -lboost_chrono  -lanl  >&5
configure:28087: $? = 0
configure:28097: result: yes
configure:28339: checking whether the Boost::Unit_Test_Framework library is available
configure:28362: g++ -std=c++11 -c -g -O2 -Wall -Wextra -Wformat -Wvla -Wformat-security -Wno-unused-parameter  -DHAVE_BUILD_INFO -D__STDC_FORMAT_MACROS -DHAVE_QT5 -DBOOST_SP_USE_STD_ATOMIC -DBOOST_AC_USE_STD_ATOMIC -pthread -I/usr/include conftest.cpp >&5
conftest.cpp: In function 'int main()':
conftest.cpp:70:21: warning: unused variable 'test' [-Wunused-variable]
         test_suite* test= BOOST_TEST_SUITE( "Unit test example 1" ); return 0;
                     ^
configure:28362: $? = 0
configure:28376: result: yes
configure:28488: checking for dynamic linked boost test
configure:28503: g++ -std=c++11 -o conftest -g -O2 -Wall -Wextra -Wformat -Wvla -Wformat-security -Wno-unused-parameter  -DHAVE_BUILD_INFO -D__STDC_FORMAT_MACROS -DHAVE_QT5 -DBOOST_SP_USE_STD_ATOMIC -DBOOST_AC_USE_STD_ATOMIC -pthread -I/usr/include  conftest.cpp -lanl  -L/usr/lib/x86_64-linux-gnu -lboost_unit_test_framework >&5
configure:28503: $? = 0
configure:28504: result: yes
configure:28530: checking for mismatched boost c++11 scoped enums
configure:28558: g++ -std=c++11 -o conftest -g -O2 -Wall -Wextra -Wformat -Wvla -Wformat-security -Wno-unused-parameter  -DHAVE_BUILD_INFO -D__STDC_FORMAT_MACROS -DHAVE_QT5 -DBOOST_SP_USE_STD_ATOMIC -DBOOST_AC_USE_STD_ATOMIC -pthread -I/usr/include  conftest.cpp -L/usr/lib/x86_64-linux-gnu -lboost_system -lboost_filesystem -lboost_program_options -lboost_thread -lboost_chrono -lanl  >&5
conftest.cpp: In function 'int main()':
conftest.cpp:83:5: error: 'choke' was not declared in this scope
     choke;
     ^
configure:28558: $? = 1
configure: failed program was:
| /* confdefs.h */
| #define PACKAGE_NAME "Nodebase Core"
| #define PACKAGE_TARNAME "nodebase"
| #define PACKAGE_VERSION "2.0.2"
| #define PACKAGE_STRING "Nodebase Core 2.0.2"
| #define PACKAGE_BUGREPORT "nodebase.tech"
| #define PACKAGE_URL ""
| #define HAVE_CXX11 1
| #define STDC_HEADERS 1
| #define HAVE_SYS_TYPES_H 1
| #define HAVE_SYS_STAT_H 1
| #define HAVE_STDLIB_H 1
| #define HAVE_STRING_H 1
| #define HAVE_MEMORY_H 1
| #define HAVE_STRINGS_H 1
| #define HAVE_INTTYPES_H 1
| #define HAVE_STDINT_H 1
| #define HAVE_UNISTD_H 1
| #define HAVE_DLFCN_H 1
| #define LT_OBJDIR ".libs/"
| #define HAVE_PTHREAD_PRIO_INHERIT 1
| #define HAVE_PTHREAD 1
| #define HAVE_DECL_STRERROR_R 1
| #define HAVE_STRERROR_R 1
| #define STRERROR_R_CHAR_P 1
| #define HAVE_FUNC_ATTRIBUTE_VISIBILITY 1
| #define HAVE_ENDIAN_H 1
| #define HAVE_STDIO_H 1
| #define HAVE_STDLIB_H 1
| #define HAVE_UNISTD_H 1
| #define HAVE_STRINGS_H 1
| #define HAVE_SYS_TYPES_H 1
| #define HAVE_SYS_STAT_H 1
| #define HAVE_SYS_SELECT_H 1
| #define HAVE_SYS_PRCTL_H 1
| #define HAVE_GETADDRINFO_A 1
| #define HAVE_INET_PTON 1
| #define HAVE_DECL_STRNLEN 1
| #define HAVE_DECL_DAEMON 1
| #define HAVE_DECL_LE32TOH 1
| #define HAVE_DECL_LE64TOH 1
| #define HAVE_DECL_HTOLE32 1
| #define HAVE_DECL_HTOLE64 1
| #define HAVE_DECL_BE32TOH 1
| #define HAVE_DECL_BE64TOH 1
| #define HAVE_DECL_HTOBE32 1
| #define HAVE_DECL_HTOBE64 1
| #define HAVE_MSG_NOSIGNAL 1
| #define HAVE_MSG_DONTWAIT 1
| #define HAVE_MALLOC_INFO 1
| #define HAVE_MALLOPT_ARENA_MAX 1
| #define HAVE_VISIBILITY_ATTRIBUTE 1
| #define HAVE_THREAD_LOCAL 1
| #define HAVE_MINIUPNPC_MINIWGET_H 1
| #define HAVE_MINIUPNPC_MINIUPNPC_H 1
| #define HAVE_MINIUPNPC_UPNPCOMMANDS_H 1
| #define HAVE_MINIUPNPC_UPNPERRORS_H 1
| #define HAVE_BOOST /**/
| #define HAVE_BOOST_SYSTEM /**/
| #define HAVE_BOOST_FILESYSTEM /**/
| #define HAVE_BOOST_PROGRAM_OPTIONS /**/
| #define HAVE_BOOST_THREAD /**/
| #define HAVE_BOOST_CHRONO /**/
| #define HAVE_BOOST_UNIT_TEST_FRAMEWORK /**/
| /* end confdefs.h.  */
| 
|   #include <boost/config.hpp>
|   #include <boost/version.hpp>
|   #if !defined(BOOST_NO_SCOPED_ENUMS) && !defined(BOOST_NO_CXX11_SCOPED_ENUMS) && BOOST_VERSION < 105700
|   #define BOOST_NO_SCOPED_ENUMS
|   #define BOOST_NO_CXX11_SCOPED_ENUMS
|   #define CHECK
|   #endif
|   #include <boost/filesystem.hpp>
| 
| int
| main ()
| {
| 
|   #if defined(CHECK)
|     boost::filesystem::copy_file("foo", "bar");
|   #else
|     choke;
|   #endif
| 
|   ;
|   return 0;
| }
configure:28562: result: ok
configure:28594: g++ -std=c++11 -o conftest -g -O2 -Wall -Wextra -Wformat -Wvla -Wformat-security -Wno-unused-parameter  -DHAVE_BUILD_INFO -D__STDC_FORMAT_MACROS -DHAVE_QT5 -DBOOST_SP_USE_STD_ATOMIC -DBOOST_AC_USE_STD_ATOMIC -pthread -I/usr/include  conftest.cpp -L/usr/lib/x86_64-linux-gnu -lboost_system -lboost_filesystem -lboost_program_options -lboost_thread -lboost_chrono -lanl  >&5
configure:28594: $? = 0
configure:28656: checking for SSL
configure:28663: $PKG_CONFIG --exists --print-errors "libssl"
configure:28666: $? = 0
configure:28680: $PKG_CONFIG --exists --print-errors "libssl"
configure:28683: $? = 0
configure:28721: result: yes
configure:28727: checking for CRYPTO
configure:28734: $PKG_CONFIG --exists --print-errors "libcrypto"
configure:28737: $? = 0
configure:28751: $PKG_CONFIG --exists --print-errors "libcrypto"
configure:28754: $? = 0
configure:28792: result: yes
configure:28801: checking for PROTOBUF
configure:28808: $PKG_CONFIG --exists --print-errors "protobuf"
configure:28811: $? = 0
configure:28825: $PKG_CONFIG --exists --print-errors "protobuf"
configure:28828: $? = 0
configure:28888: result: yes
configure:28903: checking for QR
configure:28910: $PKG_CONFIG --exists --print-errors "libqrencode"
configure:28913: $? = 0
configure:28927: $PKG_CONFIG --exists --print-errors "libqrencode"
configure:28930: $? = 0
configure:28968: result: yes
configure:28981: checking for EVENT
configure:28988: $PKG_CONFIG --exists --print-errors "libevent"
configure:28991: $? = 0
configure:29005: $PKG_CONFIG --exists --print-errors "libevent"
configure:29008: $? = 0
configure:29046: result: yes
configure:29053: checking for EVENT_PTHREADS
configure:29060: $PKG_CONFIG --exists --print-errors "libevent_pthreads"
configure:29063: $? = 0
configure:29077: $PKG_CONFIG --exists --print-errors "libevent_pthreads"
configure:29080: $? = 0
configure:29118: result: yes
configure:29128: checking for ZMQ
configure:29135: $PKG_CONFIG --exists --print-errors "libzmq >= 4"
Package libzmq was not found in the pkg-config search path.
Perhaps you should add the directory containing `libzmq.pc'
to the PKG_CONFIG_PATH environment variable
No package 'libzmq' found
configure:29138: $? = 1
configure:29152: $PKG_CONFIG --exists --print-errors "libzmq >= 4"
Package libzmq was not found in the pkg-config search path.
Perhaps you should add the directory containing `libzmq.pc'
to the PKG_CONFIG_PATH environment variable
No package 'libzmq' found
configure:29155: $? = 1
configure:29169: result: no
No package 'libzmq' found
configure:29188: WARNING: libzmq version 4.x or greater not found, disabling
configure:29762: checking openssl/ec.h usability
configure:29762: g++ -std=c++11 -c -g -O2 -Wall -Wextra -Wformat -Wvla -Wformat-security -Wno-unused-parameter  -DHAVE_BUILD_INFO -D__STDC_FORMAT_MACROS -DHAVE_QT5 conftest.cpp >&5
configure:29762: $? = 0
configure:29762: result: yes
configure:29762: checking openssl/ec.h presence
configure:29762: g++ -std=c++11 -E  -DHAVE_BUILD_INFO -D__STDC_FORMAT_MACROS -DHAVE_QT5 conftest.cpp
configure:29762: $? = 0
configure:29762: result: yes
configure:29762: checking for openssl/ec.h
configure:29762: result: yes
configure:29829: checking for protoc
configure:29847: found /usr/bin/protoc
configure:29859: result: /usr/bin/protoc
configure:29893: checking whether to build nodebased
configure:29903: result: yes
configure:29906: checking whether to build utils (nodebase-cli nodebase-tx)
configure:29916: result: yes
configure:29919: checking whether to build libraries
configure:29934: result: no
configure:29945: checking if ccache should be used
configure:29958: result: no
configure:29999: checking if wallet should be enabled
configure:30002: result: yes
configure:30015: checking whether to build with support for UPnP
configure:30025: result: yes
configure:30027: checking whether to build with UPnP enabled by default
configure:30035: result: no
configure:30053: checking whether to build GUI with support for D-Bus
configure:30060: result: yes
configure:30063: checking whether to build GUI with support for QR codes
configure:30073: result: yes
configure:30090: checking whether to build test_nodebase-qt
configure:30093: result: yes
configure:30111: checking whether to build test_nodebase
configure:30114: result: yes
configure:30122: checking whether to reduce exports
configure:30128: result: no
configure:30452: checking that generated files are newer than configure
configure:30458: result: done
configure:30570: creating ./config.status

## ---------------------- ##
## Running config.status. ##
## ---------------------- ##

This file was extended by Nodebase Core config.status 2.0.2, which was
generated by GNU Autoconf 2.69.  Invocation command line was

  CONFIG_FILES    = 
  CONFIG_HEADERS  = 
  CONFIG_LINKS    = 
  CONFIG_COMMANDS = 
  $ ./config.status 

on alphalab-MacBookPro

config.status:1386: creating Makefile
config.status:1386: creating src/Makefile
config.status:1386: creating share/setup.nsi
config.status:1386: creating share/qt/Info.plist
config.status:1386: creating src/test/buildenv.py
config.status:1386: creating qa/pull-tester/run-bitcoind-for-test.sh
config.status:1386: creating qa/pull-tester/tests-config.sh
config.status:1386: creating contrib/devtools/split-debug.sh
config.status:1386: creating doc/Doxyfile
config.status:1386: creating src/config/nodebase-config.h
config.status:1615: executing depfiles commands
config.status:1615: executing libtool commands
configure:33055: === configuring in src/univalue (/workspaces/eclipse/nodebase/nodebase-build/NodeBaseCoin/src/univalue)
configure:33118: running /bin/bash ./configure --disable-option-checking '--prefix=/usr/local'  'PKG_CONFIG_PATH=:/usr/local/lib/pkgconfig' '--disable-shared' '--with-pic' --cache-file=/dev/null --srcdir=.
configure:33055: === configuring in src/secp256k1 (/workspaces/eclipse/nodebase/nodebase-build/NodeBaseCoin/src/secp256k1)
configure:33118: running /bin/bash ./configure --disable-option-checking '--prefix=/usr/local'  'PKG_CONFIG_PATH=:/usr/local/lib/pkgconfig' '--disable-shared' '--with-pic' --cache-file=/dev/null --srcdir=.
configure:33137: result: Fixing libtool for -rpath problems.

## ---------------- ##
## Cache variables. ##
## ---------------- ##

ac_cv_build=x86_64-pc-linux-gnu
ac_cv_c_bigendian=no
ac_cv_c_compiler_gnu=yes
ac_cv_cxx_compiler_gnu=yes
ac_cv_env_ARFLAGS_set=
ac_cv_env_ARFLAGS_value=
ac_cv_env_BDB_CFLAGS_set=
ac_cv_env_BDB_CFLAGS_value=
ac_cv_env_BDB_LIBS_set=
ac_cv_env_BDB_LIBS_value=
ac_cv_env_CCC_set=
ac_cv_env_CCC_value=
ac_cv_env_CC_set=
ac_cv_env_CC_value=
ac_cv_env_CFLAGS_set=
ac_cv_env_CFLAGS_value=
ac_cv_env_CPPFLAGS_set=
ac_cv_env_CPPFLAGS_value=
ac_cv_env_CPP_set=
ac_cv_env_CPP_value=
ac_cv_env_CRYPTO_CFLAGS_set=
ac_cv_env_CRYPTO_CFLAGS_value=
ac_cv_env_CRYPTO_LIBS_set=
ac_cv_env_CRYPTO_LIBS_value=
ac_cv_env_CXXCPP_set=
ac_cv_env_CXXCPP_value=
ac_cv_env_CXXFLAGS_set=
ac_cv_env_CXXFLAGS_value=
ac_cv_env_CXX_set=
ac_cv_env_CXX_value=
ac_cv_env_EVENT_CFLAGS_set=
ac_cv_env_EVENT_CFLAGS_value=
ac_cv_env_EVENT_LIBS_set=
ac_cv_env_EVENT_LIBS_value=
ac_cv_env_EVENT_PTHREADS_CFLAGS_set=
ac_cv_env_EVENT_PTHREADS_CFLAGS_value=
ac_cv_env_EVENT_PTHREADS_LIBS_set=
ac_cv_env_EVENT_PTHREADS_LIBS_value=
ac_cv_env_LDFLAGS_set=
ac_cv_env_LDFLAGS_value=
ac_cv_env_LIBS_set=
ac_cv_env_LIBS_value=
ac_cv_env_LT_SYS_LIBRARY_PATH_set=
ac_cv_env_LT_SYS_LIBRARY_PATH_value=
ac_cv_env_OBJCXXFLAGS_set=
ac_cv_env_OBJCXXFLAGS_value=
ac_cv_env_OBJCXX_set=
ac_cv_env_OBJCXX_value=
ac_cv_env_PKG_CONFIG_LIBDIR_set=
ac_cv_env_PKG_CONFIG_LIBDIR_value=
ac_cv_env_PKG_CONFIG_PATH_set=set
ac_cv_env_PKG_CONFIG_PATH_value=:/usr/local/lib/pkgconfig
ac_cv_env_PKG_CONFIG_set=
ac_cv_env_PKG_CONFIG_value=
ac_cv_env_PROTOBUF_CFLAGS_set=
ac_cv_env_PROTOBUF_CFLAGS_value=
ac_cv_env_PROTOBUF_LIBS_set=
ac_cv_env_PROTOBUF_LIBS_value=
ac_cv_env_PYTHONPATH_set=
ac_cv_env_PYTHONPATH_value=
ac_cv_env_QR_CFLAGS_set=
ac_cv_env_QR_CFLAGS_value=
ac_cv_env_QR_LIBS_set=
ac_cv_env_QR_LIBS_value=
ac_cv_env_QT4_CFLAGS_set=
ac_cv_env_QT4_CFLAGS_value=
ac_cv_env_QT4_LIBS_set=
ac_cv_env_QT4_LIBS_value=
ac_cv_env_QT5_CFLAGS_set=
ac_cv_env_QT5_CFLAGS_value=
ac_cv_env_QT5_LIBS_set=
ac_cv_env_QT5_LIBS_value=
ac_cv_env_QTPRINT_CFLAGS_set=
ac_cv_env_QTPRINT_CFLAGS_value=
ac_cv_env_QTPRINT_LIBS_set=
ac_cv_env_QTPRINT_LIBS_value=
ac_cv_env_QTXCBQPA_CFLAGS_set=
ac_cv_env_QTXCBQPA_CFLAGS_value=
ac_cv_env_QTXCBQPA_LIBS_set=
ac_cv_env_QTXCBQPA_LIBS_value=
ac_cv_env_QT_DBUS_CFLAGS_set=
ac_cv_env_QT_DBUS_CFLAGS_value=
ac_cv_env_QT_DBUS_LIBS_set=
ac_cv_env_QT_DBUS_LIBS_value=
ac_cv_env_QT_TEST_CFLAGS_set=
ac_cv_env_QT_TEST_CFLAGS_value=
ac_cv_env_QT_TEST_LIBS_set=
ac_cv_env_QT_TEST_LIBS_value=
ac_cv_env_SSL_CFLAGS_set=
ac_cv_env_SSL_CFLAGS_value=
ac_cv_env_SSL_LIBS_set=
ac_cv_env_SSL_LIBS_value=
ac_cv_env_UNIVALUE_CFLAGS_set=
ac_cv_env_UNIVALUE_CFLAGS_value=
ac_cv_env_UNIVALUE_LIBS_set=
ac_cv_env_UNIVALUE_LIBS_value=
ac_cv_env_X11XCB_CFLAGS_set=
ac_cv_env_X11XCB_CFLAGS_value=
ac_cv_env_X11XCB_LIBS_set=
ac_cv_env_X11XCB_LIBS_value=
ac_cv_env_ZMQ_CFLAGS_set=
ac_cv_env_ZMQ_CFLAGS_value=
ac_cv_env_ZMQ_LIBS_set=
ac_cv_env_ZMQ_LIBS_value=
ac_cv_env_build_alias_set=
ac_cv_env_build_alias_value=
ac_cv_env_host_alias_set=
ac_cv_env_host_alias_value=
ac_cv_env_target_alias_set=
ac_cv_env_target_alias_value=
ac_cv_func_strerror_r=yes
ac_cv_func_strerror_r_char_p=yes
ac_cv_have_decl_be32toh=yes
ac_cv_have_decl_be64toh=yes
ac_cv_have_decl_daemon=yes
ac_cv_have_decl_htobe32=yes
ac_cv_have_decl_htobe64=yes
ac_cv_have_decl_htole32=yes
ac_cv_have_decl_htole64=yes
ac_cv_have_decl_le32toh=yes
ac_cv_have_decl_le64toh=yes
ac_cv_have_decl_strerror_r=yes
ac_cv_have_decl_strnlen=yes
ac_cv_header_dlfcn_h=yes
ac_cv_header_endian_h=yes
ac_cv_header_inttypes_h=yes
ac_cv_header_memory_h=yes
ac_cv_header_miniupnpc_miniupnpc_h=yes
ac_cv_header_miniupnpc_miniwget_h=yes
ac_cv_header_miniupnpc_upnpcommands_h=yes
ac_cv_header_miniupnpc_upnperrors_h=yes
ac_cv_header_openssl_ec_h=yes
ac_cv_header_stdc=yes
ac_cv_header_stdint_h=yes
ac_cv_header_stdio_h=yes
ac_cv_header_stdlib_h=yes
ac_cv_header_string_h=yes
ac_cv_header_strings_h=yes
ac_cv_header_sys_prctl_h=yes
ac_cv_header_sys_select_h=yes
ac_cv_header_sys_stat_h=yes
ac_cv_header_sys_types_h=yes
ac_cv_header_unistd_h=yes
ac_cv_host=x86_64-pc-linux-gnu
ac_cv_lib_boost_chrono___exit=yes
ac_cv_lib_boost_filesystem___exit=yes
ac_cv_lib_boost_program_options___exit=yes
ac_cv_lib_boost_system___exit=yes
ac_cv_lib_boost_thread___exit=yes
ac_cv_lib_db_cxx_4_8___main=yes
ac_cv_lib_miniupnpc_main=yes
ac_cv_objcxx_compiler_gnu=no
ac_cv_objext=o
ac_cv_path_EGREP='/bin/grep -E'
ac_cv_path_FGREP='/bin/grep -F'
ac_cv_path_GIT=/usr/bin/git
ac_cv_path_GREP=/bin/grep
ac_cv_path_HEXDUMP=/usr/bin/hexdump
ac_cv_path_LRELEASE=/usr/lib/x86_64-linux-gnu/qt5/bin/lrelease
ac_cv_path_LUPDATE=/usr/lib/x86_64-linux-gnu/qt5/bin/lupdate
ac_cv_path_MOC=/usr/lib/x86_64-linux-gnu/qt5/bin/moc
ac_cv_path_PROTOC=/usr/bin/protoc
ac_cv_path_PYTHON=/usr/bin/python3.5
ac_cv_path_RCC=/usr/lib/x86_64-linux-gnu/qt5/bin/rcc
ac_cv_path_SED=/bin/sed
ac_cv_path_UIC=/usr/lib/x86_64-linux-gnu/qt5/bin/uic
ac_cv_path_XGETTEXT=/usr/bin/xgettext
ac_cv_path_ac_pt_AR=/usr/bin/ar
ac_cv_path_ac_pt_CPPFILT=/usr/bin/c++filt
ac_cv_path_ac_pt_GCOV=/usr/bin/gcov
ac_cv_path_ac_pt_OBJCOPY=/usr/bin/objcopy
ac_cv_path_ac_pt_PKG_CONFIG=/usr/bin/pkg-config
ac_cv_path_ac_pt_RANLIB=/usr/bin/ranlib
ac_cv_path_ac_pt_READELF=/usr/bin/readelf
ac_cv_path_ac_pt_STRIP=/usr/bin/strip
ac_cv_path_install='/usr/bin/install -c'
ac_cv_path_lt_DD=/bin/dd
ac_cv_path_mkdir=/bin/mkdir
ac_cv_prog_AWK=gawk
ac_cv_prog_CPP='gcc -E'
ac_cv_prog_CXXCPP='g++ -std=c++11 -E'
ac_cv_prog_ac_ct_AR=ar
ac_cv_prog_ac_ct_CC=gcc
ac_cv_prog_ac_ct_CXX=g++
ac_cv_prog_ac_ct_MANIFEST_TOOL=mt
ac_cv_prog_ac_ct_OBJDUMP=objdump
ac_cv_prog_ac_ct_RANLIB=ranlib
ac_cv_prog_ac_ct_STRIP=strip
ac_cv_prog_cc_c89=
ac_cv_prog_cc_g=yes
ac_cv_prog_cxx_g=yes
ac_cv_prog_make_make_set=yes
ac_cv_prog_objcxx_g=no
ac_cv_search_clock_gettime='none required'
ac_cv_search_getaddrinfo_a=-lanl
ac_cv_search_inet_pton='none required'
ac_cv_sys_file_offset_bits=no
ac_cv_sys_largefile_CC=no
am_cv_CC_dependencies_compiler_type=gcc3
am_cv_CXX_dependencies_compiler_type=gcc3
am_cv_OBJCXX_dependencies_compiler_type=gcc3
am_cv_make_support_nested_variables=yes
am_cv_prog_cc_c_o=yes
ax_cv_PTHREAD_CLANG=no
ax_cv_PTHREAD_JOINABLE_ATTR=PTHREAD_CREATE_JOINABLE
ax_cv_PTHREAD_PRIO_INHERIT=yes
ax_cv_PTHREAD_SPECIAL_FLAGS=no
ax_cv_boost_chrono=yes
ax_cv_boost_filesystem=yes
ax_cv_boost_program_options=yes
ax_cv_boost_system=yes
ax_cv_boost_thread=yes
ax_cv_boost_unit_test_framework=yes
ax_cv_check_cxxcppflags___D_FORTIFY_SOURCE_2=yes
ax_cv_check_cxxcppflags___U_FORTIFY_SOURCE=yes
ax_cv_check_cxxflags__Wall=yes
ax_cv_check_cxxflags__Wdeprecated_register=no
ax_cv_check_cxxflags__Wextra=yes
ax_cv_check_cxxflags__Wformat=yes
ax_cv_check_cxxflags__Wformat_security=yes
ax_cv_check_cxxflags__Wimplicit_fallthrough=no
ax_cv_check_cxxflags__Wself_assign=no
ax_cv_check_cxxflags__Wthread_safety_analysis=no
ax_cv_check_cxxflags__Wunused_local_typedef=no
ax_cv_check_cxxflags__Wunused_parameter=yes
ax_cv_check_cxxflags__Wvla=yes
ax_cv_check_cxxflags___Werror=yes
ax_cv_check_cxxflags___Wstack_protector=yes
ax_cv_check_cxxflags___fPIC=yes
ax_cv_check_cxxflags___fstack_protector_all=yes
ax_cv_check_ldflags___Wl___dynamicbase=no
ax_cv_check_ldflags___Wl___high_entropy_va=no
ax_cv_check_ldflags___Wl___large_address_aware=no
ax_cv_check_ldflags___Wl___nxcompat=no
ax_cv_check_ldflags___Wl__z_now=yes
ax_cv_check_ldflags___Wl__z_relro=yes
ax_cv_check_ldflags___pic=no
ax_cv_cxx_compile_cxx11__std_cpp11=yes
ax_cv_have_func_attribute_dllexport=no
ax_cv_have_func_attribute_dllimport=no
ax_cv_have_func_attribute_visibility=yes
bitcoin_cv_static_qt=no
lt_cv_ar_at_file=@
lt_cv_archive_cmds_need_lc=no
lt_cv_deplibs_check_method=pass_all
lt_cv_file_magic_cmd='$MAGIC_CMD'
lt_cv_file_magic_test_file=
lt_cv_ld_reload_flag=-r
lt_cv_nm_interface='BSD nm'
lt_cv_objdir=.libs
lt_cv_path_LD=/usr/bin/ld
lt_cv_path_LDCXX='/usr/bin/ld -m elf_x86_64'
lt_cv_path_NM='/usr/bin/nm -B'
lt_cv_path_mainfest_tool=no
lt_cv_prog_compiler_c_o=yes
lt_cv_prog_compiler_c_o_CXX=yes
lt_cv_prog_compiler_pic='-fPIC -DPIC'
lt_cv_prog_compiler_pic_CXX='-fPIC -DPIC'
lt_cv_prog_compiler_pic_works=yes
lt_cv_prog_compiler_pic_works_CXX=yes
lt_cv_prog_compiler_rtti_exceptions=no
lt_cv_prog_compiler_static_works=yes
lt_cv_prog_compiler_static_works_CXX=yes
lt_cv_prog_gnu_ld=yes
lt_cv_prog_gnu_ldcxx=yes
lt_cv_sharedlib_from_linklib_cmd='printf %s\n'
lt_cv_shlibpath_overrides_runpath=no
lt_cv_sys_global_symbol_pipe='sed -n -e '\''s/^.*[	 ]\([ABCDGIRSTW][ABCDGIRSTW]*\)[	 ][	 ]*\([_A-Za-z][_A-Za-z0-9]*\)$/\1 \2 \2/p'\'' | sed '\''/ __gnu_lto/d'\'''
lt_cv_sys_global_symbol_to_c_name_address='sed -n -e '\''s/^: \(.*\) .*$/  {"\1", (void *) 0},/p'\'' -e '\''s/^[ABCDGIRSTW][ABCDGIRSTW]* .* \(.*\)$/  {"\1", (void *) \&\1},/p'\'''
lt_cv_sys_global_symbol_to_c_name_address_lib_prefix='sed -n -e '\''s/^: \(.*\) .*$/  {"\1", (void *) 0},/p'\'' -e '\''s/^[ABCDGIRSTW][ABCDGIRSTW]* .* \(lib.*\)$/  {"\1", (void *) \&\1},/p'\'' -e '\''s/^[ABCDGIRSTW][ABCDGIRSTW]* .* \(.*\)$/  {"lib\1", (void *) \&\1},/p'\'''
lt_cv_sys_global_symbol_to_cdecl='sed -n -e '\''s/^T .* \(.*\)$/extern int \1();/p'\'' -e '\''s/^[ABCDGIRSTW][ABCDGIRSTW]* .* \(.*\)$/extern char \1;/p'\'''
lt_cv_sys_global_symbol_to_import=
lt_cv_sys_max_cmd_len=1572864
lt_cv_to_host_file_cmd=func_convert_file_noop
lt_cv_to_tool_file_cmd=func_convert_file_noop
lt_cv_truncate_bin='/bin/dd bs=4096 count=1'
pkg_cv_CRYPTO_CFLAGS=
pkg_cv_CRYPTO_LIBS=-lcrypto
pkg_cv_EVENT_CFLAGS=
pkg_cv_EVENT_LIBS=-levent
pkg_cv_EVENT_PTHREADS_CFLAGS=-pthread
pkg_cv_EVENT_PTHREADS_LIBS='-levent_pthreads -levent'
pkg_cv_PROTOBUF_CFLAGS=-pthread
pkg_cv_PROTOBUF_LIBS='-lprotobuf -pthread -lpthread'
pkg_cv_QR_CFLAGS=
pkg_cv_QR_LIBS=-lqrencode
pkg_cv_QT5_CFLAGS='-I/usr/include/x86_64-linux-gnu/qt5/QtNetwork -I/usr/include/x86_64-linux-gnu/qt5 -I/usr/include/x86_64-linux-gnu/qt5/QtWidgets -I/usr/include/x86_64-linux-gnu/qt5 -I/usr/include/x86_64-linux-gnu/qt5/QtGui -I/usr/include/x86_64-linux-gnu/qt5 -I/usr/include/x86_64-linux-gnu/qt5/QtCore -I/usr/include/x86_64-linux-gnu/qt5'
pkg_cv_QT5_LIBS='-lQt5Network -lQt5Widgets -lQt5Gui -lQt5Core'
pkg_cv_QT_DBUS_CFLAGS='-I/usr/include/x86_64-linux-gnu/qt5/QtDBus -I/usr/include/x86_64-linux-gnu/qt5 -I/usr/include/x86_64-linux-gnu/qt5/QtCore -I/usr/include/x86_64-linux-gnu/qt5'
pkg_cv_QT_DBUS_LIBS='-lQt5DBus -lQt5Core'
pkg_cv_QT_TEST_CFLAGS='-I/usr/include/x86_64-linux-gnu/qt5/QtTest -I/usr/include/x86_64-linux-gnu/qt5 -I/usr/include/x86_64-linux-gnu/qt5/QtCore -I/usr/include/x86_64-linux-gnu/qt5'
pkg_cv_QT_TEST_LIBS='-lQt5Test -lQt5Core'
pkg_cv_SSL_CFLAGS=
pkg_cv_SSL_LIBS=-lssl

## ----------------- ##
## Output variables. ##
## ----------------- ##

ACLOCAL='${SHELL} /workspaces/eclipse/nodebase/nodebase-build/NodeBaseCoin/build-aux/missing aclocal-1.15'
AMDEPBACKSLASH='\'
AMDEP_FALSE='#'
AMDEP_TRUE=''
AMTAR='$${TAR-tar}'
AM_BACKSLASH='\'
AM_DEFAULT_V='$(AM_DEFAULT_VERBOSITY)'
AM_DEFAULT_VERBOSITY='0'
AM_V='$(V)'
AR='/usr/bin/ar'
ARFLAGS='cr'
AUTOCONF='${SHELL} /workspaces/eclipse/nodebase/nodebase-build/NodeBaseCoin/build-aux/missing autoconf'
AUTOHEADER='${SHELL} /workspaces/eclipse/nodebase/nodebase-build/NodeBaseCoin/build-aux/missing autoheader'
AUTOMAKE='${SHELL} /workspaces/eclipse/nodebase/nodebase-build/NodeBaseCoin/build-aux/missing automake-1.15'
AWK='gawk'
BDB_CFLAGS=''
BDB_CPPFLAGS=''
BDB_LIBS='-ldb_cxx-4.8'
BITCOIN_CLI_NAME='nodebase-cli'
BITCOIN_DAEMON_NAME='nodebased'
BITCOIN_GUI_NAME='nodebase-qt'
BITCOIN_TX_NAME='nodebase-tx'
BOOST_CHRONO_LIB='-lboost_chrono'
BOOST_CPPFLAGS='-DBOOST_SP_USE_STD_ATOMIC -DBOOST_AC_USE_STD_ATOMIC -pthread -I/usr/include'
BOOST_FILESYSTEM_LIB='-lboost_filesystem'
BOOST_LDFLAGS='-L/usr/lib/x86_64-linux-gnu'
BOOST_LIBS='-L/usr/lib/x86_64-linux-gnu -lboost_system -lboost_filesystem -lboost_program_options -lboost_thread -lboost_chrono'
BOOST_PROGRAM_OPTIONS_LIB='-lboost_program_options'
BOOST_SYSTEM_LIB='-lboost_system'
BOOST_THREAD_LIB='-lboost_thread'
BOOST_UNIT_TEST_FRAMEWORK_LIB='-lboost_unit_test_framework'
BREW=''
BUILD_BITCOIND_FALSE='#'
BUILD_BITCOIND_TRUE=''
BUILD_BITCOIN_LIBS_FALSE=''
BUILD_BITCOIN_LIBS_TRUE='#'
BUILD_BITCOIN_UTILS_FALSE='#'
BUILD_BITCOIN_UTILS_TRUE=''
BUILD_DARWIN_FALSE=''
BUILD_DARWIN_TRUE='#'
BUILD_QT='qt'
BUILD_TEST='test'
BUILD_TEST_QT='test'
CC='gcc'
CCACHE=''
CCDEPMODE='depmode=gcc3'
CFLAGS='-g -O2'
CLIENT_VERSION_BUILD='0'
CLIENT_VERSION_IS_RELEASE='true'
CLIENT_VERSION_MAJOR='2'
CLIENT_VERSION_MINOR='0'
CLIENT_VERSION_REVISION='2'
COMPARISON_TOOL_REORG_TESTS='0'
COPYRIGHT_YEAR='2018'
CPP='gcc -E'
CPPFILT='/usr/bin/c++filt'
CPPFLAGS=' -DHAVE_BUILD_INFO -D__STDC_FORMAT_MACROS -DHAVE_QT5'
CRYPTO_CFLAGS=''
CRYPTO_LIBS='-lcrypto'
CXX='g++ -std=c++11'
CXXCPP='g++ -std=c++11 -E'
CXXDEPMODE='depmode=gcc3'
CXXFLAGS='-g -O2 -Wall -Wextra -Wformat -Wvla -Wformat-security -Wno-unused-parameter'
CYGPATH_W='echo'
DEFS='-DHAVE_CONFIG_H'
DEPDIR='.deps'
DLLTOOL='false'
DSYMUTIL=''
DUMPBIN=''
ECHO_C=''
ECHO_N='-n'
ECHO_T=''
EGREP='/bin/grep -E'
EMBEDDED_LEVELDB_FALSE='#'
EMBEDDED_LEVELDB_TRUE=''
EMBEDDED_UNIVALUE_FALSE='#'
EMBEDDED_UNIVALUE_TRUE=''
ENABLE_QT_FALSE='#'
ENABLE_QT_TESTS_FALSE='#'
ENABLE_QT_TESTS_TRUE=''
ENABLE_QT_TRUE=''
ENABLE_TESTS_FALSE='#'
ENABLE_TESTS_TRUE=''
ENABLE_WALLET_FALSE='#'
ENABLE_WALLET_TRUE=''
ENABLE_ZMQ_FALSE=''
ENABLE_ZMQ_TRUE='#'
ERROR_CXXFLAGS=''
EVENT_CFLAGS=''
EVENT_LIBS='-levent'
EVENT_PTHREADS_CFLAGS='-pthread'
EVENT_PTHREADS_LIBS='-levent_pthreads -levent'
EXEEXT=''
FGREP='/bin/grep -F'
GCOV='/usr/bin/gcov'
GENHTML=''
GENISOIMAGE=''
GIT='/usr/bin/git'
GLIBC_BACK_COMPAT_FALSE=''
GLIBC_BACK_COMPAT_TRUE='#'
GREP='/bin/grep'
HARDENED_CPPFLAGS=' -U_FORTIFY_SOURCE -D_FORTIFY_SOURCE=2'
HARDENED_CXXFLAGS=' -Wstack-protector -fstack-protector-all'
HARDENED_LDFLAGS=' -Wl,-z,relro -Wl,-z,now'
HARDEN_FALSE='#'
HARDEN_TRUE=''
HAVE_CXX11='1'
HAVE_QT5_FALSE='#'
HAVE_QT5_TRUE=''
HEXDUMP='/usr/bin/hexdump'
IMAGEMAGICK_CONVERT=''
INSTALLNAMETOOL=''
INSTALL_DATA='${INSTALL} -m 644'
INSTALL_PROGRAM='${INSTALL}'
INSTALL_SCRIPT='${INSTALL}'
INSTALL_STRIP_PROGRAM='$(install_sh) -c -s'
JAVA_COMPARISON_TOOL=''
LCOV=''
LD='/usr/bin/ld -m elf_x86_64'
LDFLAGS=''
LEVELDB_CPPFLAGS=''
LEVELDB_TARGET_FLAGS=''
LIBLEVELDB=''
LIBMEMENV=''
LIBOBJS=''
LIBS='-lanl '
LIBTOOL='$(SHELL) $(top_builddir)/libtool'
LIBTOOL_APP_LDFLAGS=''
LIPO=''
LN_S='ln -s'
LRELEASE='/usr/lib/x86_64-linux-gnu/qt5/bin/lrelease'
LTLIBOBJS=''
LT_SYS_LIBRARY_PATH=''
LUPDATE='/usr/lib/x86_64-linux-gnu/qt5/bin/lupdate'
MAINT=''
MAINTAINER_MODE_FALSE='#'
MAINTAINER_MODE_TRUE=''
MAKEINFO='${SHELL} /workspaces/eclipse/nodebase/nodebase-build/NodeBaseCoin/build-aux/missing makeinfo'
MAKENSIS=''
MANIFEST_TOOL=':'
MINIUPNPC_CPPFLAGS=''
MINIUPNPC_LIBS='-lminiupnpc'
MKDIR_P='/bin/mkdir -p'
MOC='/usr/lib/x86_64-linux-gnu/qt5/bin/moc'
MOC_DEFS='-DHAVE_CONFIG_H -I$(srcdir)'
NM='/usr/bin/nm -B'
NMEDIT=''
OBJCOPY='/usr/bin/objcopy'
OBJCXX='g++ -std=c++11'
OBJCXXDEPMODE='depmode=gcc3'
OBJCXXFLAGS=''
OBJDUMP='objdump'
OBJEXT='o'
OTOOL64=''
OTOOL=''
PACKAGE='nodebase'
PACKAGE_BUGREPORT='nodebase.tech'
PACKAGE_NAME='Nodebase Core'
PACKAGE_STRING='Nodebase Core 2.0.2'
PACKAGE_TARNAME='nodebase'
PACKAGE_URL=''
PACKAGE_VERSION='2.0.2'
PATH_SEPARATOR=':'
PIC_FLAGS='-fPIC'
PIE_FLAGS='-fPIC'
PKG_CONFIG='/usr/bin/pkg-config'
PKG_CONFIG_LIBDIR=''
PKG_CONFIG_PATH=':/usr/local/lib/pkgconfig'
PORT=''
PROTOBUF_CFLAGS='-pthread'
PROTOBUF_LIBS='-lprotobuf -pthread -lpthread'
PROTOC='/usr/bin/protoc'
PTHREAD_CC='gcc'
PTHREAD_CFLAGS='-pthread'
PTHREAD_LIBS=''
PYTHON='/usr/bin/python3.5'
PYTHONPATH=''
QR_CFLAGS=''
QR_LIBS='-lqrencode'
QT4_CFLAGS=''
QT4_LIBS=''
QT5_CFLAGS='-I/usr/include/x86_64-linux-gnu/qt5/QtNetwork -I/usr/include/x86_64-linux-gnu/qt5 -I/usr/include/x86_64-linux-gnu/qt5/QtWidgets -I/usr/include/x86_64-linux-gnu/qt5 -I/usr/include/x86_64-linux-gnu/qt5/QtGui -I/usr/include/x86_64-linux-gnu/qt5 -I/usr/include/x86_64-linux-gnu/qt5/QtCore -I/usr/include/x86_64-linux-gnu/qt5'
QT5_LIBS='-lQt5Network -lQt5Widgets -lQt5Gui -lQt5Core'
QTPRINT_CFLAGS=''
QTPRINT_LIBS=''
QTXCBQPA_CFLAGS=''
QTXCBQPA_LIBS=''
QT_DBUS_CFLAGS='-I/usr/include/x86_64-linux-gnu/qt5/QtDBus -I/usr/include/x86_64-linux-gnu/qt5 -I/usr/include/x86_64-linux-gnu/qt5/QtCore -I/usr/include/x86_64-linux-gnu/qt5'
QT_DBUS_INCLUDES='-I/usr/include/x86_64-linux-gnu/qt5/QtDBus -I/usr/include/x86_64-linux-gnu/qt5 -I/usr/include/x86_64-linux-gnu/qt5/QtCore -I/usr/include/x86_64-linux-gnu/qt5'
QT_DBUS_LIBS='-lQt5DBus -lQt5Core'
QT_INCLUDES='-I/usr/include/x86_64-linux-gnu/qt5/QtNetwork -I/usr/include/x86_64-linux-gnu/qt5 -I/usr/include/x86_64-linux-gnu/qt5/QtWidgets -I/usr/include/x86_64-linux-gnu/qt5 -I/usr/include/x86_64-linux-gnu/qt5/QtGui -I/usr/include/x86_64-linux-gnu/qt5 -I/usr/include/x86_64-linux-gnu/qt5/QtCore -I/usr/include/x86_64-linux-gnu/qt5'
QT_LDFLAGS=''
QT_LIBS='-lQt5Network -lQt5Widgets -lQt5Gui -lQt5Core'
QT_PIE_FLAGS='-fPIC'
QT_SELECT='qt5'
QT_TEST_CFLAGS='-I/usr/include/x86_64-linux-gnu/qt5/QtTest -I/usr/include/x86_64-linux-gnu/qt5 -I/usr/include/x86_64-linux-gnu/qt5/QtCore -I/usr/include/x86_64-linux-gnu/qt5'
QT_TEST_INCLUDES='-I/usr/include/x86_64-linux-gnu/qt5/QtTest -I/usr/include/x86_64-linux-gnu/qt5 -I/usr/include/x86_64-linux-gnu/qt5/QtCore -I/usr/include/x86_64-linux-gnu/qt5'
QT_TEST_LIBS='-lQt5Test -lQt5Core'
QT_TRANSLATION_DIR=''
RANLIB='/usr/bin/ranlib'
RCC='/usr/lib/x86_64-linux-gnu/qt5/bin/rcc'
READELF='/usr/bin/readelf'
RELDFLAGS=''
RSVG_CONVERT=''
SED='/bin/sed'
SET_MAKE=''
SHELL='/bin/bash'
SSL_CFLAGS=''
SSL_LIBS='-lssl'
STRIP='/usr/bin/strip'
TARGET_DARWIN_FALSE=''
TARGET_DARWIN_TRUE='#'
TARGET_WINDOWS_FALSE=''
TARGET_WINDOWS_TRUE='#'
TESTDEFS=' -DBOOST_TEST_DYN_LINK'
TIFFCP=''
UIC='/usr/lib/x86_64-linux-gnu/qt5/bin/uic'
UNIVALUE_CFLAGS='-I$(srcdir)/univalue/include'
UNIVALUE_LIBS='univalue/libunivalue.la'
USE_LCOV_FALSE=''
USE_LCOV_TRUE='#'
USE_LIBSECP256K1_FALSE=''
USE_LIBSECP256K1_TRUE='#'
USE_QRCODE=''
USE_QRCODE_FALSE='#'
USE_QRCODE_TRUE=''
USE_UPNP=''
VERSION='2.0.2'
WINDOWS_BITS=''
WINDRES=''
X11XCB_CFLAGS=''
X11XCB_LIBS=''
XGETTEXT='/usr/bin/xgettext'
ZMQ_CFLAGS=''
ZMQ_LIBS=''
ac_ct_AR='ar'
ac_ct_CC='gcc'
ac_ct_CXX='g++'
ac_ct_DUMPBIN=''
ac_ct_OBJCXX=''
am__EXEEXT_FALSE=''
am__EXEEXT_TRUE='#'
am__fastdepCC_FALSE='#'
am__fastdepCC_TRUE=''
am__fastdepCXX_FALSE='#'
am__fastdepCXX_TRUE=''
am__fastdepOBJCXX_FALSE='#'
am__fastdepOBJCXX_TRUE=''
am__include='include'
am__isrc=''
am__leading_dot='.'
am__nodep='_no'
am__quote=''
am__tar='$${TAR-tar} chof - "$$tardir"'
am__untar='$${TAR-tar} xf -'
ax_pthread_config=''
bindir='${exec_prefix}/bin'
build='x86_64-pc-linux-gnu'
build_alias=''
build_cpu='x86_64'
build_os='linux-gnu'
build_vendor='pc'
datadir='${datarootdir}'
datarootdir='${prefix}/share'
docdir='${datarootdir}/doc/${PACKAGE_TARNAME}'
dvidir='${docdir}'
exec_prefix='${prefix}'
host='x86_64-pc-linux-gnu'
host_alias=''
host_cpu='x86_64'
host_os='linux-gnu'
host_vendor='pc'
htmldir='${docdir}'
includedir='${prefix}/include'
infodir='${datarootdir}/info'
install_sh='${SHELL} /workspaces/eclipse/nodebase/nodebase-build/NodeBaseCoin/build-aux/install-sh'
libdir='${exec_prefix}/lib'
libexecdir='${exec_prefix}/libexec'
localedir='${datarootdir}/locale'
localstatedir='${prefix}/var'
mandir='${datarootdir}/man'
mkdir_p='$(MKDIR_P)'
oldincludedir='/usr/include'
pdfdir='${docdir}'
prefix='/usr/local'
program_transform_name='s,x,x,'
psdir='${docdir}'
runstatedir='${localstatedir}/run'
sbindir='${exec_prefix}/sbin'
sharedstatedir='${prefix}/com'
subdirs=' src/univalue src/secp256k1'
sysconfdir='${prefix}/etc'
target_alias=''

## ----------- ##
## confdefs.h. ##
## ----------- ##

/* confdefs.h */
#define PACKAGE_NAME "Nodebase Core"
#define PACKAGE_TARNAME "nodebase"
#define PACKAGE_VERSION "2.0.2"
#define PACKAGE_STRING "Nodebase Core 2.0.2"
#define PACKAGE_BUGREPORT "nodebase.tech"
#define PACKAGE_URL ""
#define HAVE_CXX11 1
#define STDC_HEADERS 1
#define HAVE_SYS_TYPES_H 1
#define HAVE_SYS_STAT_H 1
#define HAVE_STDLIB_H 1
#define HAVE_STRING_H 1
#define HAVE_MEMORY_H 1
#define HAVE_STRINGS_H 1
#define HAVE_INTTYPES_H 1
#define HAVE_STDINT_H 1
#define HAVE_UNISTD_H 1
#define HAVE_DLFCN_H 1
#define LT_OBJDIR ".libs/"
#define HAVE_PTHREAD_PRIO_INHERIT 1
#define HAVE_PTHREAD 1
#define HAVE_DECL_STRERROR_R 1
#define HAVE_STRERROR_R 1
#define STRERROR_R_CHAR_P 1
#define HAVE_FUNC_ATTRIBUTE_VISIBILITY 1
#define HAVE_ENDIAN_H 1
#define HAVE_STDIO_H 1
#define HAVE_STDLIB_H 1
#define HAVE_UNISTD_H 1
#define HAVE_STRINGS_H 1
#define HAVE_SYS_TYPES_H 1
#define HAVE_SYS_STAT_H 1
#define HAVE_SYS_SELECT_H 1
#define HAVE_SYS_PRCTL_H 1
#define HAVE_GETADDRINFO_A 1
#define HAVE_INET_PTON 1
#define HAVE_DECL_STRNLEN 1
#define HAVE_DECL_DAEMON 1
#define HAVE_DECL_LE32TOH 1
#define HAVE_DECL_LE64TOH 1
#define HAVE_DECL_HTOLE32 1
#define HAVE_DECL_HTOLE64 1
#define HAVE_DECL_BE32TOH 1
#define HAVE_DECL_BE64TOH 1
#define HAVE_DECL_HTOBE32 1
#define HAVE_DECL_HTOBE64 1
#define HAVE_MSG_NOSIGNAL 1
#define HAVE_MSG_DONTWAIT 1
#define HAVE_MALLOC_INFO 1
#define HAVE_MALLOPT_ARENA_MAX 1
#define HAVE_VISIBILITY_ATTRIBUTE 1
#define HAVE_THREAD_LOCAL 1
#define HAVE_MINIUPNPC_MINIWGET_H 1
#define HAVE_MINIUPNPC_MINIUPNPC_H 1
#define HAVE_MINIUPNPC_UPNPCOMMANDS_H 1
#define HAVE_MINIUPNPC_UPNPERRORS_H 1
#define HAVE_BOOST /**/
#define HAVE_BOOST_SYSTEM /**/
#define HAVE_BOOST_FILESYSTEM /**/
#define HAVE_BOOST_PROGRAM_OPTIONS /**/
#define HAVE_BOOST_THREAD /**/
#define HAVE_BOOST_CHRONO /**/
#define HAVE_BOOST_UNIT_TEST_FRAMEWORK /**/
#define HAVE_WORKING_BOOST_SLEEP_FOR 1
#define ENABLE_ZMQ 0
#define ENABLE_WALLET 1
#define USE_UPNP 0
#define USE_DBUS 1
#define USE_QRCODE 1
#define CLIENT_VERSION_MAJOR 2
#define CLIENT_VERSION_MINOR 0
#define CLIENT_VERSION_REVISION 2
#define CLIENT_VERSION_BUILD 0
#define CLIENT_VERSION_IS_RELEASE true
#define COPYRIGHT_YEAR 2018

configure: exit 0
